<?xml version="1.0" encoding="UTF-8"?>
<testsuite name="elastest.loganalyzer.es.client.repository.ProjectRepositoryTest" time="1.609" tests="4" errors="0" skipped="0" failures="0">
  <properties>
[...]
</properties>
  <testcase name="shouldReturnAddedId" classname="elastest.loganalyzer.es.client.repository.ProjectRepositoryTest" time="0.619"/>
  <testcase name="shouldCountSuccessfully" classname="elastest.loganalyzer.es.client.repository.ProjectRepositoryTest" time="0.007"/>
  <testcase name="shouldDontExist" classname="elastest.loganalyzer.es.client.repository.ProjectRepositoryTest" time="0.389"/>
  <testcase name="shouldFindAnyValue" classname="elastest.loganalyzer.es.client.repository.ProjectRepositoryTest" time="0.594"/>
</testsuite>