<?xml version="1.0" encoding="UTF-8"?>
<testsuite name="elastest.loganalyzer.es.client.DiffMatchPatchTest" time="0.107" tests="1" errors="1" skipped="0" failures="0">
  <properties>
[...]
</properties>
  <testcase name="main" classname="elastest.loganalyzer.es.client.DiffMatchPatchTest" time="0.107">
    <error message="assertEquals fail:&#10; Expected: &lt;span&gt;a&amp;para;&lt;br&gt;&lt;/span&gt;&lt;del style=&quot;background:#ffe6e6;&quot;&gt;&amp;lt;B&amp;gt;b&amp;lt;/B&amp;gt;&lt;/del&gt;&lt;ins style=&quot;background:#e6ffe6;&quot;&gt;c&amp;amp;d&lt;/ins&gt;&#10; Actual: &lt;span&gt;a&amp;para;&lt;br&gt;&lt;/span&gt;&lt;del&gt;&amp;lt;B&amp;gt;b&amp;lt;/B&amp;gt;&lt;/del&gt;&lt;ins&gt;c&amp;amp;d&lt;/ins&gt;&#10;diff_prettyHtml:" type="java.lang.Error"><![CDATA[java.lang.Error: assertEquals fail:
 Expected: <span>a&para;<br></span><del style="background:#ffe6e6;">&lt;B&gt;b&lt;/B&gt;</del><ins style="background:#e6ffe6;">c&amp;d</ins>
 Actual: <span>a&para;<br></span><del>&lt;B&gt;b&lt;/B&gt;</del><ins>c&amp;d</ins>
diff_prettyHtml:
	at elastest.loganalyzer.es.client.DiffMatchPatchTest.assertEquals(DiffMatchPatchTest.java:883)
	at elastest.loganalyzer.es.client.DiffMatchPatchTest.testDiffPrettyHtml(DiffMatchPatchTest.java:357)
	at elastest.loganalyzer.es.client.DiffMatchPatchTest.main(DiffMatchPatchTest.java:954)
]]></error>
    <system-out><![CDATA[10:20:26.248 [main] DEBUG org.springframework.test.context.junit4.SpringJUnit4ClassRunner - SpringJUnit4ClassRunner constructor called with [class elastest.loganalyzer.es.client.DiffMatchPatchTest]
10:20:26.260 [main] DEBUG org.springframework.test.context.BootstrapUtils - Instantiating CacheAwareContextLoaderDelegate from class [org.springframework.test.context.cache.DefaultCacheAwareContextLoaderDelegate]
10:20:26.282 [main] DEBUG org.springframework.test.context.BootstrapUtils - Instantiating BootstrapContext using constructor [public org.springframework.test.context.support.DefaultBootstrapContext(java.lang.Class,org.springframework.test.context.CacheAwareContextLoaderDelegate)]
10:20:26.318 [main] DEBUG org.springframework.test.context.BootstrapUtils - Instantiating TestContextBootstrapper for test class [elastest.loganalyzer.es.client.DiffMatchPatchTest] from class [org.springframework.boot.test.context.SpringBootTestContextBootstrapper]
10:20:26.346 [main] INFO org.springframework.boot.test.context.SpringBootTestContextBootstrapper - Neither @ContextConfiguration nor @ContextHierarchy found for test class [elastest.loganalyzer.es.client.DiffMatchPatchTest], using SpringBootContextLoader
10:20:26.354 [main] DEBUG org.springframework.test.context.support.AbstractContextLoader - Did not detect default resource location for test class [elastest.loganalyzer.es.client.DiffMatchPatchTest]: class path resource [elastest/loganalyzer/es/client/DiffMatchPatchTest-context.xml] does not exist
10:20:26.355 [main] DEBUG org.springframework.test.context.support.AbstractContextLoader - Did not detect default resource location for test class [elastest.loganalyzer.es.client.DiffMatchPatchTest]: class path resource [elastest/loganalyzer/es/client/DiffMatchPatchTestContext.groovy] does not exist
10:20:26.355 [main] INFO org.springframework.test.context.support.AbstractContextLoader - Could not detect default resource locations for test class [elastest.loganalyzer.es.client.DiffMatchPatchTest]: no resource found for suffixes {-context.xml, Context.groovy}.
10:20:26.357 [main] INFO org.springframework.test.context.support.AnnotationConfigContextLoaderUtils - Could not detect default configuration classes for test class [elastest.loganalyzer.es.client.DiffMatchPatchTest]: DiffMatchPatchTest does not declare any static, non-private, non-final, nested classes annotated with @Configuration.
10:20:26.436 [main] DEBUG org.springframework.test.context.support.ActiveProfilesUtils - Could not find an 'annotation declaring class' for annotation type [org.springframework.test.context.ActiveProfiles] and class [elastest.loganalyzer.es.client.DiffMatchPatchTest]
10:20:26.454 [main] DEBUG org.springframework.core.env.StandardEnvironment - Adding PropertySource 'systemProperties' with lowest search precedence
10:20:26.458 [main] DEBUG org.springframework.core.env.StandardEnvironment - Adding PropertySource 'systemEnvironment' with lowest search precedence
10:20:26.459 [main] DEBUG org.springframework.core.env.StandardEnvironment - Initialized StandardEnvironment with PropertySources [MapPropertySource@798244209 {name='systemProperties', properties={java.runtime.name=Java(TM) SE Runtime Environment, sun.boot.library.path=C:\Program Files\Java\jre1.8.0_161\bin, java.vm.version=25.161-b12, java.vm.vendor=Oracle Corporation, java.vendor.url=http://java.oracle.com/, path.separator=;, java.vm.name=Java HotSpot(TM) 64-Bit Server VM, file.encoding.pkg=sun.io, user.country=ES, user.script=, sun.java.launcher=SUN_STANDARD, sun.os.patch.level=, java.vm.specification.name=Java Virtual Machine Specification, user.dir=D:\Usuarios\cvazquezlos\GitHub\TestLogAnalyzer\es.client, java.runtime.version=1.8.0_161-b12, basedir=D:\Usuarios\cvazquezlos\GitHub\TestLogAnalyzer\es.client, java.awt.graphicsenv=sun.awt.Win32GraphicsEnvironment, java.endorsed.dirs=C:\Program Files\Java\jre1.8.0_161\lib\endorsed, os.arch=amd64, surefire.real.class.path=D:\Usuarios\cvazquezlos\GitHub\TestLogAnalyzer\es.client\target\surefire\surefirebooter5291426959607447935.jar, java.io.tmpdir=C:\Users\Usuario\AppData\Local\Temp\, line.separator=
, java.vm.specification.vendor=Oracle Corporation, user.variant=, os.name=Windows 10, sun.jnu.encoding=Cp1252, java.library.path=C:\Program Files\Java\jre1.8.0_161\bin;C:\Windows\Sun\Java\bin;C:\Windows\system32;C:\Windows;C:/Program Files/Java/jre1.8.0_161/bin/server;C:/Program Files/Java/jre1.8.0_161/bin;C:/Program Files/Java/jre1.8.0_161/lib/amd64;C:\Program Files (x86)\Razer Chroma SDK\bin;C:\Program Files\Razer Chroma SDK\bin;C:\ProgramData\Oracle\Java\javapath;C:\Program Files (x86)\Intel\iCLS Client\;C:\Program Files\Intel\iCLS Client\;C:\Windows\system32;C:\Windows;C:\Windows\System32\Wbem;C:\Windows\System32\WindowsPowerShell\v1.0\;C:\Program Files (x86)\Intel\Intel(R) Management Engine Components\DAL;C:\Program Files\Intel\Intel(R) Management Engine Components\DAL;C:\Program Files (x86)\Intel\Intel(R) Management Engine Components\IPT;C:\Program Files\Intel\Intel(R) Management Engine Components\IPT;C:\Program Files (x86)\NVIDIA Corporation\PhysX\Common;JAVA_HOME;D:\Archivos de Programa\nodejs\;D:\Archivos de Programa\Brackets\command;C:\Windows\system32\config\systemprofile\AppData\Local\Microsoft\WindowsApps;D:\Archivos de Programa\Apache\maven\bin;C:\Program Files\Git\cmd;C:\Users\Usuario\AppData\Local\Microsoft\WindowsApps;C:\Users\Usuario\AppData\Local\GitHubDesktop\bin;C:\Users\Usuario\AppData\Roaming\npm;D:\Archivos de Programa\Docker Toolbox;D:\Usuarios\cvazquezlos\Documents\sts-bundle\sts-3.9.2.RELEASE;;., surefire.test.class.path=D:\Usuarios\cvazquezlos\GitHub\TestLogAnalyzer\es.client\target\test-classes;D:\Usuarios\cvazquezlos\GitHub\TestLogAnalyzer\es.client\target\classes;C:\Users\Usuario\.m2\repository\net\java\dev\jna\jna\4.2.2\jna-4.2.2.jar;C:\Users\Usuario\.m2\repository\org\springframework\boot\spring-boot-starter-data-elasticsearch\1.5.10.RELEASE\spring-boot-starter-data-elasticsearch-1.5.10.RELEASE.jar;C:\Users\Usuario\.m2\repository\org\springframework\boot\spring-boot-starter\1.5.10.RELEASE\spring-boot-starter-1.5.10.RELEASE.jar;C:\Users\Usuario\.m2\repository\org\springframework\boot\spring-boot-starter-logging\1.5.10.RELEASE\spring-boot-starter-logging-1.5.10.RELEASE.jar;C:\Users\Usuario\.m2\repository\ch\qos\logback\logback-classic\1.1.11\logback-classic-1.1.11.jar;C:\Users\Usuario\.m2\repository\ch\qos\logback\logback-core\1.1.11\logback-core-1.1.11.jar;C:\Users\Usuario\.m2\repository\org\slf4j\jul-to-slf4j\1.7.25\jul-to-slf4j-1.7.25.jar;C:\Users\Usuario\.m2\repository\org\slf4j\log4j-over-slf4j\1.7.25\log4j-over-slf4j-1.7.25.jar;C:\Users\Usuario\.m2\repository\org\yaml\snakeyaml\1.17\snakeyaml-1.17.jar;C:\Users\Usuario\.m2\repository\org\springframework\data\spring-data-elasticsearch\2.1.10.RELEASE\spring-data-elasticsearch-2.1.10.RELEASE.jar;C:\Users\Usuario\.m2\repository\org\springframework\spring-tx\4.3.14.RELEASE\spring-tx-4.3.14.RELEASE.jar;C:\Users\Usuario\.m2\repository\org\springframework\data\spring-data-commons\1.13.10.RELEASE\spring-data-commons-1.13.10.RELEASE.jar;C:\Users\Usuario\.m2\repository\commons-lang\commons-lang\2.6\commons-lang-2.6.jar;C:\Users\Usuario\.m2\repository\joda-time\joda-time\2.9.9\joda-time-2.9.9.jar;C:\Users\Usuario\.m2\repository\org\elasticsearch\elasticsearch\2.4.6\elasticsearch-2.4.6.jar;C:\Users\Usuario\.m2\repository\org\apache\lucene\lucene-core\5.5.4\lucene-core-5.5.4.jar;C:\Users\Usuario\.m2\repository\org\apache\lucene\lucene-backward-codecs\5.5.4\lucene-backward-codecs-5.5.4.jar;C:\Users\Usuario\.m2\repository\org\apache\lucene\lucene-analyzers-common\5.5.4\lucene-analyzers-common-5.5.4.jar;C:\Users\Usuario\.m2\repository\org\apache\lucene\lucene-queries\5.5.4\lucene-queries-5.5.4.jar;C:\Users\Usuario\.m2\repository\org\apache\lucene\lucene-memory\5.5.4\lucene-memory-5.5.4.jar;C:\Users\Usuario\.m2\repository\org\apache\lucene\lucene-highlighter\5.5.4\lucene-highlighter-5.5.4.jar;C:\Users\Usuario\.m2\repository\org\apache\lucene\lucene-queryparser\5.5.4\lucene-queryparser-5.5.4.jar;C:\Users\Usuario\.m2\repository\org\apache\lucene\lucene-sandbox\5.5.4\lucene-sandbox-5.5.4.jar;C:\Users\Usuario\.m2\repository\org\apache\lucene\lucene-suggest\5.5.4\lucene-suggest-5.5.4.jar;C:\Users\Usuario\.m2\repository\org\apache\lucene\lucene-misc\5.5.4\lucene-misc-5.5.4.jar;C:\Users\Usuario\.m2\repository\org\apache\lucene\lucene-join\5.5.4\lucene-join-5.5.4.jar;C:\Users\Usuario\.m2\repository\org\apache\lucene\lucene-grouping\5.5.4\lucene-grouping-5.5.4.jar;C:\Users\Usuario\.m2\repository\org\apache\lucene\lucene-spatial\5.5.4\lucene-spatial-5.5.4.jar;C:\Users\Usuario\.m2\repository\org\apache\lucene\lucene-spatial3d\5.5.4\lucene-spatial3d-5.5.4.jar;C:\Users\Usuario\.m2\repository\com\spatial4j\spatial4j\0.5\spatial4j-0.5.jar;C:\Users\Usuario\.m2\repository\com\google\guava\guava\18.0\guava-18.0.jar;C:\Users\Usuario\.m2\repository\org\elasticsearch\securesm\1.0\securesm-1.0.jar;C:\Users\Usuario\.m2\repository\com\carrotsearch\hppc\0.7.1\hppc-0.7.1.jar;C:\Users\Usuario\.m2\repository\com\fasterxml\jackson\dataformat\jackson-dataformat-smile\2.8.10\jackson-dataformat-smile-2.8.10.jar;C:\Users\Usuario\.m2\repository\com\fasterxml\jackson\dataformat\jackson-dataformat-yaml\2.8.10\jackson-dataformat-yaml-2.8.10.jar;C:\Users\Usuario\.m2\repository\com\fasterxml\jackson\dataformat\jackson-dataformat-cbor\2.8.10\jackson-dataformat-cbor-2.8.10.jar;C:\Users\Usuario\.m2\repository\io\netty\netty\3.10.6.Final\netty-3.10.6.Final.jar;C:\Users\Usuario\.m2\repository\com\ning\compress-lzf\1.0.2\compress-lzf-1.0.2.jar;C:\Users\Usuario\.m2\repository\com\tdunning\t-digest\3.0\t-digest-3.0.jar;C:\Users\Usuario\.m2\repository\org\hdrhistogram\HdrHistogram\2.1.6\HdrHistogram-2.1.6.jar;C:\Users\Usuario\.m2\repository\commons-cli\commons-cli\1.3.1\commons-cli-1.3.1.jar;C:\Users\Usuario\.m2\repository\com\twitter\jsr166e\1.1.0\jsr166e-1.1.0.jar;C:\Users\Usuario\.m2\repository\com\fasterxml\jackson\core\jackson-core\2.8.10\jackson-core-2.8.10.jar;C:\Users\Usuario\.m2\repository\org\slf4j\slf4j-api\1.7.25\slf4j-api-1.7.25.jar;C:\Users\Usuario\.m2\repository\org\slf4j\jcl-over-slf4j\1.7.25\jcl-over-slf4j-1.7.25.jar;C:\Users\Usuario\.m2\repository\org\springframework\boot\spring-boot-starter-test\1.5.10.RELEASE\spring-boot-starter-test-1.5.10.RELEASE.jar;C:\Users\Usuario\.m2\repository\org\springframework\boot\spring-boot-test\1.5.10.RELEASE\spring-boot-test-1.5.10.RELEASE.jar;C:\Users\Usuario\.m2\repository\org\springframework\boot\spring-boot-test-autoconfigure\1.5.10.RELEASE\spring-boot-test-autoconfigure-1.5.10.RELEASE.jar;C:\Users\Usuario\.m2\repository\com\jayway\jsonpath\json-path\2.2.0\json-path-2.2.0.jar;C:\Users\Usuario\.m2\repository\net\minidev\json-smart\2.2.1\json-smart-2.2.1.jar;C:\Users\Usuario\.m2\repository\net\minidev\accessors-smart\1.1\accessors-smart-1.1.jar;C:\Users\Usuario\.m2\repository\org\ow2\asm\asm\5.0.3\asm-5.0.3.jar;C:\Users\Usuario\.m2\repository\org\assertj\assertj-core\2.6.0\assertj-core-2.6.0.jar;C:\Users\Usuario\.m2\repository\org\mockito\mockito-core\1.10.19\mockito-core-1.10.19.jar;C:\Users\Usuario\.m2\repository\org\objenesis\objenesis\2.1\objenesis-2.1.jar;C:\Users\Usuario\.m2\repository\org\hamcrest\hamcrest-core\1.3\hamcrest-core-1.3.jar;C:\Users\Usuario\.m2\repository\org\hamcrest\hamcrest-library\1.3\hamcrest-library-1.3.jar;C:\Users\Usuario\.m2\repository\org\skyscreamer\jsonassert\1.4.0\jsonassert-1.4.0.jar;C:\Users\Usuario\.m2\repository\com\vaadin\external\google\android-json\0.0.20131108.vaadin1\android-json-0.0.20131108.vaadin1.jar;C:\Users\Usuario\.m2\repository\org\springframework\spring-core\4.3.14.RELEASE\spring-core-4.3.14.RELEASE.jar;C:\Users\Usuario\.m2\repository\org\springframework\boot\spring-boot-starter-web\1.5.10.RELEASE\spring-boot-starter-web-1.5.10.RELEASE.jar;C:\Users\Usuario\.m2\repository\org\springframework\boot\spring-boot-starter-tomcat\1.5.10.RELEASE\spring-boot-starter-tomcat-1.5.10.RELEASE.jar;C:\Users\Usuario\.m2\repository\org\apache\tomcat\embed\tomcat-embed-core\8.5.27\tomcat-embed-core-8.5.27.jar;C:\Users\Usuario\.m2\repository\org\apache\tomcat\tomcat-annotations-api\8.5.27\tomcat-annotations-api-8.5.27.jar;C:\Users\Usuario\.m2\repository\org\apache\tomcat\embed\tomcat-embed-el\8.5.27\tomcat-embed-el-8.5.27.jar;C:\Users\Usuario\.m2\repository\org\apache\tomcat\embed\tomcat-embed-websocket\8.5.27\tomcat-embed-websocket-8.5.27.jar;C:\Users\Usuario\.m2\repository\org\hibernate\hibernate-validator\5.3.6.Final\hibernate-validator-5.3.6.Final.jar;C:\Users\Usuario\.m2\repository\javax\validation\validation-api\1.1.0.Final\validation-api-1.1.0.Final.jar;C:\Users\Usuario\.m2\repository\org\jboss\logging\jboss-logging\3.3.1.Final\jboss-logging-3.3.1.Final.jar;C:\Users\Usuario\.m2\repository\com\fasterxml\classmate\1.3.4\classmate-1.3.4.jar;C:\Users\Usuario\.m2\repository\com\fasterxml\jackson\core\jackson-databind\2.8.10\jackson-databind-2.8.10.jar;C:\Users\Usuario\.m2\repository\com\fasterxml\jackson\core\jackson-annotations\2.8.0\jackson-annotations-2.8.0.jar;C:\Users\Usuario\.m2\repository\org\springframework\spring-web\4.3.14.RELEASE\spring-web-4.3.14.RELEASE.jar;C:\Users\Usuario\.m2\repository\org\springframework\spring-webmvc\4.3.14.RELEASE\spring-webmvc-4.3.14.RELEASE.jar;C:\Users\Usuario\.m2\repository\org\springframework\boot\spring-boot-devtools\1.5.10.RELEASE\spring-boot-devtools-1.5.10.RELEASE.jar;C:\Users\Usuario\.m2\repository\org\springframework\boot\spring-boot\1.5.10.RELEASE\spring-boot-1.5.10.RELEASE.jar;C:\Users\Usuario\.m2\repository\org\springframework\boot\spring-boot-autoconfigure\1.5.10.RELEASE\spring-boot-autoconfigure-1.5.10.RELEASE.jar;C:\Users\Usuario\.m2\repository\junit\junit\4.12\junit-4.12.jar;C:\Users\Usuario\.m2\repository\org\springframework\boot\spring-boot-configuration-processor\1.5.10.RELEASE\spring-boot-configuration-processor-1.5.10.RELEASE.jar;C:\Users\Usuario\.m2\repository\org\apache\maven\surefire\surefire-report-parser\2.20\surefire-report-parser-2.20.jar;C:\Users\Usuario\.m2\repository\org\apache\maven\surefire\surefire-logger-api\2.20\surefire-logger-api-2.20.jar;C:\Users\Usuario\.m2\repository\org\apache\maven\reporting\maven-reporting-api\3.0\maven-reporting-api-3.0.jar;C:\Users\Usuario\.m2\repository\org\apache\maven\doxia\doxia-sink-api\1.0\doxia-sink-api-1.0.jar;C:\Users\Usuario\.m2\repository\org\springframework\spring-context\4.3.14.RELEASE\spring-context-4.3.14.RELEASE.jar;C:\Users\Usuario\.m2\repository\org\springframework\spring-aop\4.3.14.RELEASE\spring-aop-4.3.14.RELEASE.jar;C:\Users\Usuario\.m2\repository\org\springframework\spring-beans\4.3.14.RELEASE\spring-beans-4.3.14.RELEASE.jar;C:\Users\Usuario\.m2\repository\org\springframework\spring-expression\4.3.14.RELEASE\spring-expression-4.3.14.RELEASE.jar;C:\Users\Usuario\.m2\repository\org\springframework\spring-test\4.3.14.RELEASE\spring-test-4.3.14.RELEASE.jar;, java.specification.name=Java Platform API Specification, java.class.version=52.0, sun.management.compiler=HotSpot 64-Bit Tiered Compilers, os.version=10.0, user.home=C:\Users\Usuario, user.timezone=Europe/Paris, java.awt.printerjob=sun.awt.windows.WPrinterJob, file.encoding=Cp1252, java.specification.version=1.8, java.class.path=D:\Usuarios\cvazquezlos\GitHub\TestLogAnalyzer\es.client\target\test-classes;D:\Usuarios\cvazquezlos\GitHub\TestLogAnalyzer\es.client\target\classes;C:\Users\Usuario\.m2\repository\net\java\dev\jna\jna\4.2.2\jna-4.2.2.jar;C:\Users\Usuario\.m2\repository\org\springframework\boot\spring-boot-starter-data-elasticsearch\1.5.10.RELEASE\spring-boot-starter-data-elasticsearch-1.5.10.RELEASE.jar;C:\Users\Usuario\.m2\repository\org\springframework\boot\spring-boot-starter\1.5.10.RELEASE\spring-boot-starter-1.5.10.RELEASE.jar;C:\Users\Usuario\.m2\repository\org\springframework\boot\spring-boot-starter-logging\1.5.10.RELEASE\spring-boot-starter-logging-1.5.10.RELEASE.jar;C:\Users\Usuario\.m2\repository\ch\qos\logback\logback-classic\1.1.11\logback-classic-1.1.11.jar;C:\Users\Usuario\.m2\repository\ch\qos\logback\logback-core\1.1.11\logback-core-1.1.11.jar;C:\Users\Usuario\.m2\repository\org\slf4j\jul-to-slf4j\1.7.25\jul-to-slf4j-1.7.25.jar;C:\Users\Usuario\.m2\repository\org\slf4j\log4j-over-slf4j\1.7.25\log4j-over-slf4j-1.7.25.jar;C:\Users\Usuario\.m2\repository\org\yaml\snakeyaml\1.17\snakeyaml-1.17.jar;C:\Users\Usuario\.m2\repository\org\springframework\data\spring-data-elasticsearch\2.1.10.RELEASE\spring-data-elasticsearch-2.1.10.RELEASE.jar;C:\Users\Usuario\.m2\repository\org\springframework\spring-tx\4.3.14.RELEASE\spring-tx-4.3.14.RELEASE.jar;C:\Users\Usuario\.m2\repository\org\springframework\data\spring-data-commons\1.13.10.RELEASE\spring-data-commons-1.13.10.RELEASE.jar;C:\Users\Usuario\.m2\repository\commons-lang\commons-lang\2.6\commons-lang-2.6.jar;C:\Users\Usuario\.m2\repository\joda-time\joda-time\2.9.9\joda-time-2.9.9.jar;C:\Users\Usuario\.m2\repository\org\elasticsearch\elasticsearch\2.4.6\elasticsearch-2.4.6.jar;C:\Users\Usuario\.m2\repository\org\apache\lucene\lucene-core\5.5.4\lucene-core-5.5.4.jar;C:\Users\Usuario\.m2\repository\org\apache\lucene\lucene-backward-codecs\5.5.4\lucene-backward-codecs-5.5.4.jar;C:\Users\Usuario\.m2\repository\org\apache\lucene\lucene-analyzers-common\5.5.4\lucene-analyzers-common-5.5.4.jar;C:\Users\Usuario\.m2\repository\org\apache\lucene\lucene-queries\5.5.4\lucene-queries-5.5.4.jar;C:\Users\Usuario\.m2\repository\org\apache\lucene\lucene-memory\5.5.4\lucene-memory-5.5.4.jar;C:\Users\Usuario\.m2\repository\org\apache\lucene\lucene-highlighter\5.5.4\lucene-highlighter-5.5.4.jar;C:\Users\Usuario\.m2\repository\org\apache\lucene\lucene-queryparser\5.5.4\lucene-queryparser-5.5.4.jar;C:\Users\Usuario\.m2\repository\org\apache\lucene\lucene-sandbox\5.5.4\lucene-sandbox-5.5.4.jar;C:\Users\Usuario\.m2\repository\org\apache\lucene\lucene-suggest\5.5.4\lucene-suggest-5.5.4.jar;C:\Users\Usuario\.m2\repository\org\apache\lucene\lucene-misc\5.5.4\lucene-misc-5.5.4.jar;C:\Users\Usuario\.m2\repository\org\apache\lucene\lucene-join\5.5.4\lucene-join-5.5.4.jar;C:\Users\Usuario\.m2\repository\org\apache\lucene\lucene-grouping\5.5.4\lucene-grouping-5.5.4.jar;C:\Users\Usuario\.m2\repository\org\apache\lucene\lucene-spatial\5.5.4\lucene-spatial-5.5.4.jar;C:\Users\Usuario\.m2\repository\org\apache\lucene\lucene-spatial3d\5.5.4\lucene-spatial3d-5.5.4.jar;C:\Users\Usuario\.m2\repository\com\spatial4j\spatial4j\0.5\spatial4j-0.5.jar;C:\Users\Usuario\.m2\repository\com\google\guava\guava\18.0\guava-18.0.jar;C:\Users\Usuario\.m2\repository\org\elasticsearch\securesm\1.0\securesm-1.0.jar;C:\Users\Usuario\.m2\repository\com\carrotsearch\hppc\0.7.1\hppc-0.7.1.jar;C:\Users\Usuario\.m2\repository\com\fasterxml\jackson\dataformat\jackson-dataformat-smile\2.8.10\jackson-dataformat-smile-2.8.10.jar;C:\Users\Usuario\.m2\repository\com\fasterxml\jackson\dataformat\jackson-dataformat-yaml\2.8.10\jackson-dataformat-yaml-2.8.10.jar;C:\Users\Usuario\.m2\repository\com\fasterxml\jackson\dataformat\jackson-dataformat-cbor\2.8.10\jackson-dataformat-cbor-2.8.10.jar;C:\Users\Usuario\.m2\repository\io\netty\netty\3.10.6.Final\netty-3.10.6.Final.jar;C:\Users\Usuario\.m2\repository\com\ning\compress-lzf\1.0.2\compress-lzf-1.0.2.jar;C:\Users\Usuario\.m2\repository\com\tdunning\t-digest\3.0\t-digest-3.0.jar;C:\Users\Usuario\.m2\repository\org\hdrhistogram\HdrHistogram\2.1.6\HdrHistogram-2.1.6.jar;C:\Users\Usuario\.m2\repository\commons-cli\commons-cli\1.3.1\commons-cli-1.3.1.jar;C:\Users\Usuario\.m2\repository\com\twitter\jsr166e\1.1.0\jsr166e-1.1.0.jar;C:\Users\Usuario\.m2\repository\com\fasterxml\jackson\core\jackson-core\2.8.10\jackson-core-2.8.10.jar;C:\Users\Usuario\.m2\repository\org\slf4j\slf4j-api\1.7.25\slf4j-api-1.7.25.jar;C:\Users\Usuario\.m2\repository\org\slf4j\jcl-over-slf4j\1.7.25\jcl-over-slf4j-1.7.25.jar;C:\Users\Usuario\.m2\repository\org\springframework\boot\spring-boot-starter-test\1.5.10.RELEASE\spring-boot-starter-test-1.5.10.RELEASE.jar;C:\Users\Usuario\.m2\repository\org\springframework\boot\spring-boot-test\1.5.10.RELEASE\spring-boot-test-1.5.10.RELEASE.jar;C:\Users\Usuario\.m2\repository\org\springframework\boot\spring-boot-test-autoconfigure\1.5.10.RELEASE\spring-boot-test-autoconfigure-1.5.10.RELEASE.jar;C:\Users\Usuario\.m2\repository\com\jayway\jsonpath\json-path\2.2.0\json-path-2.2.0.jar;C:\Users\Usuario\.m2\repository\net\minidev\json-smart\2.2.1\json-smart-2.2.1.jar;C:\Users\Usuario\.m2\repository\net\minidev\accessors-smart\1.1\accessors-smart-1.1.jar;C:\Users\Usuario\.m2\repository\org\ow2\asm\asm\5.0.3\asm-5.0.3.jar;C:\Users\Usuario\.m2\repository\org\assertj\assertj-core\2.6.0\assertj-core-2.6.0.jar;C:\Users\Usuario\.m2\repository\org\mockito\mockito-core\1.10.19\mockito-core-1.10.19.jar;C:\Users\Usuario\.m2\repository\org\objenesis\objenesis\2.1\objenesis-2.1.jar;C:\Users\Usuario\.m2\repository\org\hamcrest\hamcrest-core\1.3\hamcrest-core-1.3.jar;C:\Users\Usuario\.m2\repository\org\hamcrest\hamcrest-library\1.3\hamcrest-library-1.3.jar;C:\Users\Usuario\.m2\repository\org\skyscreamer\jsonassert\1.4.0\jsonassert-1.4.0.jar;C:\Users\Usuario\.m2\repository\com\vaadin\external\google\android-json\0.0.20131108.vaadin1\android-json-0.0.20131108.vaadin1.jar;C:\Users\Usuario\.m2\repository\org\springframework\spring-core\4.3.14.RELEASE\spring-core-4.3.14.RELEASE.jar;C:\Users\Usuario\.m2\repository\org\springframework\boot\spring-boot-starter-web\1.5.10.RELEASE\spring-boot-starter-web-1.5.10.RELEASE.jar;C:\Users\Usuario\.m2\repository\org\springframework\boot\spring-boot-starter-tomcat\1.5.10.RELEASE\spring-boot-starter-tomcat-1.5.10.RELEASE.jar;C:\Users\Usuario\.m2\repository\org\apache\tomcat\embed\tomcat-embed-core\8.5.27\tomcat-embed-core-8.5.27.jar;C:\Users\Usuario\.m2\repository\org\apache\tomcat\tomcat-annotations-api\8.5.27\tomcat-annotations-api-8.5.27.jar;C:\Users\Usuario\.m2\repository\org\apache\tomcat\embed\tomcat-embed-el\8.5.27\tomcat-embed-el-8.5.27.jar;C:\Users\Usuario\.m2\repository\org\apache\tomcat\embed\tomcat-embed-websocket\8.5.27\tomcat-embed-websocket-8.5.27.jar;C:\Users\Usuario\.m2\repository\org\hibernate\hibernate-validator\5.3.6.Final\hibernate-validator-5.3.6.Final.jar;C:\Users\Usuario\.m2\repository\javax\validation\validation-api\1.1.0.Final\validation-api-1.1.0.Final.jar;C:\Users\Usuario\.m2\repository\org\jboss\logging\jboss-logging\3.3.1.Final\jboss-logging-3.3.1.Final.jar;C:\Users\Usuario\.m2\repository\com\fasterxml\classmate\1.3.4\classmate-1.3.4.jar;C:\Users\Usuario\.m2\repository\com\fasterxml\jackson\core\jackson-databind\2.8.10\jackson-databind-2.8.10.jar;C:\Users\Usuario\.m2\repository\com\fasterxml\jackson\core\jackson-annotations\2.8.0\jackson-annotations-2.8.0.jar;C:\Users\Usuario\.m2\repository\org\springframework\spring-web\4.3.14.RELEASE\spring-web-4.3.14.RELEASE.jar;C:\Users\Usuario\.m2\repository\org\springframework\spring-webmvc\4.3.14.RELEASE\spring-webmvc-4.3.14.RELEASE.jar;C:\Users\Usuario\.m2\repository\org\springframework\boot\spring-boot-devtools\1.5.10.RELEASE\spring-boot-devtools-1.5.10.RELEASE.jar;C:\Users\Usuario\.m2\repository\org\springframework\boot\spring-boot\1.5.10.RELEASE\spring-boot-1.5.10.RELEASE.jar;C:\Users\Usuario\.m2\repository\org\springframework\boot\spring-boot-autoconfigure\1.5.10.RELEASE\spring-boot-autoconfigure-1.5.10.RELEASE.jar;C:\Users\Usuario\.m2\repository\junit\junit\4.12\junit-4.12.jar;C:\Users\Usuario\.m2\repository\org\springframework\boot\spring-boot-configuration-processor\1.5.10.RELEASE\spring-boot-configuration-processor-1.5.10.RELEASE.jar;C:\Users\Usuario\.m2\repository\org\apache\maven\surefire\surefire-report-parser\2.20\surefire-report-parser-2.20.jar;C:\Users\Usuario\.m2\repository\org\apache\maven\surefire\surefire-logger-api\2.20\surefire-logger-api-2.20.jar;C:\Users\Usuario\.m2\repository\org\apache\maven\reporting\maven-reporting-api\3.0\maven-reporting-api-3.0.jar;C:\Users\Usuario\.m2\repository\org\apache\maven\doxia\doxia-sink-api\1.0\doxia-sink-api-1.0.jar;C:\Users\Usuario\.m2\repository\org\springframework\spring-context\4.3.14.RELEASE\spring-context-4.3.14.RELEASE.jar;C:\Users\Usuario\.m2\repository\org\springframework\spring-aop\4.3.14.RELEASE\spring-aop-4.3.14.RELEASE.jar;C:\Users\Usuario\.m2\repository\org\springframework\spring-beans\4.3.14.RELEASE\spring-beans-4.3.14.RELEASE.jar;C:\Users\Usuario\.m2\repository\org\springframework\spring-expression\4.3.14.RELEASE\spring-expression-4.3.14.RELEASE.jar;C:\Users\Usuario\.m2\repository\org\springframework\spring-test\4.3.14.RELEASE\spring-test-4.3.14.RELEASE.jar;, user.name=Usuario, java.vm.specification.version=1.8, sun.java.command=D:\Usuarios\cvazquezlos\GitHub\TestLogAnalyzer\es.client\target\surefire\surefirebooter5291426959607447935.jar D:\Usuarios\cvazquezlos\GitHub\TestLogAnalyzer\es.client\target\surefire\surefire3916768641796732543tmp D:\Usuarios\cvazquezlos\GitHub\TestLogAnalyzer\es.client\target\surefire\surefire_05207735336759228675tmp, java.home=C:\Program Files\Java\jre1.8.0_161, sun.arch.data.model=64, user.language=es, java.specification.vendor=Oracle Corporation, awt.toolkit=sun.awt.windows.WToolkit, java.vm.info=mixed mode, java.version=1.8.0_161, java.ext.dirs=C:\Program Files\Java\jre1.8.0_161\lib\ext;C:\Windows\Sun\Java\lib\ext, sun.boot.class.path=C:\Program Files\Java\jre1.8.0_161\lib\resources.jar;C:\Program Files\Java\jre1.8.0_161\lib\rt.jar;C:\Program Files\Java\jre1.8.0_161\lib\sunrsasign.jar;C:\Program Files\Java\jre1.8.0_161\lib\jsse.jar;C:\Program Files\Java\jre1.8.0_161\lib\jce.jar;C:\Program Files\Java\jre1.8.0_161\lib\charsets.jar;C:\Program Files\Java\jre1.8.0_161\lib\jfr.jar;C:\Program Files\Java\jre1.8.0_161\classes, java.vendor=Oracle Corporation, localRepository=C:\Users\Usuario\.m2\repository, file.separator=\, java.vendor.url.bug=http://bugreport.sun.com/bugreport/, sun.io.unicode.encoding=UnicodeLittle, sun.cpu.endian=little, sun.desktop=windows, sun.cpu.isalist=amd64}}, SystemEnvironmentPropertySource@525571 {name='systemEnvironment', properties={PATH=C:/Program Files/Java/jre1.8.0_161/bin/server;C:/Program Files/Java/jre1.8.0_161/bin;C:/Program Files/Java/jre1.8.0_161/lib/amd64;C:\Program Files (x86)\Razer Chroma SDK\bin;C:\Program Files\Razer Chroma SDK\bin;C:\ProgramData\Oracle\Java\javapath;C:\Program Files (x86)\Intel\iCLS Client\;C:\Program Files\Intel\iCLS Client\;C:\Windows\system32;C:\Windows;C:\Windows\System32\Wbem;C:\Windows\System32\WindowsPowerShell\v1.0\;C:\Program Files (x86)\Intel\Intel(R) Management Engine Components\DAL;C:\Program Files\Intel\Intel(R) Management Engine Components\DAL;C:\Program Files (x86)\Intel\Intel(R) Management Engine Components\IPT;C:\Program Files\Intel\Intel(R) Management Engine Components\IPT;C:\Program Files (x86)\NVIDIA Corporation\PhysX\Common;JAVA_HOME;D:\Archivos de Programa\nodejs\;D:\Archivos de Programa\Brackets\command;C:\Windows\system32\config\systemprofile\AppData\Local\Microsoft\WindowsApps;D:\Archivos de Programa\Apache\maven\bin;C:\Program Files\Git\cmd;C:\Users\Usuario\AppData\Local\Microsoft\WindowsApps;C:\Users\Usuario\AppData\Local\GitHubDesktop\bin;C:\Users\Usuario\AppData\Roaming\npm;D:\Archivos de Programa\Docker Toolbox;D:\Usuarios\cvazquezlos\Documents\sts-bundle\sts-3.9.2.RELEASE;, USERDOMAIN_ROAMINGPROFILE=DESKTOP-0QNMBKA, NO_PROXY=192.168.99.100, PROCESSOR_LEVEL=6, SYSTEMDRIVE=C:, SESSIONNAME=Console, ALLUSERSPROFILE=C:\ProgramData, PROCESSOR_ARCHITECTURE=AMD64, MAVEN_HOME=D:\Archivos de Programa\Apache\maven, PROGRAMFILES=C:\Program Files, PSMODULEPATH=C:\Program Files\WindowsPowerShell\Modules;C:\Windows\system32\WindowsPowerShell\v1.0\Modules, PROGRAMDATA=C:\ProgramData, USERNAME=Usuario, FPS_BROWSER_USER_PROFILE_STRING=Default, ONEDRIVE=C:\Users\Usuario\OneDrive, PATHEXT=.COM;.EXE;.BAT;.CMD;.VBS;.VBE;.JS;.JSE;.WSF;.WSH;.MSC, COMPOSE_CONVERT_WINDOWS_PATHS=true, WINDIR=C:\Windows, HOMEPATH=\Users\Usuario, PROCESSOR_IDENTIFIER=Intel64 Family 6 Model 158 Stepping 9, GenuineIntel, M2_HOME=D:\Archivos de Programa\Apache\maven, PUBLIC=C:\Users\Public, =::=::\, LOCALAPPDATA=C:\Users\Usuario\AppData\Local, COMMONPROGRAMFILES(X86)=C:\Program Files (x86)\Common Files, DOCKER_HOST=tcp://192.168.99.100:2376, USERDOMAIN=DESKTOP-0QNMBKA, FPS_BROWSER_APP_PROFILE_STRING=Internet Explorer, LOGONSERVER=\\DESKTOP-0QNMBKA, JAVA_HOME=C:\Program Files\Java\jdk1.8.0_161, PROMPT=$P$G, PROGRAMFILES(X86)=C:\Program Files (x86), =C:=C:\, APPDATA=C:\Users\Usuario\AppData\Roaming, DOCKER_MACHINE_NAME=default, DOCKER_CERT_PATH=C:\Users\Usuario\.docker\machine\machines\default, PROGRAMW6432=C:\Program Files, SYSTEMROOT=C:\Windows, VBOX_MSI_INSTALL_PATH=C:\Program Files\Oracle\VirtualBox\, OS=Windows_NT, COMMONPROGRAMW6432=C:\Program Files\Common Files, COMPUTERNAME=DESKTOP-0QNMBKA, COMMONPROGRAMFILES=C:\Program Files\Common Files, COMSPEC=C:\Windows\system32\cmd.exe, PROCESSOR_REVISION=9e09, DOCKER_TLS_VERIFY=1, =D:=D:\Usuarios\cvazquezlos\GitHub\TestLogAnalyzer\es.client, TEMP=C:\Users\Usuario\AppData\Local\Temp, HOMEDRIVE=C:, USERPROFILE=C:\Users\Usuario, TMP=C:\Users\Usuario\AppData\Local\Temp, NUMBER_OF_PROCESSORS=8, DOCKER_TOOLBOX_INSTALL_PATH=D:\Archivos de Programa\Docker Toolbox}}]
10:20:26.503 [main] DEBUG org.springframework.core.io.support.PathMatchingResourcePatternResolver - Resolved classpath location [elastest/loganalyzer/es/client/] to resources [URL [file:/D:/Usuarios/cvazquezlos/GitHub/TestLogAnalyzer/es.client/target/test-classes/elastest/loganalyzer/es/client/], URL [file:/D:/Usuarios/cvazquezlos/GitHub/TestLogAnalyzer/es.client/target/classes/elastest/loganalyzer/es/client/]]
10:20:26.504 [main] DEBUG org.springframework.core.io.support.PathMatchingResourcePatternResolver - Looking for matching resources in directory tree [D:\Usuarios\cvazquezlos\GitHub\TestLogAnalyzer\es.client\target\test-classes\elastest\loganalyzer\es\client]
10:20:26.504 [main] DEBUG org.springframework.core.io.support.PathMatchingResourcePatternResolver - Searching directory [D:\Usuarios\cvazquezlos\GitHub\TestLogAnalyzer\es.client\target\test-classes\elastest\loganalyzer\es\client] for files matching pattern [D:/Usuarios/cvazquezlos/GitHub/TestLogAnalyzer/es.client/target/test-classes/elastest/loganalyzer/es/client/*.class]
10:20:26.513 [main] DEBUG org.springframework.core.io.support.PathMatchingResourcePatternResolver - Looking for matching resources in directory tree [D:\Usuarios\cvazquezlos\GitHub\TestLogAnalyzer\es.client\target\classes\elastest\loganalyzer\es\client]
10:20:26.513 [main] DEBUG org.springframework.core.io.support.PathMatchingResourcePatternResolver - Searching directory [D:\Usuarios\cvazquezlos\GitHub\TestLogAnalyzer\es.client\target\classes\elastest\loganalyzer\es\client] for files matching pattern [D:/Usuarios/cvazquezlos/GitHub/TestLogAnalyzer/es.client/target/classes/elastest/loganalyzer/es/client/*.class]
10:20:26.519 [main] DEBUG org.springframework.core.io.support.PathMatchingResourcePatternResolver - Resolved location pattern [classpath*:elastest/loganalyzer/es/client/*.class] to resources [file [D:\Usuarios\cvazquezlos\GitHub\TestLogAnalyzer\es.client\target\test-classes\elastest\loganalyzer\es\client\DiffMatchPatchTest.class], file [D:\Usuarios\cvazquezlos\GitHub\TestLogAnalyzer\es.client\target\classes\elastest\loganalyzer\es\client\App$1.class], file [D:\Usuarios\cvazquezlos\GitHub\TestLogAnalyzer\es.client\target\classes\elastest\loganalyzer\es\client\App.class], file [D:\Usuarios\cvazquezlos\GitHub\TestLogAnalyzer\es.client\target\classes\elastest\loganalyzer\es\client\DiffMatchPatch$Diff.class], file [D:\Usuarios\cvazquezlos\GitHub\TestLogAnalyzer\es.client\target\classes\elastest\loganalyzer\es\client\DiffMatchPatch$LinesToCharsResult.class], file [D:\Usuarios\cvazquezlos\GitHub\TestLogAnalyzer\es.client\target\classes\elastest\loganalyzer\es\client\DiffMatchPatch$Operation.class], file [D:\Usuarios\cvazquezlos\GitHub\TestLogAnalyzer\es.client\target\classes\elastest\loganalyzer\es\client\DiffMatchPatch$Patch.class], file [D:\Usuarios\cvazquezlos\GitHub\TestLogAnalyzer\es.client\target\classes\elastest\loganalyzer\es\client\DiffMatchPatch.class], file [D:\Usuarios\cvazquezlos\GitHub\TestLogAnalyzer\es.client\target\classes\elastest\loganalyzer\es\client\EsConfiguration.class]]
10:20:26.641 [main] DEBUG org.springframework.context.annotation.ClassPathScanningCandidateComponentProvider - Identified candidate component class: file [D:\Usuarios\cvazquezlos\GitHub\TestLogAnalyzer\es.client\target\classes\elastest\loganalyzer\es\client\App.class]
10:20:26.672 [main] INFO org.springframework.boot.test.context.SpringBootTestContextBootstrapper - Found @SpringBootConfiguration elastest.loganalyzer.es.client.App for test class elastest.loganalyzer.es.client.DiffMatchPatchTest
10:20:26.684 [main] DEBUG org.springframework.boot.test.context.SpringBootTestContextBootstrapper - @TestExecutionListeners is not present for class [elastest.loganalyzer.es.client.DiffMatchPatchTest]: using defaults.
10:20:26.692 [main] INFO org.springframework.boot.test.context.SpringBootTestContextBootstrapper - Loaded default TestExecutionListener class names from location [META-INF/spring.factories]: [org.springframework.boot.test.mock.mockito.MockitoTestExecutionListener, org.springframework.boot.test.mock.mockito.ResetMocksTestExecutionListener, org.springframework.boot.test.autoconfigure.restdocs.RestDocsTestExecutionListener, org.springframework.boot.test.autoconfigure.web.client.MockRestServiceServerResetTestExecutionListener, org.springframework.boot.test.autoconfigure.web.servlet.MockMvcPrintOnlyOnFailureTestExecutionListener, org.springframework.boot.test.autoconfigure.web.servlet.WebDriverTestExecutionListener, org.springframework.test.context.web.ServletTestExecutionListener, org.springframework.test.context.support.DirtiesContextBeforeModesTestExecutionListener, org.springframework.test.context.support.DependencyInjectionTestExecutionListener, org.springframework.test.context.support.DirtiesContextTestExecutionListener, org.springframework.test.context.transaction.TransactionalTestExecutionListener, org.springframework.test.context.jdbc.SqlScriptsTestExecutionListener]
10:20:26.734 [main] INFO org.springframework.boot.test.context.SpringBootTestContextBootstrapper - Using TestExecutionListeners: [org.springframework.test.context.web.ServletTestExecutionListener@971d0d8, org.springframework.test.context.support.DirtiesContextBeforeModesTestExecutionListener@51931956, org.springframework.boot.test.autoconfigure.SpringBootDependencyInjectionTestExecutionListener@2b4a2ec7, org.springframework.test.context.support.DirtiesContextTestExecutionListener@564718df, org.springframework.test.context.transaction.TransactionalTestExecutionListener@51b7e5df, org.springframework.test.context.jdbc.SqlScriptsTestExecutionListener@18a70f16, org.springframework.boot.test.mock.mockito.MockitoTestExecutionListener@62e136d3, org.springframework.boot.test.mock.mockito.ResetMocksTestExecutionListener@c8e4bb0, org.springframework.boot.test.autoconfigure.restdocs.RestDocsTestExecutionListener@6279cee3, org.springframework.boot.test.autoconfigure.web.client.MockRestServiceServerResetTestExecutionListener@4206a205, org.springframework.boot.test.autoconfigure.web.servlet.MockMvcPrintOnlyOnFailureTestExecutionListener@29ba4338, org.springframework.boot.test.autoconfigure.web.servlet.WebDriverTestExecutionListener@57175e74]
10:20:26.744 [main] DEBUG org.springframework.test.context.junit4.SpringJUnit4ClassRunner - SpringJUnit4ClassRunner constructor called with [class elastest.loganalyzer.es.client.repository.ExecutionRepositoryTest]
10:20:26.744 [main] DEBUG org.springframework.test.context.BootstrapUtils - Instantiating CacheAwareContextLoaderDelegate from class [org.springframework.test.context.cache.DefaultCacheAwareContextLoaderDelegate]
10:20:26.745 [main] DEBUG org.springframework.test.context.BootstrapUtils - Instantiating BootstrapContext using constructor [public org.springframework.test.context.support.DefaultBootstrapContext(java.lang.Class,org.springframework.test.context.CacheAwareContextLoaderDelegate)]
10:20:26.746 [main] DEBUG org.springframework.test.context.BootstrapUtils - Instantiating TestContextBootstrapper for test class [elastest.loganalyzer.es.client.repository.ExecutionRepositoryTest] from class [org.springframework.boot.test.context.SpringBootTestContextBootstrapper]
10:20:26.747 [main] INFO org.springframework.boot.test.context.SpringBootTestContextBootstrapper - Neither @ContextConfiguration nor @ContextHierarchy found for test class [elastest.loganalyzer.es.client.repository.ExecutionRepositoryTest], using SpringBootContextLoader
10:20:26.749 [main] DEBUG org.springframework.test.context.support.AbstractContextLoader - Did not detect default resource location for test class [elastest.loganalyzer.es.client.repository.ExecutionRepositoryTest]: class path resource [elastest/loganalyzer/es/client/repository/ExecutionRepositoryTest-context.xml] does not exist
10:20:26.750 [main] DEBUG org.springframework.test.context.support.AbstractContextLoader - Did not detect default resource location for test class [elastest.loganalyzer.es.client.repository.ExecutionRepositoryTest]: class path resource [elastest/loganalyzer/es/client/repository/ExecutionRepositoryTestContext.groovy] does not exist
10:20:26.750 [main] INFO org.springframework.test.context.support.AbstractContextLoader - Could not detect default resource locations for test class [elastest.loganalyzer.es.client.repository.ExecutionRepositoryTest]: no resource found for suffixes {-context.xml, Context.groovy}.
10:20:26.750 [main] INFO org.springframework.test.context.support.AnnotationConfigContextLoaderUtils - Could not detect default configuration classes for test class [elastest.loganalyzer.es.client.repository.ExecutionRepositoryTest]: ExecutionRepositoryTest does not declare any static, non-private, non-final, nested classes annotated with @Configuration.
10:20:26.764 [main] DEBUG org.springframework.test.context.support.ActiveProfilesUtils - Could not find an 'annotation declaring class' for annotation type [org.springframework.test.context.ActiveProfiles] and class [elastest.loganalyzer.es.client.repository.ExecutionRepositoryTest]
10:20:26.764 [main] DEBUG org.springframework.core.env.StandardEnvironment - Adding PropertySource 'systemProperties' with lowest search precedence
10:20:26.764 [main] DEBUG org.springframework.core.env.StandardEnvironment - Adding PropertySource 'systemEnvironment' with lowest search precedence
10:20:26.765 [main] DEBUG org.springframework.core.env.StandardEnvironment - Initialized StandardEnvironment with PropertySources [MapPropertySource@211968962 {name='systemProperties', properties={java.runtime.name=Java(TM) SE Runtime Environment, sun.boot.library.path=C:\Program Files\Java\jre1.8.0_161\bin, java.vm.version=25.161-b12, java.vm.vendor=Oracle Corporation, java.vendor.url=http://java.oracle.com/, path.separator=;, java.vm.name=Java HotSpot(TM) 64-Bit Server VM, file.encoding.pkg=sun.io, user.country=ES, user.script=, sun.java.launcher=SUN_STANDARD, sun.os.patch.level=, java.vm.specification.name=Java Virtual Machine Specification, user.dir=D:\Usuarios\cvazquezlos\GitHub\TestLogAnalyzer\es.client, java.runtime.version=1.8.0_161-b12, basedir=D:\Usuarios\cvazquezlos\GitHub\TestLogAnalyzer\es.client, java.awt.graphicsenv=sun.awt.Win32GraphicsEnvironment, java.endorsed.dirs=C:\Program Files\Java\jre1.8.0_161\lib\endorsed, os.arch=amd64, surefire.real.class.path=D:\Usuarios\cvazquezlos\GitHub\TestLogAnalyzer\es.client\target\surefire\surefirebooter5291426959607447935.jar, java.io.tmpdir=C:\Users\Usuario\AppData\Local\Temp\, line.separator=
, java.vm.specification.vendor=Oracle Corporation, user.variant=, os.name=Windows 10, sun.jnu.encoding=Cp1252, java.library.path=C:\Program Files\Java\jre1.8.0_161\bin;C:\Windows\Sun\Java\bin;C:\Windows\system32;C:\Windows;C:/Program Files/Java/jre1.8.0_161/bin/server;C:/Program Files/Java/jre1.8.0_161/bin;C:/Program Files/Java/jre1.8.0_161/lib/amd64;C:\Program Files (x86)\Razer Chroma SDK\bin;C:\Program Files\Razer Chroma SDK\bin;C:\ProgramData\Oracle\Java\javapath;C:\Program Files (x86)\Intel\iCLS Client\;C:\Program Files\Intel\iCLS Client\;C:\Windows\system32;C:\Windows;C:\Windows\System32\Wbem;C:\Windows\System32\WindowsPowerShell\v1.0\;C:\Program Files (x86)\Intel\Intel(R) Management Engine Components\DAL;C:\Program Files\Intel\Intel(R) Management Engine Components\DAL;C:\Program Files (x86)\Intel\Intel(R) Management Engine Components\IPT;C:\Program Files\Intel\Intel(R) Management Engine Components\IPT;C:\Program Files (x86)\NVIDIA Corporation\PhysX\Common;JAVA_HOME;D:\Archivos de Programa\nodejs\;D:\Archivos de Programa\Brackets\command;C:\Windows\system32\config\systemprofile\AppData\Local\Microsoft\WindowsApps;D:\Archivos de Programa\Apache\maven\bin;C:\Program Files\Git\cmd;C:\Users\Usuario\AppData\Local\Microsoft\WindowsApps;C:\Users\Usuario\AppData\Local\GitHubDesktop\bin;C:\Users\Usuario\AppData\Roaming\npm;D:\Archivos de Programa\Docker Toolbox;D:\Usuarios\cvazquezlos\Documents\sts-bundle\sts-3.9.2.RELEASE;;., surefire.test.class.path=D:\Usuarios\cvazquezlos\GitHub\TestLogAnalyzer\es.client\target\test-classes;D:\Usuarios\cvazquezlos\GitHub\TestLogAnalyzer\es.client\target\classes;C:\Users\Usuario\.m2\repository\net\java\dev\jna\jna\4.2.2\jna-4.2.2.jar;C:\Users\Usuario\.m2\repository\org\springframework\boot\spring-boot-starter-data-elasticsearch\1.5.10.RELEASE\spring-boot-starter-data-elasticsearch-1.5.10.RELEASE.jar;C:\Users\Usuario\.m2\repository\org\springframework\boot\spring-boot-starter\1.5.10.RELEASE\spring-boot-starter-1.5.10.RELEASE.jar;C:\Users\Usuario\.m2\repository\org\springframework\boot\spring-boot-starter-logging\1.5.10.RELEASE\spring-boot-starter-logging-1.5.10.RELEASE.jar;C:\Users\Usuario\.m2\repository\ch\qos\logback\logback-classic\1.1.11\logback-classic-1.1.11.jar;C:\Users\Usuario\.m2\repository\ch\qos\logback\logback-core\1.1.11\logback-core-1.1.11.jar;C:\Users\Usuario\.m2\repository\org\slf4j\jul-to-slf4j\1.7.25\jul-to-slf4j-1.7.25.jar;C:\Users\Usuario\.m2\repository\org\slf4j\log4j-over-slf4j\1.7.25\log4j-over-slf4j-1.7.25.jar;C:\Users\Usuario\.m2\repository\org\yaml\snakeyaml\1.17\snakeyaml-1.17.jar;C:\Users\Usuario\.m2\repository\org\springframework\data\spring-data-elasticsearch\2.1.10.RELEASE\spring-data-elasticsearch-2.1.10.RELEASE.jar;C:\Users\Usuario\.m2\repository\org\springframework\spring-tx\4.3.14.RELEASE\spring-tx-4.3.14.RELEASE.jar;C:\Users\Usuario\.m2\repository\org\springframework\data\spring-data-commons\1.13.10.RELEASE\spring-data-commons-1.13.10.RELEASE.jar;C:\Users\Usuario\.m2\repository\commons-lang\commons-lang\2.6\commons-lang-2.6.jar;C:\Users\Usuario\.m2\repository\joda-time\joda-time\2.9.9\joda-time-2.9.9.jar;C:\Users\Usuario\.m2\repository\org\elasticsearch\elasticsearch\2.4.6\elasticsearch-2.4.6.jar;C:\Users\Usuario\.m2\repository\org\apache\lucene\lucene-core\5.5.4\lucene-core-5.5.4.jar;C:\Users\Usuario\.m2\repository\org\apache\lucene\lucene-backward-codecs\5.5.4\lucene-backward-codecs-5.5.4.jar;C:\Users\Usuario\.m2\repository\org\apache\lucene\lucene-analyzers-common\5.5.4\lucene-analyzers-common-5.5.4.jar;C:\Users\Usuario\.m2\repository\org\apache\lucene\lucene-queries\5.5.4\lucene-queries-5.5.4.jar;C:\Users\Usuario\.m2\repository\org\apache\lucene\lucene-memory\5.5.4\lucene-memory-5.5.4.jar;C:\Users\Usuario\.m2\repository\org\apache\lucene\lucene-highlighter\5.5.4\lucene-highlighter-5.5.4.jar;C:\Users\Usuario\.m2\repository\org\apache\lucene\lucene-queryparser\5.5.4\lucene-queryparser-5.5.4.jar;C:\Users\Usuario\.m2\repository\org\apache\lucene\lucene-sandbox\5.5.4\lucene-sandbox-5.5.4.jar;C:\Users\Usuario\.m2\repository\org\apache\lucene\lucene-suggest\5.5.4\lucene-suggest-5.5.4.jar;C:\Users\Usuario\.m2\repository\org\apache\lucene\lucene-misc\5.5.4\lucene-misc-5.5.4.jar;C:\Users\Usuario\.m2\repository\org\apache\lucene\lucene-join\5.5.4\lucene-join-5.5.4.jar;C:\Users\Usuario\.m2\repository\org\apache\lucene\lucene-grouping\5.5.4\lucene-grouping-5.5.4.jar;C:\Users\Usuario\.m2\repository\org\apache\lucene\lucene-spatial\5.5.4\lucene-spatial-5.5.4.jar;C:\Users\Usuario\.m2\repository\org\apache\lucene\lucene-spatial3d\5.5.4\lucene-spatial3d-5.5.4.jar;C:\Users\Usuario\.m2\repository\com\spatial4j\spatial4j\0.5\spatial4j-0.5.jar;C:\Users\Usuario\.m2\repository\com\google\guava\guava\18.0\guava-18.0.jar;C:\Users\Usuario\.m2\repository\org\elasticsearch\securesm\1.0\securesm-1.0.jar;C:\Users\Usuario\.m2\repository\com\carrotsearch\hppc\0.7.1\hppc-0.7.1.jar;C:\Users\Usuario\.m2\repository\com\fasterxml\jackson\dataformat\jackson-dataformat-smile\2.8.10\jackson-dataformat-smile-2.8.10.jar;C:\Users\Usuario\.m2\repository\com\fasterxml\jackson\dataformat\jackson-dataformat-yaml\2.8.10\jackson-dataformat-yaml-2.8.10.jar;C:\Users\Usuario\.m2\repository\com\fasterxml\jackson\dataformat\jackson-dataformat-cbor\2.8.10\jackson-dataformat-cbor-2.8.10.jar;C:\Users\Usuario\.m2\repository\io\netty\netty\3.10.6.Final\netty-3.10.6.Final.jar;C:\Users\Usuario\.m2\repository\com\ning\compress-lzf\1.0.2\compress-lzf-1.0.2.jar;C:\Users\Usuario\.m2\repository\com\tdunning\t-digest\3.0\t-digest-3.0.jar;C:\Users\Usuario\.m2\repository\org\hdrhistogram\HdrHistogram\2.1.6\HdrHistogram-2.1.6.jar;C:\Users\Usuario\.m2\repository\commons-cli\commons-cli\1.3.1\commons-cli-1.3.1.jar;C:\Users\Usuario\.m2\repository\com\twitter\jsr166e\1.1.0\jsr166e-1.1.0.jar;C:\Users\Usuario\.m2\repository\com\fasterxml\jackson\core\jackson-core\2.8.10\jackson-core-2.8.10.jar;C:\Users\Usuario\.m2\repository\org\slf4j\slf4j-api\1.7.25\slf4j-api-1.7.25.jar;C:\Users\Usuario\.m2\repository\org\slf4j\jcl-over-slf4j\1.7.25\jcl-over-slf4j-1.7.25.jar;C:\Users\Usuario\.m2\repository\org\springframework\boot\spring-boot-starter-test\1.5.10.RELEASE\spring-boot-starter-test-1.5.10.RELEASE.jar;C:\Users\Usuario\.m2\repository\org\springframework\boot\spring-boot-test\1.5.10.RELEASE\spring-boot-test-1.5.10.RELEASE.jar;C:\Users\Usuario\.m2\repository\org\springframework\boot\spring-boot-test-autoconfigure\1.5.10.RELEASE\spring-boot-test-autoconfigure-1.5.10.RELEASE.jar;C:\Users\Usuario\.m2\repository\com\jayway\jsonpath\json-path\2.2.0\json-path-2.2.0.jar;C:\Users\Usuario\.m2\repository\net\minidev\json-smart\2.2.1\json-smart-2.2.1.jar;C:\Users\Usuario\.m2\repository\net\minidev\accessors-smart\1.1\accessors-smart-1.1.jar;C:\Users\Usuario\.m2\repository\org\ow2\asm\asm\5.0.3\asm-5.0.3.jar;C:\Users\Usuario\.m2\repository\org\assertj\assertj-core\2.6.0\assertj-core-2.6.0.jar;C:\Users\Usuario\.m2\repository\org\mockito\mockito-core\1.10.19\mockito-core-1.10.19.jar;C:\Users\Usuario\.m2\repository\org\objenesis\objenesis\2.1\objenesis-2.1.jar;C:\Users\Usuario\.m2\repository\org\hamcrest\hamcrest-core\1.3\hamcrest-core-1.3.jar;C:\Users\Usuario\.m2\repository\org\hamcrest\hamcrest-library\1.3\hamcrest-library-1.3.jar;C:\Users\Usuario\.m2\repository\org\skyscreamer\jsonassert\1.4.0\jsonassert-1.4.0.jar;C:\Users\Usuario\.m2\repository\com\vaadin\external\google\android-json\0.0.20131108.vaadin1\android-json-0.0.20131108.vaadin1.jar;C:\Users\Usuario\.m2\repository\org\springframework\spring-core\4.3.14.RELEASE\spring-core-4.3.14.RELEASE.jar;C:\Users\Usuario\.m2\repository\org\springframework\boot\spring-boot-starter-web\1.5.10.RELEASE\spring-boot-starter-web-1.5.10.RELEASE.jar;C:\Users\Usuario\.m2\repository\org\springframework\boot\spring-boot-starter-tomcat\1.5.10.RELEASE\spring-boot-starter-tomcat-1.5.10.RELEASE.jar;C:\Users\Usuario\.m2\repository\org\apache\tomcat\embed\tomcat-embed-core\8.5.27\tomcat-embed-core-8.5.27.jar;C:\Users\Usuario\.m2\repository\org\apache\tomcat\tomcat-annotations-api\8.5.27\tomcat-annotations-api-8.5.27.jar;C:\Users\Usuario\.m2\repository\org\apache\tomcat\embed\tomcat-embed-el\8.5.27\tomcat-embed-el-8.5.27.jar;C:\Users\Usuario\.m2\repository\org\apache\tomcat\embed\tomcat-embed-websocket\8.5.27\tomcat-embed-websocket-8.5.27.jar;C:\Users\Usuario\.m2\repository\org\hibernate\hibernate-validator\5.3.6.Final\hibernate-validator-5.3.6.Final.jar;C:\Users\Usuario\.m2\repository\javax\validation\validation-api\1.1.0.Final\validation-api-1.1.0.Final.jar;C:\Users\Usuario\.m2\repository\org\jboss\logging\jboss-logging\3.3.1.Final\jboss-logging-3.3.1.Final.jar;C:\Users\Usuario\.m2\repository\com\fasterxml\classmate\1.3.4\classmate-1.3.4.jar;C:\Users\Usuario\.m2\repository\com\fasterxml\jackson\core\jackson-databind\2.8.10\jackson-databind-2.8.10.jar;C:\Users\Usuario\.m2\repository\com\fasterxml\jackson\core\jackson-annotations\2.8.0\jackson-annotations-2.8.0.jar;C:\Users\Usuario\.m2\repository\org\springframework\spring-web\4.3.14.RELEASE\spring-web-4.3.14.RELEASE.jar;C:\Users\Usuario\.m2\repository\org\springframework\spring-webmvc\4.3.14.RELEASE\spring-webmvc-4.3.14.RELEASE.jar;C:\Users\Usuario\.m2\repository\org\springframework\boot\spring-boot-devtools\1.5.10.RELEASE\spring-boot-devtools-1.5.10.RELEASE.jar;C:\Users\Usuario\.m2\repository\org\springframework\boot\spring-boot\1.5.10.RELEASE\spring-boot-1.5.10.RELEASE.jar;C:\Users\Usuario\.m2\repository\org\springframework\boot\spring-boot-autoconfigure\1.5.10.RELEASE\spring-boot-autoconfigure-1.5.10.RELEASE.jar;C:\Users\Usuario\.m2\repository\junit\junit\4.12\junit-4.12.jar;C:\Users\Usuario\.m2\repository\org\springframework\boot\spring-boot-configuration-processor\1.5.10.RELEASE\spring-boot-configuration-processor-1.5.10.RELEASE.jar;C:\Users\Usuario\.m2\repository\org\apache\maven\surefire\surefire-report-parser\2.20\surefire-report-parser-2.20.jar;C:\Users\Usuario\.m2\repository\org\apache\maven\surefire\surefire-logger-api\2.20\surefire-logger-api-2.20.jar;C:\Users\Usuario\.m2\repository\org\apache\maven\reporting\maven-reporting-api\3.0\maven-reporting-api-3.0.jar;C:\Users\Usuario\.m2\repository\org\apache\maven\doxia\doxia-sink-api\1.0\doxia-sink-api-1.0.jar;C:\Users\Usuario\.m2\repository\org\springframework\spring-context\4.3.14.RELEASE\spring-context-4.3.14.RELEASE.jar;C:\Users\Usuario\.m2\repository\org\springframework\spring-aop\4.3.14.RELEASE\spring-aop-4.3.14.RELEASE.jar;C:\Users\Usuario\.m2\repository\org\springframework\spring-beans\4.3.14.RELEASE\spring-beans-4.3.14.RELEASE.jar;C:\Users\Usuario\.m2\repository\org\springframework\spring-expression\4.3.14.RELEASE\spring-expression-4.3.14.RELEASE.jar;C:\Users\Usuario\.m2\repository\org\springframework\spring-test\4.3.14.RELEASE\spring-test-4.3.14.RELEASE.jar;, java.specification.name=Java Platform API Specification, java.class.version=52.0, sun.management.compiler=HotSpot 64-Bit Tiered Compilers, os.version=10.0, user.home=C:\Users\Usuario, user.timezone=Europe/Paris, java.awt.printerjob=sun.awt.windows.WPrinterJob, file.encoding=Cp1252, java.specification.version=1.8, java.class.path=D:\Usuarios\cvazquezlos\GitHub\TestLogAnalyzer\es.client\target\test-classes;D:\Usuarios\cvazquezlos\GitHub\TestLogAnalyzer\es.client\target\classes;C:\Users\Usuario\.m2\repository\net\java\dev\jna\jna\4.2.2\jna-4.2.2.jar;C:\Users\Usuario\.m2\repository\org\springframework\boot\spring-boot-starter-data-elasticsearch\1.5.10.RELEASE\spring-boot-starter-data-elasticsearch-1.5.10.RELEASE.jar;C:\Users\Usuario\.m2\repository\org\springframework\boot\spring-boot-starter\1.5.10.RELEASE\spring-boot-starter-1.5.10.RELEASE.jar;C:\Users\Usuario\.m2\repository\org\springframework\boot\spring-boot-starter-logging\1.5.10.RELEASE\spring-boot-starter-logging-1.5.10.RELEASE.jar;C:\Users\Usuario\.m2\repository\ch\qos\logback\logback-classic\1.1.11\logback-classic-1.1.11.jar;C:\Users\Usuario\.m2\repository\ch\qos\logback\logback-core\1.1.11\logback-core-1.1.11.jar;C:\Users\Usuario\.m2\repository\org\slf4j\jul-to-slf4j\1.7.25\jul-to-slf4j-1.7.25.jar;C:\Users\Usuario\.m2\repository\org\slf4j\log4j-over-slf4j\1.7.25\log4j-over-slf4j-1.7.25.jar;C:\Users\Usuario\.m2\repository\org\yaml\snakeyaml\1.17\snakeyaml-1.17.jar;C:\Users\Usuario\.m2\repository\org\springframework\data\spring-data-elasticsearch\2.1.10.RELEASE\spring-data-elasticsearch-2.1.10.RELEASE.jar;C:\Users\Usuario\.m2\repository\org\springframework\spring-tx\4.3.14.RELEASE\spring-tx-4.3.14.RELEASE.jar;C:\Users\Usuario\.m2\repository\org\springframework\data\spring-data-commons\1.13.10.RELEASE\spring-data-commons-1.13.10.RELEASE.jar;C:\Users\Usuario\.m2\repository\commons-lang\commons-lang\2.6\commons-lang-2.6.jar;C:\Users\Usuario\.m2\repository\joda-time\joda-time\2.9.9\joda-time-2.9.9.jar;C:\Users\Usuario\.m2\repository\org\elasticsearch\elasticsearch\2.4.6\elasticsearch-2.4.6.jar;C:\Users\Usuario\.m2\repository\org\apache\lucene\lucene-core\5.5.4\lucene-core-5.5.4.jar;C:\Users\Usuario\.m2\repository\org\apache\lucene\lucene-backward-codecs\5.5.4\lucene-backward-codecs-5.5.4.jar;C:\Users\Usuario\.m2\repository\org\apache\lucene\lucene-analyzers-common\5.5.4\lucene-analyzers-common-5.5.4.jar;C:\Users\Usuario\.m2\repository\org\apache\lucene\lucene-queries\5.5.4\lucene-queries-5.5.4.jar;C:\Users\Usuario\.m2\repository\org\apache\lucene\lucene-memory\5.5.4\lucene-memory-5.5.4.jar;C:\Users\Usuario\.m2\repository\org\apache\lucene\lucene-highlighter\5.5.4\lucene-highlighter-5.5.4.jar;C:\Users\Usuario\.m2\repository\org\apache\lucene\lucene-queryparser\5.5.4\lucene-queryparser-5.5.4.jar;C:\Users\Usuario\.m2\repository\org\apache\lucene\lucene-sandbox\5.5.4\lucene-sandbox-5.5.4.jar;C:\Users\Usuario\.m2\repository\org\apache\lucene\lucene-suggest\5.5.4\lucene-suggest-5.5.4.jar;C:\Users\Usuario\.m2\repository\org\apache\lucene\lucene-misc\5.5.4\lucene-misc-5.5.4.jar;C:\Users\Usuario\.m2\repository\org\apache\lucene\lucene-join\5.5.4\lucene-join-5.5.4.jar;C:\Users\Usuario\.m2\repository\org\apache\lucene\lucene-grouping\5.5.4\lucene-grouping-5.5.4.jar;C:\Users\Usuario\.m2\repository\org\apache\lucene\lucene-spatial\5.5.4\lucene-spatial-5.5.4.jar;C:\Users\Usuario\.m2\repository\org\apache\lucene\lucene-spatial3d\5.5.4\lucene-spatial3d-5.5.4.jar;C:\Users\Usuario\.m2\repository\com\spatial4j\spatial4j\0.5\spatial4j-0.5.jar;C:\Users\Usuario\.m2\repository\com\google\guava\guava\18.0\guava-18.0.jar;C:\Users\Usuario\.m2\repository\org\elasticsearch\securesm\1.0\securesm-1.0.jar;C:\Users\Usuario\.m2\repository\com\carrotsearch\hppc\0.7.1\hppc-0.7.1.jar;C:\Users\Usuario\.m2\repository\com\fasterxml\jackson\dataformat\jackson-dataformat-smile\2.8.10\jackson-dataformat-smile-2.8.10.jar;C:\Users\Usuario\.m2\repository\com\fasterxml\jackson\dataformat\jackson-dataformat-yaml\2.8.10\jackson-dataformat-yaml-2.8.10.jar;C:\Users\Usuario\.m2\repository\com\fasterxml\jackson\dataformat\jackson-dataformat-cbor\2.8.10\jackson-dataformat-cbor-2.8.10.jar;C:\Users\Usuario\.m2\repository\io\netty\netty\3.10.6.Final\netty-3.10.6.Final.jar;C:\Users\Usuario\.m2\repository\com\ning\compress-lzf\1.0.2\compress-lzf-1.0.2.jar;C:\Users\Usuario\.m2\repository\com\tdunning\t-digest\3.0\t-digest-3.0.jar;C:\Users\Usuario\.m2\repository\org\hdrhistogram\HdrHistogram\2.1.6\HdrHistogram-2.1.6.jar;C:\Users\Usuario\.m2\repository\commons-cli\commons-cli\1.3.1\commons-cli-1.3.1.jar;C:\Users\Usuario\.m2\repository\com\twitter\jsr166e\1.1.0\jsr166e-1.1.0.jar;C:\Users\Usuario\.m2\repository\com\fasterxml\jackson\core\jackson-core\2.8.10\jackson-core-2.8.10.jar;C:\Users\Usuario\.m2\repository\org\slf4j\slf4j-api\1.7.25\slf4j-api-1.7.25.jar;C:\Users\Usuario\.m2\repository\org\slf4j\jcl-over-slf4j\1.7.25\jcl-over-slf4j-1.7.25.jar;C:\Users\Usuario\.m2\repository\org\springframework\boot\spring-boot-starter-test\1.5.10.RELEASE\spring-boot-starter-test-1.5.10.RELEASE.jar;C:\Users\Usuario\.m2\repository\org\springframework\boot\spring-boot-test\1.5.10.RELEASE\spring-boot-test-1.5.10.RELEASE.jar;C:\Users\Usuario\.m2\repository\org\springframework\boot\spring-boot-test-autoconfigure\1.5.10.RELEASE\spring-boot-test-autoconfigure-1.5.10.RELEASE.jar;C:\Users\Usuario\.m2\repository\com\jayway\jsonpath\json-path\2.2.0\json-path-2.2.0.jar;C:\Users\Usuario\.m2\repository\net\minidev\json-smart\2.2.1\json-smart-2.2.1.jar;C:\Users\Usuario\.m2\repository\net\minidev\accessors-smart\1.1\accessors-smart-1.1.jar;C:\Users\Usuario\.m2\repository\org\ow2\asm\asm\5.0.3\asm-5.0.3.jar;C:\Users\Usuario\.m2\repository\org\assertj\assertj-core\2.6.0\assertj-core-2.6.0.jar;C:\Users\Usuario\.m2\repository\org\mockito\mockito-core\1.10.19\mockito-core-1.10.19.jar;C:\Users\Usuario\.m2\repository\org\objenesis\objenesis\2.1\objenesis-2.1.jar;C:\Users\Usuario\.m2\repository\org\hamcrest\hamcrest-core\1.3\hamcrest-core-1.3.jar;C:\Users\Usuario\.m2\repository\org\hamcrest\hamcrest-library\1.3\hamcrest-library-1.3.jar;C:\Users\Usuario\.m2\repository\org\skyscreamer\jsonassert\1.4.0\jsonassert-1.4.0.jar;C:\Users\Usuario\.m2\repository\com\vaadin\external\google\android-json\0.0.20131108.vaadin1\android-json-0.0.20131108.vaadin1.jar;C:\Users\Usuario\.m2\repository\org\springframework\spring-core\4.3.14.RELEASE\spring-core-4.3.14.RELEASE.jar;C:\Users\Usuario\.m2\repository\org\springframework\boot\spring-boot-starter-web\1.5.10.RELEASE\spring-boot-starter-web-1.5.10.RELEASE.jar;C:\Users\Usuario\.m2\repository\org\springframework\boot\spring-boot-starter-tomcat\1.5.10.RELEASE\spring-boot-starter-tomcat-1.5.10.RELEASE.jar;C:\Users\Usuario\.m2\repository\org\apache\tomcat\embed\tomcat-embed-core\8.5.27\tomcat-embed-core-8.5.27.jar;C:\Users\Usuario\.m2\repository\org\apache\tomcat\tomcat-annotations-api\8.5.27\tomcat-annotations-api-8.5.27.jar;C:\Users\Usuario\.m2\repository\org\apache\tomcat\embed\tomcat-embed-el\8.5.27\tomcat-embed-el-8.5.27.jar;C:\Users\Usuario\.m2\repository\org\apache\tomcat\embed\tomcat-embed-websocket\8.5.27\tomcat-embed-websocket-8.5.27.jar;C:\Users\Usuario\.m2\repository\org\hibernate\hibernate-validator\5.3.6.Final\hibernate-validator-5.3.6.Final.jar;C:\Users\Usuario\.m2\repository\javax\validation\validation-api\1.1.0.Final\validation-api-1.1.0.Final.jar;C:\Users\Usuario\.m2\repository\org\jboss\logging\jboss-logging\3.3.1.Final\jboss-logging-3.3.1.Final.jar;C:\Users\Usuario\.m2\repository\com\fasterxml\classmate\1.3.4\classmate-1.3.4.jar;C:\Users\Usuario\.m2\repository\com\fasterxml\jackson\core\jackson-databind\2.8.10\jackson-databind-2.8.10.jar;C:\Users\Usuario\.m2\repository\com\fasterxml\jackson\core\jackson-annotations\2.8.0\jackson-annotations-2.8.0.jar;C:\Users\Usuario\.m2\repository\org\springframework\spring-web\4.3.14.RELEASE\spring-web-4.3.14.RELEASE.jar;C:\Users\Usuario\.m2\repository\org\springframework\spring-webmvc\4.3.14.RELEASE\spring-webmvc-4.3.14.RELEASE.jar;C:\Users\Usuario\.m2\repository\org\springframework\boot\spring-boot-devtools\1.5.10.RELEASE\spring-boot-devtools-1.5.10.RELEASE.jar;C:\Users\Usuario\.m2\repository\org\springframework\boot\spring-boot\1.5.10.RELEASE\spring-boot-1.5.10.RELEASE.jar;C:\Users\Usuario\.m2\repository\org\springframework\boot\spring-boot-autoconfigure\1.5.10.RELEASE\spring-boot-autoconfigure-1.5.10.RELEASE.jar;C:\Users\Usuario\.m2\repository\junit\junit\4.12\junit-4.12.jar;C:\Users\Usuario\.m2\repository\org\springframework\boot\spring-boot-configuration-processor\1.5.10.RELEASE\spring-boot-configuration-processor-1.5.10.RELEASE.jar;C:\Users\Usuario\.m2\repository\org\apache\maven\surefire\surefire-report-parser\2.20\surefire-report-parser-2.20.jar;C:\Users\Usuario\.m2\repository\org\apache\maven\surefire\surefire-logger-api\2.20\surefire-logger-api-2.20.jar;C:\Users\Usuario\.m2\repository\org\apache\maven\reporting\maven-reporting-api\3.0\maven-reporting-api-3.0.jar;C:\Users\Usuario\.m2\repository\org\apache\maven\doxia\doxia-sink-api\1.0\doxia-sink-api-1.0.jar;C:\Users\Usuario\.m2\repository\org\springframework\spring-context\4.3.14.RELEASE\spring-context-4.3.14.RELEASE.jar;C:\Users\Usuario\.m2\repository\org\springframework\spring-aop\4.3.14.RELEASE\spring-aop-4.3.14.RELEASE.jar;C:\Users\Usuario\.m2\repository\org\springframework\spring-beans\4.3.14.RELEASE\spring-beans-4.3.14.RELEASE.jar;C:\Users\Usuario\.m2\repository\org\springframework\spring-expression\4.3.14.RELEASE\spring-expression-4.3.14.RELEASE.jar;C:\Users\Usuario\.m2\repository\org\springframework\spring-test\4.3.14.RELEASE\spring-test-4.3.14.RELEASE.jar;, user.name=Usuario, java.vm.specification.version=1.8, sun.java.command=D:\Usuarios\cvazquezlos\GitHub\TestLogAnalyzer\es.client\target\surefire\surefirebooter5291426959607447935.jar D:\Usuarios\cvazquezlos\GitHub\TestLogAnalyzer\es.client\target\surefire\surefire3916768641796732543tmp D:\Usuarios\cvazquezlos\GitHub\TestLogAnalyzer\es.client\target\surefire\surefire_05207735336759228675tmp, java.home=C:\Program Files\Java\jre1.8.0_161, sun.arch.data.model=64, user.language=es, java.specification.vendor=Oracle Corporation, awt.toolkit=sun.awt.windows.WToolkit, java.vm.info=mixed mode, java.version=1.8.0_161, java.ext.dirs=C:\Program Files\Java\jre1.8.0_161\lib\ext;C:\Windows\Sun\Java\lib\ext, sun.boot.class.path=C:\Program Files\Java\jre1.8.0_161\lib\resources.jar;C:\Program Files\Java\jre1.8.0_161\lib\rt.jar;C:\Program Files\Java\jre1.8.0_161\lib\sunrsasign.jar;C:\Program Files\Java\jre1.8.0_161\lib\jsse.jar;C:\Program Files\Java\jre1.8.0_161\lib\jce.jar;C:\Program Files\Java\jre1.8.0_161\lib\charsets.jar;C:\Program Files\Java\jre1.8.0_161\lib\jfr.jar;C:\Program Files\Java\jre1.8.0_161\classes, java.vendor=Oracle Corporation, localRepository=C:\Users\Usuario\.m2\repository, file.separator=\, java.vendor.url.bug=http://bugreport.sun.com/bugreport/, sun.io.unicode.encoding=UnicodeLittle, sun.cpu.endian=little, sun.desktop=windows, sun.cpu.isalist=amd64}}, SystemEnvironmentPropertySource@1486566962 {name='systemEnvironment', properties={PATH=C:/Program Files/Java/jre1.8.0_161/bin/server;C:/Program Files/Java/jre1.8.0_161/bin;C:/Program Files/Java/jre1.8.0_161/lib/amd64;C:\Program Files (x86)\Razer Chroma SDK\bin;C:\Program Files\Razer Chroma SDK\bin;C:\ProgramData\Oracle\Java\javapath;C:\Program Files (x86)\Intel\iCLS Client\;C:\Program Files\Intel\iCLS Client\;C:\Windows\system32;C:\Windows;C:\Windows\System32\Wbem;C:\Windows\System32\WindowsPowerShell\v1.0\;C:\Program Files (x86)\Intel\Intel(R) Management Engine Components\DAL;C:\Program Files\Intel\Intel(R) Management Engine Components\DAL;C:\Program Files (x86)\Intel\Intel(R) Management Engine Components\IPT;C:\Program Files\Intel\Intel(R) Management Engine Components\IPT;C:\Program Files (x86)\NVIDIA Corporation\PhysX\Common;JAVA_HOME;D:\Archivos de Programa\nodejs\;D:\Archivos de Programa\Brackets\command;C:\Windows\system32\config\systemprofile\AppData\Local\Microsoft\WindowsApps;D:\Archivos de Programa\Apache\maven\bin;C:\Program Files\Git\cmd;C:\Users\Usuario\AppData\Local\Microsoft\WindowsApps;C:\Users\Usuario\AppData\Local\GitHubDesktop\bin;C:\Users\Usuario\AppData\Roaming\npm;D:\Archivos de Programa\Docker Toolbox;D:\Usuarios\cvazquezlos\Documents\sts-bundle\sts-3.9.2.RELEASE;, USERDOMAIN_ROAMINGPROFILE=DESKTOP-0QNMBKA, NO_PROXY=192.168.99.100, PROCESSOR_LEVEL=6, SYSTEMDRIVE=C:, SESSIONNAME=Console, ALLUSERSPROFILE=C:\ProgramData, PROCESSOR_ARCHITECTURE=AMD64, MAVEN_HOME=D:\Archivos de Programa\Apache\maven, PROGRAMFILES=C:\Program Files, PSMODULEPATH=C:\Program Files\WindowsPowerShell\Modules;C:\Windows\system32\WindowsPowerShell\v1.0\Modules, PROGRAMDATA=C:\ProgramData, USERNAME=Usuario, FPS_BROWSER_USER_PROFILE_STRING=Default, ONEDRIVE=C:\Users\Usuario\OneDrive, PATHEXT=.COM;.EXE;.BAT;.CMD;.VBS;.VBE;.JS;.JSE;.WSF;.WSH;.MSC, COMPOSE_CONVERT_WINDOWS_PATHS=true, WINDIR=C:\Windows, HOMEPATH=\Users\Usuario, PROCESSOR_IDENTIFIER=Intel64 Family 6 Model 158 Stepping 9, GenuineIntel, M2_HOME=D:\Archivos de Programa\Apache\maven, PUBLIC=C:\Users\Public, =::=::\, LOCALAPPDATA=C:\Users\Usuario\AppData\Local, COMMONPROGRAMFILES(X86)=C:\Program Files (x86)\Common Files, DOCKER_HOST=tcp://192.168.99.100:2376, USERDOMAIN=DESKTOP-0QNMBKA, FPS_BROWSER_APP_PROFILE_STRING=Internet Explorer, LOGONSERVER=\\DESKTOP-0QNMBKA, JAVA_HOME=C:\Program Files\Java\jdk1.8.0_161, PROMPT=$P$G, PROGRAMFILES(X86)=C:\Program Files (x86), =C:=C:\, APPDATA=C:\Users\Usuario\AppData\Roaming, DOCKER_MACHINE_NAME=default, DOCKER_CERT_PATH=C:\Users\Usuario\.docker\machine\machines\default, PROGRAMW6432=C:\Program Files, SYSTEMROOT=C:\Windows, VBOX_MSI_INSTALL_PATH=C:\Program Files\Oracle\VirtualBox\, OS=Windows_NT, COMMONPROGRAMW6432=C:\Program Files\Common Files, COMPUTERNAME=DESKTOP-0QNMBKA, COMMONPROGRAMFILES=C:\Program Files\Common Files, COMSPEC=C:\Windows\system32\cmd.exe, PROCESSOR_REVISION=9e09, DOCKER_TLS_VERIFY=1, =D:=D:\Usuarios\cvazquezlos\GitHub\TestLogAnalyzer\es.client, TEMP=C:\Users\Usuario\AppData\Local\Temp, HOMEDRIVE=C:, USERPROFILE=C:\Users\Usuario, TMP=C:\Users\Usuario\AppData\Local\Temp, NUMBER_OF_PROCESSORS=8, DOCKER_TOOLBOX_INSTALL_PATH=D:\Archivos de Programa\Docker Toolbox}}]
10:20:26.771 [main] DEBUG org.springframework.core.io.support.PathMatchingResourcePatternResolver - Resolved classpath location [elastest/loganalyzer/es/client/repository/] to resources [URL [file:/D:/Usuarios/cvazquezlos/GitHub/TestLogAnalyzer/es.client/target/test-classes/elastest/loganalyzer/es/client/repository/], URL [file:/D:/Usuarios/cvazquezlos/GitHub/TestLogAnalyzer/es.client/target/classes/elastest/loganalyzer/es/client/repository/]]
10:20:26.771 [main] DEBUG org.springframework.core.io.support.PathMatchingResourcePatternResolver - Looking for matching resources in directory tree [D:\Usuarios\cvazquezlos\GitHub\TestLogAnalyzer\es.client\target\test-classes\elastest\loganalyzer\es\client\repository]
10:20:26.772 [main] DEBUG org.springframework.core.io.support.PathMatchingResourcePatternResolver - Searching directory [D:\Usuarios\cvazquezlos\GitHub\TestLogAnalyzer\es.client\target\test-classes\elastest\loganalyzer\es\client\repository] for files matching pattern [D:/Usuarios/cvazquezlos/GitHub/TestLogAnalyzer/es.client/target/test-classes/elastest/loganalyzer/es/client/repository/*.class]
10:20:26.774 [main] DEBUG org.springframework.core.io.support.PathMatchingResourcePatternResolver - Looking for matching resources in directory tree [D:\Usuarios\cvazquezlos\GitHub\TestLogAnalyzer\es.client\target\classes\elastest\loganalyzer\es\client\repository]
10:20:26.774 [main] DEBUG org.springframework.core.io.support.PathMatchingResourcePatternResolver - Searching directory [D:\Usuarios\cvazquezlos\GitHub\TestLogAnalyzer\es.client\target\classes\elastest\loganalyzer\es\client\repository] for files matching pattern [D:/Usuarios/cvazquezlos/GitHub/TestLogAnalyzer/es.client/target/classes/elastest/loganalyzer/es/client/repository/*.class]
10:20:26.776 [main] DEBUG org.springframework.core.io.support.PathMatchingResourcePatternResolver - Resolved location pattern [classpath*:elastest/loganalyzer/es/client/repository/*.class] to resources [file [D:\Usuarios\cvazquezlos\GitHub\TestLogAnalyzer\es.client\target\test-classes\elastest\loganalyzer\es\client\repository\ExecutionRepositoryTest.class], file [D:\Usuarios\cvazquezlos\GitHub\TestLogAnalyzer\es.client\target\classes\elastest\loganalyzer\es\client\repository\ExecutionRepository.class], file [D:\Usuarios\cvazquezlos\GitHub\TestLogAnalyzer\es.client\target\classes\elastest\loganalyzer\es\client\repository\LogRepository.class], file [D:\Usuarios\cvazquezlos\GitHub\TestLogAnalyzer\es.client\target\classes\elastest\loganalyzer\es\client\repository\ProjectRepository.class], file [D:\Usuarios\cvazquezlos\GitHub\TestLogAnalyzer\es.client\target\classes\elastest\loganalyzer\es\client\repository\TabRepository.class]]
10:20:26.787 [main] DEBUG org.springframework.core.io.support.PathMatchingResourcePatternResolver - Resolved classpath location [elastest/loganalyzer/es/client/] to resources [URL [file:/D:/Usuarios/cvazquezlos/GitHub/TestLogAnalyzer/es.client/target/test-classes/elastest/loganalyzer/es/client/], URL [file:/D:/Usuarios/cvazquezlos/GitHub/TestLogAnalyzer/es.client/target/classes/elastest/loganalyzer/es/client/]]
10:20:26.787 [main] DEBUG org.springframework.core.io.support.PathMatchingResourcePatternResolver - Looking for matching resources in directory tree [D:\Usuarios\cvazquezlos\GitHub\TestLogAnalyzer\es.client\target\test-classes\elastest\loganalyzer\es\client]
10:20:26.788 [main] DEBUG org.springframework.core.io.support.PathMatchingResourcePatternResolver - Searching directory [D:\Usuarios\cvazquezlos\GitHub\TestLogAnalyzer\es.client\target\test-classes\elastest\loganalyzer\es\client] for files matching pattern [D:/Usuarios/cvazquezlos/GitHub/TestLogAnalyzer/es.client/target/test-classes/elastest/loganalyzer/es/client/*.class]
10:20:26.790 [main] DEBUG org.springframework.core.io.support.PathMatchingResourcePatternResolver - Looking for matching resources in directory tree [D:\Usuarios\cvazquezlos\GitHub\TestLogAnalyzer\es.client\target\classes\elastest\loganalyzer\es\client]
10:20:26.790 [main] DEBUG org.springframework.core.io.support.PathMatchingResourcePatternResolver - Searching directory [D:\Usuarios\cvazquezlos\GitHub\TestLogAnalyzer\es.client\target\classes\elastest\loganalyzer\es\client] for files matching pattern [D:/Usuarios/cvazquezlos/GitHub/TestLogAnalyzer/es.client/target/classes/elastest/loganalyzer/es/client/*.class]
10:20:26.794 [main] DEBUG org.springframework.core.io.support.PathMatchingResourcePatternResolver - Resolved location pattern [classpath*:elastest/loganalyzer/es/client/*.class] to resources [file [D:\Usuarios\cvazquezlos\GitHub\TestLogAnalyzer\es.client\target\test-classes\elastest\loganalyzer\es\client\DiffMatchPatchTest.class], file [D:\Usuarios\cvazquezlos\GitHub\TestLogAnalyzer\es.client\target\classes\elastest\loganalyzer\es\client\App$1.class], file [D:\Usuarios\cvazquezlos\GitHub\TestLogAnalyzer\es.client\target\classes\elastest\loganalyzer\es\client\App.class], file [D:\Usuarios\cvazquezlos\GitHub\TestLogAnalyzer\es.client\target\classes\elastest\loganalyzer\es\client\DiffMatchPatch$Diff.class], file [D:\Usuarios\cvazquezlos\GitHub\TestLogAnalyzer\es.client\target\classes\elastest\loganalyzer\es\client\DiffMatchPatch$LinesToCharsResult.class], file [D:\Usuarios\cvazquezlos\GitHub\TestLogAnalyzer\es.client\target\classes\elastest\loganalyzer\es\client\DiffMatchPatch$Operation.class], file [D:\Usuarios\cvazquezlos\GitHub\TestLogAnalyzer\es.client\target\classes\elastest\loganalyzer\es\client\DiffMatchPatch$Patch.class], file [D:\Usuarios\cvazquezlos\GitHub\TestLogAnalyzer\es.client\target\classes\elastest\loganalyzer\es\client\DiffMatchPatch.class], file [D:\Usuarios\cvazquezlos\GitHub\TestLogAnalyzer\es.client\target\classes\elastest\loganalyzer\es\client\EsConfiguration.class]]
10:20:26.806 [main] DEBUG org.springframework.context.annotation.ClassPathScanningCandidateComponentProvider - Identified candidate component class: file [D:\Usuarios\cvazquezlos\GitHub\TestLogAnalyzer\es.client\target\classes\elastest\loganalyzer\es\client\App.class]
10:20:26.822 [main] INFO org.springframework.boot.test.context.SpringBootTestContextBootstrapper - Found @SpringBootConfiguration elastest.loganalyzer.es.client.App for test class elastest.loganalyzer.es.client.repository.ExecutionRepositoryTest
10:20:26.830 [main] DEBUG org.springframework.boot.test.context.SpringBootTestContextBootstrapper - @TestExecutionListeners is not present for class [elastest.loganalyzer.es.client.repository.ExecutionRepositoryTest]: using defaults.
10:20:26.838 [main] INFO org.springframework.boot.test.context.SpringBootTestContextBootstrapper - Loaded default TestExecutionListener class names from location [META-INF/spring.factories]: [org.springframework.boot.test.mock.mockito.MockitoTestExecutionListener, org.springframework.boot.test.mock.mockito.ResetMocksTestExecutionListener, org.springframework.boot.test.autoconfigure.restdocs.RestDocsTestExecutionListener, org.springframework.boot.test.autoconfigure.web.client.MockRestServiceServerResetTestExecutionListener, org.springframework.boot.test.autoconfigure.web.servlet.MockMvcPrintOnlyOnFailureTestExecutionListener, org.springframework.boot.test.autoconfigure.web.servlet.WebDriverTestExecutionListener, org.springframework.test.context.web.ServletTestExecutionListener, org.springframework.test.context.support.DirtiesContextBeforeModesTestExecutionListener, org.springframework.test.context.support.DependencyInjectionTestExecutionListener, org.springframework.test.context.support.DirtiesContextTestExecutionListener, org.springframework.test.context.transaction.TransactionalTestExecutionListener, org.springframework.test.context.jdbc.SqlScriptsTestExecutionListener]
10:20:26.845 [main] INFO org.springframework.boot.test.context.SpringBootTestContextBootstrapper - Using TestExecutionListeners: [org.springframework.test.context.web.ServletTestExecutionListener@475e586c, org.springframework.test.context.support.DirtiesContextBeforeModesTestExecutionListener@657c8ad9, org.springframework.boot.test.autoconfigure.SpringBootDependencyInjectionTestExecutionListener@436a4e4b, org.springframework.test.context.support.DirtiesContextTestExecutionListener@f2f2cc1, org.springframework.test.context.transaction.TransactionalTestExecutionListener@3a079870, org.springframework.test.context.jdbc.SqlScriptsTestExecutionListener@3b2cf7ab, org.springframework.boot.test.mock.mockito.MockitoTestExecutionListener@2aa5fe93, org.springframework.boot.test.mock.mockito.ResetMocksTestExecutionListener@5c1a8622, org.springframework.boot.test.autoconfigure.restdocs.RestDocsTestExecutionListener@5ad851c9, org.springframework.boot.test.autoconfigure.web.client.MockRestServiceServerResetTestExecutionListener@6156496, org.springframework.boot.test.autoconfigure.web.servlet.MockMvcPrintOnlyOnFailureTestExecutionListener@3c153a1, org.springframework.boot.test.autoconfigure.web.servlet.WebDriverTestExecutionListener@b62fe6d]
10:20:26.853 [main] DEBUG org.springframework.test.annotation.ProfileValueUtils - Retrieved @ProfileValueSourceConfiguration [null] for test class [elastest.loganalyzer.es.client.DiffMatchPatchTest]
10:20:26.855 [main] DEBUG org.springframework.test.annotation.ProfileValueUtils - Retrieved ProfileValueSource type [class org.springframework.test.annotation.SystemProfileValueSource] for class [elastest.loganalyzer.es.client.DiffMatchPatchTest]
10:20:26.856 [main] DEBUG org.springframework.test.annotation.ProfileValueUtils - Retrieved @ProfileValueSourceConfiguration [null] for test class [elastest.loganalyzer.es.client.repository.ExecutionRepositoryTest]
10:20:26.857 [main] DEBUG org.springframework.test.annotation.ProfileValueUtils - Retrieved ProfileValueSource type [class org.springframework.test.annotation.SystemProfileValueSource] for class [elastest.loganalyzer.es.client.repository.ExecutionRepositoryTest]
10:20:26.864 [main] DEBUG org.springframework.test.context.junit4.SpringJUnit4ClassRunner - SpringJUnit4ClassRunner constructor called with [class elastest.loganalyzer.es.client.DiffMatchPatchTest]
10:20:26.864 [main] DEBUG org.springframework.test.context.BootstrapUtils - Instantiating CacheAwareContextLoaderDelegate from class [org.springframework.test.context.cache.DefaultCacheAwareContextLoaderDelegate]
10:20:26.865 [main] DEBUG org.springframework.test.context.BootstrapUtils - Instantiating BootstrapContext using constructor [public org.springframework.test.context.support.DefaultBootstrapContext(java.lang.Class,org.springframework.test.context.CacheAwareContextLoaderDelegate)]
10:20:26.866 [main] DEBUG org.springframework.test.context.BootstrapUtils - Instantiating TestContextBootstrapper for test class [elastest.loganalyzer.es.client.DiffMatchPatchTest] from class [org.springframework.boot.test.context.SpringBootTestContextBootstrapper]
10:20:26.867 [main] INFO org.springframework.boot.test.context.SpringBootTestContextBootstrapper - Neither @ContextConfiguration nor @ContextHierarchy found for test class [elastest.loganalyzer.es.client.DiffMatchPatchTest], using SpringBootContextLoader
10:20:26.868 [main] DEBUG org.springframework.test.context.support.AbstractContextLoader - Did not detect default resource location for test class [elastest.loganalyzer.es.client.DiffMatchPatchTest]: class path resource [elastest/loganalyzer/es/client/DiffMatchPatchTest-context.xml] does not exist
10:20:26.869 [main] DEBUG org.springframework.test.context.support.AbstractContextLoader - Did not detect default resource location for test class [elastest.loganalyzer.es.client.DiffMatchPatchTest]: class path resource [elastest/loganalyzer/es/client/DiffMatchPatchTestContext.groovy] does not exist
10:20:26.869 [main] INFO org.springframework.test.context.support.AbstractContextLoader - Could not detect default resource locations for test class [elastest.loganalyzer.es.client.DiffMatchPatchTest]: no resource found for suffixes {-context.xml, Context.groovy}.
10:20:26.869 [main] INFO org.springframework.test.context.support.AnnotationConfigContextLoaderUtils - Could not detect default configuration classes for test class [elastest.loganalyzer.es.client.DiffMatchPatchTest]: DiffMatchPatchTest does not declare any static, non-private, non-final, nested classes annotated with @Configuration.
10:20:26.879 [main] DEBUG org.springframework.test.context.support.ActiveProfilesUtils - Could not find an 'annotation declaring class' for annotation type [org.springframework.test.context.ActiveProfiles] and class [elastest.loganalyzer.es.client.DiffMatchPatchTest]
10:20:26.880 [main] DEBUG org.springframework.core.env.StandardEnvironment - Adding PropertySource 'systemProperties' with lowest search precedence
10:20:26.880 [main] DEBUG org.springframework.core.env.StandardEnvironment - Adding PropertySource 'systemEnvironment' with lowest search precedence
[...]
2\repository\com\google\guava\guava\18.0\guava-18.0.jar;C:\Users\Usuario\.m2\repository\org\elasticsearch\securesm\1.0\securesm-1.0.jar;C:\Users\Usuario\.m2\repository\com\carrotsearch\hppc\0.7.1\hppc-0.7.1.jar;C:\Users\Usuario\.m2\repository\com\fasterxml\jackson\dataformat\jackson-dataformat-smile\2.8.10\jackson-dataformat-smile-2.8.10.jar;C:\Users\Usuario\.m2\repository\com\fasterxml\jackson\dataformat\jackson-dataformat-yaml\2.8.10\jackson-dataformat-yaml-2.8.10.jar;C:\Users\Usuario\.m2\repository\com\fasterxml\jackson\dataformat\jackson-dataformat-cbor\2.8.10\jackson-dataformat-cbor-2.8.10.jar;C:\Users\Usuario\.m2\repository\io\netty\netty\3.10.6.Final\netty-3.10.6.Final.jar;C:\Users\Usuario\.m2\repository\com\ning\compress-lzf\1.0.2\compress-lzf-1.0.2.jar;C:\Users\Usuario\.m2\repository\com\tdunning\t-digest\3.0\t-digest-3.0.jar;C:\Users\Usuario\.m2\repository\org\hdrhistogram\HdrHistogram\2.1.6\HdrHistogram-2.1.6.jar;C:\Users\Usuario\.m2\repository\commons-cli\commons-cli\1.3.1\commons-cli-1.3.1.jar;C:\Users\Usuario\.m2\repository\com\twitter\jsr166e\1.1.0\jsr166e-1.1.0.jar;C:\Users\Usuario\.m2\repository\com\fasterxml\jackson\core\jackson-core\2.8.10\jackson-core-2.8.10.jar;C:\Users\Usuario\.m2\repository\org\slf4j\slf4j-api\1.7.25\slf4j-api-1.7.25.jar;C:\Users\Usuario\.m2\repository\org\slf4j\jcl-over-slf4j\1.7.25\jcl-over-slf4j-1.7.25.jar;C:\Users\Usuario\.m2\repository\org\springframework\boot\spring-boot-starter-test\1.5.10.RELEASE\spring-boot-starter-test-1.5.10.RELEASE.jar;C:\Users\Usuario\.m2\repository\org\springframework\boot\spring-boot-test\1.5.10.RELEASE\spring-boot-test-1.5.10.RELEASE.jar;C:\Users\Usuario\.m2\repository\org\springframework\boot\spring-boot-test-autoconfigure\1.5.10.RELEASE\spring-boot-test-autoconfigure-1.5.10.RELEASE.jar;C:\Users\Usuario\.m2\repository\com\jayway\jsonpath\json-path\2.2.0\json-path-2.2.0.jar;C:\Users\Usuario\.m2\repository\net\minidev\json-smart\2.2.1\json-smart-2.2.1.jar;C:\Users\Usuario\.m2\repository\net\minidev\accessors-smart\1.1\accessors-smart-1.1.jar;C:\Users\Usuario\.m2\repository\org\ow2\asm\asm\5.0.3\asm-5.0.3.jar;C:\Users\Usuario\.m2\repository\org\assertj\assertj-core\2.6.0\assertj-core-2.6.0.jar;C:\Users\Usuario\.m2\repository\org\mockito\mockito-core\1.10.19\mockito-core-1.10.19.jar;C:\Users\Usuario\.m2\repository\org\objenesis\objenesis\2.1\objenesis-2.1.jar;C:\Users\Usuario\.m2\repository\org\hamcrest\hamcrest-core\1.3\hamcrest-core-1.3.jar;C:\Users\Usuario\.m2\repository\org\hamcrest\hamcrest-library\1.3\hamcrest-library-1.3.jar;C:\Users\Usuario\.m2\repository\org\skyscreamer\jsonassert\1.4.0\jsonassert-1.4.0.jar;C:\Users\Usuario\.m2\repository\com\vaadin\external\google\android-json\0.0.20131108.vaadin1\android-json-0.0.20131108.vaadin1.jar;C:\Users\Usuario\.m2\repository\org\springframework\spring-core\4.3.14.RELEASE\spring-core-4.3.14.RELEASE.jar;C:\Users\Usuario\.m2\repository\org\springframework\boot\spring-boot-starter-web\1.5.10.RELEASE\spring-boot-starter-web-1.5.10.RELEASE.jar;C:\Users\Usuario\.m2\repository\org\springframework\boot\spring-boot-starter-tomcat\1.5.10.RELEASE\spring-boot-starter-tomcat-1.5.10.RELEASE.jar;C:\Users\Usuario\.m2\repository\org\apache\tomcat\embed\tomcat-embed-core\8.5.27\tomcat-embed-core-8.5.27.jar;C:\Users\Usuario\.m2\repository\org\apache\tomcat\tomcat-annotations-api\8.5.27\tomcat-annotations-api-8.5.27.jar;C:\Users\Usuario\.m2\repository\org\apache\tomcat\embed\tomcat-embed-el\8.5.27\tomcat-embed-el-8.5.27.jar;C:\Users\Usuario\.m2\repository\org\apache\tomcat\embed\tomcat-embed-websocket\8.5.27\tomcat-embed-websocket-8.5.27.jar;C:\Users\Usuario\.m2\repository\org\hibernate\hibernate-validator\5.3.6.Final\hibernate-validator-5.3.6.Final.jar;C:\Users\Usuario\.m2\repository\javax\validation\validation-api\1.1.0.Final\validation-api-1.1.0.Final.jar;C:\Users\Usuario\.m2\repository\org\jboss\logging\jboss-logging\3.3.1.Final\jboss-logging-3.3.1.Final.jar;C:\Users\Usuario\.m2\repository\com\fasterxml\classmate\1.3.4\classmate-1.3.4.jar;C:\Users\Usuario\.m2\repository\com\fasterxml\jackson\core\jackson-databind\2.8.10\jackson-databind-2.8.10.jar;C:\Users\Usuario\.m2\repository\com\fasterxml\jackson\core\jackson-annotations\2.8.0\jackson-annotations-2.8.0.jar;C:\Users\Usuario\.m2\repository\org\springframework\spring-web\4.3.14.RELEASE\spring-web-4.3.14.RELEASE.jar;C:\Users\Usuario\.m2\repository\org\springframework\spring-webmvc\4.3.14.RELEASE\spring-webmvc-4.3.14.RELEASE.jar;C:\Users\Usuario\.m2\repository\org\springframework\boot\spring-boot-devtools\1.5.10.RELEASE\spring-boot-devtools-1.5.10.RELEASE.jar;C:\Users\Usuario\.m2\repository\org\springframework\boot\spring-boot\1.5.10.RELEASE\spring-boot-1.5.10.RELEASE.jar;C:\Users\Usuario\.m2\repository\org\springframework\boot\spring-boot-autoconfigure\1.5.10.RELEASE\spring-boot-autoconfigure-1.5.10.RELEASE.jar;C:\Users\Usuario\.m2\repository\junit\junit\4.12\junit-4.12.jar;C:\Users\Usuario\.m2\repository\org\springframework\boot\spring-boot-configuration-processor\1.5.10.RELEASE\spring-boot-configuration-processor-1.5.10.RELEASE.jar;C:\Users\Usuario\.m2\repository\org\apache\maven\surefire\surefire-report-parser\2.20\surefire-report-parser-2.20.jar;C:\Users\Usuario\.m2\repository\org\apache\maven\surefire\surefire-logger-api\2.20\surefire-logger-api-2.20.jar;C:\Users\Usuario\.m2\repository\org\apache\maven\reporting\maven-reporting-api\3.0\maven-reporting-api-3.0.jar;C:\Users\Usuario\.m2\repository\org\apache\maven\doxia\doxia-sink-api\1.0\doxia-sink-api-1.0.jar;C:\Users\Usuario\.m2\repository\org\springframework\spring-context\4.3.14.RELEASE\spring-context-4.3.14.RELEASE.jar;C:\Users\Usuario\.m2\repository\org\springframework\spring-aop\4.3.14.RELEASE\spring-aop-4.3.14.RELEASE.jar;C:\Users\Usuario\.m2\repository\org\springframework\spring-beans\4.3.14.RELEASE\spring-beans-4.3.14.RELEASE.jar;C:\Users\Usuario\.m2\repository\org\springframework\spring-expression\4.3.14.RELEASE\spring-expression-4.3.14.RELEASE.jar;C:\Users\Usuario\.m2\repository\org\springframework\spring-test\4.3.14.RELEASE\spring-test-4.3.14.RELEASE.jar;, user.name=Usuario, java.vm.specification.version=1.8, sun.java.command=D:\Usuarios\cvazquezlos\GitHub\TestLogAnalyzer\es.client\target\surefire\surefirebooter5291426959607447935.jar D:\Usuarios\cvazquezlos\GitHub\TestLogAnalyzer\es.client\target\surefire\surefire3916768641796732543tmp D:\Usuarios\cvazquezlos\GitHub\TestLogAnalyzer\es.client\target\surefire\surefire_05207735336759228675tmp, java.home=C:\Program Files\Java\jre1.8.0_161, sun.arch.data.model=64, user.language=es, java.specification.vendor=Oracle Corporation, awt.toolkit=sun.awt.windows.WToolkit, java.vm.info=mixed mode, java.version=1.8.0_161, java.ext.dirs=C:\Program Files\Java\jre1.8.0_161\lib\ext;C:\Windows\Sun\Java\lib\ext, sun.boot.class.path=C:\Program Files\Java\jre1.8.0_161\lib\resources.jar;C:\Program Files\Java\jre1.8.0_161\lib\rt.jar;C:\Program Files\Java\jre1.8.0_161\lib\sunrsasign.jar;C:\Program Files\Java\jre1.8.0_161\lib\jsse.jar;C:\Program Files\Java\jre1.8.0_161\lib\jce.jar;C:\Program Files\Java\jre1.8.0_161\lib\charsets.jar;C:\Program Files\Java\jre1.8.0_161\lib\jfr.jar;C:\Program Files\Java\jre1.8.0_161\classes, java.vendor=Oracle Corporation, localRepository=C:\Users\Usuario\.m2\repository, file.separator=\, java.vendor.url.bug=http://bugreport.sun.com/bugreport/, sun.io.unicode.encoding=UnicodeLittle, sun.cpu.endian=little, sun.desktop=windows, sun.cpu.isalist=amd64}}, SystemEnvironmentPropertySource@1740797075 {name='systemEnvironment', properties={PATH=C:/Program Files/Java/jre1.8.0_161/bin/server;C:/Program Files/Java/jre1.8.0_161/bin;C:/Program Files/Java/jre1.8.0_161/lib/amd64;C:\Program Files (x86)\Razer Chroma SDK\bin;C:\Program Files\Razer Chroma SDK\bin;C:\ProgramData\Oracle\Java\javapath;C:\Program Files (x86)\Intel\iCLS Client\;C:\Program Files\Intel\iCLS Client\;C:\Windows\system32;C:\Windows;C:\Windows\System32\Wbem;C:\Windows\System32\WindowsPowerShell\v1.0\;C:\Program Files (x86)\Intel\Intel(R) Management Engine Components\DAL;C:\Program Files\Intel\Intel(R) Management Engine Components\DAL;C:\Program Files (x86)\Intel\Intel(R) Management Engine Components\IPT;C:\Program Files\Intel\Intel(R) Management Engine Components\IPT;C:\Program Files (x86)\NVIDIA Corporation\PhysX\Common;JAVA_HOME;D:\Archivos de Programa\nodejs\;D:\Archivos de Programa\Brackets\command;C:\Windows\system32\config\systemprofile\AppData\Local\Microsoft\WindowsApps;D:\Archivos de Programa\Apache\maven\bin;C:\Program Files\Git\cmd;C:\Users\Usuario\AppData\Local\Microsoft\WindowsApps;C:\Users\Usuario\AppData\Local\GitHubDesktop\bin;C:\Users\Usuario\AppData\Roaming\npm;D:\Archivos de Programa\Docker Toolbox;D:\Usuarios\cvazquezlos\Documents\sts-bundle\sts-3.9.2.RELEASE;, USERDOMAIN_ROAMINGPROFILE=DESKTOP-0QNMBKA, NO_PROXY=192.168.99.100, PROCESSOR_LEVEL=6, SYSTEMDRIVE=C:, SESSIONNAME=Console, ALLUSERSPROFILE=C:\ProgramData, PROCESSOR_ARCHITECTURE=AMD64, MAVEN_HOME=D:\Archivos de Programa\Apache\maven, PROGRAMFILES=C:\Program Files, PSMODULEPATH=C:\Program Files\WindowsPowerShell\Modules;C:\Windows\system32\WindowsPowerShell\v1.0\Modules, PROGRAMDATA=C:\ProgramData, USERNAME=Usuario, FPS_BROWSER_USER_PROFILE_STRING=Default, ONEDRIVE=C:\Users\Usuario\OneDrive, PATHEXT=.COM;.EXE;.BAT;.CMD;.VBS;.VBE;.JS;.JSE;.WSF;.WSH;.MSC, COMPOSE_CONVERT_WINDOWS_PATHS=true, WINDIR=C:\Windows, HOMEPATH=\Users\Usuario, PROCESSOR_IDENTIFIER=Intel64 Family 6 Model 158 Stepping 9, GenuineIntel, M2_HOME=D:\Archivos de Programa\Apache\maven, PUBLIC=C:\Users\Public, =::=::\, LOCALAPPDATA=C:\Users\Usuario\AppData\Local, COMMONPROGRAMFILES(X86)=C:\Program Files (x86)\Common Files, DOCKER_HOST=tcp://192.168.99.100:2376, USERDOMAIN=DESKTOP-0QNMBKA, FPS_BROWSER_APP_PROFILE_STRING=Internet Explorer, LOGONSERVER=\\DESKTOP-0QNMBKA, JAVA_HOME=C:\Program Files\Java\jdk1.8.0_161, PROMPT=$P$G, PROGRAMFILES(X86)=C:\Program Files (x86), =C:=C:\, APPDATA=C:\Users\Usuario\AppData\Roaming, DOCKER_MACHINE_NAME=default, DOCKER_CERT_PATH=C:\Users\Usuario\.docker\machine\machines\default, PROGRAMW6432=C:\Program Files, SYSTEMROOT=C:\Windows, VBOX_MSI_INSTALL_PATH=C:\Program Files\Oracle\VirtualBox\, OS=Windows_NT, COMMONPROGRAMW6432=C:\Program Files\Common Files, COMPUTERNAME=DESKTOP-0QNMBKA, COMMONPROGRAMFILES=C:\Program Files\Common Files, COMSPEC=C:\Windows\system32\cmd.exe, PROCESSOR_REVISION=9e09, DOCKER_TLS_VERIFY=1, =D:=D:\Usuarios\cvazquezlos\GitHub\TestLogAnalyzer\es.client, TEMP=C:\Users\Usuario\AppData\Local\Temp, HOMEDRIVE=C:, USERPROFILE=C:\Users\Usuario, TMP=C:\Users\Usuario\AppData\Local\Temp, NUMBER_OF_PROCESSORS=8, DOCKER_TOOLBOX_INSTALL_PATH=D:\Archivos de Programa\Docker Toolbox}}]
10:20:27.110 [main] DEBUG org.springframework.core.env.MutablePropertySources - Adding PropertySource 'inline' with highest search precedence
10:20:27.132 [main] DEBUG org.springframework.test.context.support.TestPropertySourceUtils - Adding inlined properties to environment: {spring.jmx.enabled=false, org.springframework.boot.test.context.SpringBootTestContextBootstrapper=true, server.port=-1}
10:20:27.133 [main] DEBUG org.springframework.core.env.StandardEnvironment - Adding PropertySource 'Inlined Test Properties' with highest search precedence

  .   ____          _            __ _ _
 /\\ / ___'_ __ _ _(_)_ __  __ _ \ \ \ \
( ( )\___ | '_ | '_| | '_ \/ _` | \ \ \ \
 \\/  ___)| |_)| | | | | || (_| |  ) ) ) )
  '  |____| .__|_| |_|_| |_\__, | / / / /
 =========|_|==============|___/=/_/_/_/
 :: Spring Boot ::       (v1.5.10.RELEASE)

2018-04-24 10:20:27.809  INFO 508 --- [           main] e.l.es.client.DiffMatchPatchTest         : Starting DiffMatchPatchTest on DESKTOP-0QNMBKA with PID 508 (started by Usuario in D:\Usuarios\cvazquezlos\GitHub\TestLogAnalyzer\es.client)
2018-04-24 10:20:27.812  INFO 508 --- [           main] e.l.es.client.DiffMatchPatchTest         : No active profile set, falling back to default profiles: default
2018-04-24 10:20:27.906  INFO 508 --- [           main] o.s.w.c.s.GenericWebApplicationContext   : Refreshing org.springframework.web.context.support.GenericWebApplicationContext@41a0aa7d: startup date [Tue Apr 24 10:20:27 CEST 2018]; root of context hierarchy
2018-04-24 10:20:29.412  INFO 508 --- [           main] o.s.b.f.s.DefaultListableBeanFactory     : Overriding bean definition for bean 'elasticsearchTemplate' with a different definition: replacing [Root bean: class [null]; scope=; abstract=false; lazyInit=false; autowireMode=3; dependencyCheck=0; autowireCandidate=true; primary=false; factoryBeanName=esConfiguration; factoryMethodName=elasticsearchTemplate; initMethodName=null; destroyMethodName=(inferred); defined in class path resource [elastest/loganalyzer/es/client/EsConfiguration.class]] with [Root bean: class [null]; scope=; abstract=false; lazyInit=false; autowireMode=3; dependencyCheck=0; autowireCandidate=true; primary=false; factoryBeanName=org.springframework.boot.autoconfigure.data.elasticsearch.ElasticsearchDataAutoConfiguration; factoryMethodName=elasticsearchTemplate; initMethodName=null; destroyMethodName=(inferred); defined in class path resource [org/springframework/boot/autoconfigure/data/elasticsearch/ElasticsearchDataAutoConfiguration.class]]
2018-04-24 10:20:31.348  INFO 508 --- [           main] org.elasticsearch.plugins                : [Swarm] modules [], plugins [], sites []
2018-04-24 10:20:32.933  INFO 508 --- [           main] o.s.d.e.c.TransportClientFactoryBean     : adding transport node : localhost:9300
2018-04-24 10:20:35.135  INFO 508 --- [           main] s.w.s.m.m.a.RequestMappingHandlerAdapter : Looking for @ControllerAdvice: org.springframework.web.context.support.GenericWebApplicationContext@41a0aa7d: startup date [Tue Apr 24 10:20:27 CEST 2018]; root of context hierarchy
2018-04-24 10:20:35.313  INFO 508 --- [           main] s.w.s.m.m.a.RequestMappingHandlerMapping : Mapped "{[/diff],methods=[POST]}" onto public java.lang.String elastest.loganalyzer.es.client.rest.DiffMatchPatchRest.get(java.lang.String) throws org.json.JSONException
2018-04-24 10:20:35.317  INFO 508 --- [           main] s.w.s.m.m.a.RequestMappingHandlerMapping : Mapped "{[/executions/project/{project}],methods=[GET]}" onto public java.util.List<elastest.loganalyzer.es.client.model.Execution> elastest.loganalyzer.es.client.rest.ExecutionRest.getByProject(java.lang.String,java.lang.String)
2018-04-24 10:20:35.317  INFO 508 --- [           main] s.w.s.m.m.a.RequestMappingHandlerMapping : Mapped "{[/executions/test/{test}],methods=[GET]}" onto public elastest.loganalyzer.es.client.model.Execution elastest.loganalyzer.es.client.rest.ExecutionRest.getByTest(java.lang.String)
2018-04-24 10:20:35.318  INFO 508 --- [           main] s.w.s.m.m.a.RequestMappingHandlerMapping : Mapped "{[/executions/id/{id}],methods=[DELETE]}" onto public void elastest.loganalyzer.es.client.rest.ExecutionRest.deleteById(int)
2018-04-24 10:20:35.322  INFO 508 --- [           main] s.w.s.m.m.a.RequestMappingHandlerMapping : Mapped "{[/files/file],methods=[POST]}" onto public java.lang.String elastest.loganalyzer.es.client.rest.FileRest.upload(org.springframework.web.multipart.MultipartFile)
2018-04-24 10:20:35.323  INFO 508 --- [           main] s.w.s.m.m.a.RequestMappingHandlerMapping : Mapped "{[/files/project],methods=[POST]}" onto public java.lang.String elastest.loganalyzer.es.client.rest.FileRest.updateProject(java.lang.String)
2018-04-24 10:20:35.324  INFO 508 --- [           main] s.w.s.m.m.a.RequestMappingHandlerMapping : Mapped "{[/files/url],methods=[POST]}" onto public java.util.List<java.lang.String> elastest.loganalyzer.es.client.rest.FileRest.uploadFile(java.lang.String) throws java.lang.Exception
2018-04-24 10:20:35.324  INFO 508 --- [           main] s.w.s.m.m.a.RequestMappingHandlerMapping : Mapped "{[/files/tab],methods=[POST]}" onto public java.lang.String elastest.loganalyzer.es.client.rest.FileRest.updateTab(java.lang.String)
2018-04-24 10:20:35.327  INFO 508 --- [           main] s.w.s.m.m.a.RequestMappingHandlerMapping : Mapped "{[/logs/logger/{logger}],methods=[GET]}" onto public java.util.List<?> elastest.loganalyzer.es.client.rest.LogRest.getByLogger(java.lang.String,java.lang.String,int,java.lang.String)
2018-04-24 10:20:35.328  INFO 508 --- [           main] s.w.s.m.m.a.RequestMappingHandlerMapping : Mapped "{[/logs/remove/test/{test}],methods=[DELETE]}" onto public java.lang.String elastest.loganalyzer.es.client.rest.LogRest.deleteByTestAndProject(int,java.lang.String)
2018-04-24 10:20:35.329  INFO 508 --- [           main] s.w.s.m.m.a.RequestMappingHandlerMapping : Mapped "{[/logs/test/{test}],methods=[GET]}" onto public java.util.List<?> elastest.loganalyzer.es.client.rest.LogRest.getByTest(int,java.lang.String,boolean,boolean)
2018-04-24 10:20:35.335  INFO 508 --- [           main] s.w.s.m.m.a.RequestMappingHandlerMapping : Mapped "{[/projects/remove/id/{id}],methods=[DELETE]}" onto public elastest.loganalyzer.es.client.model.Project elastest.loganalyzer.es.client.rest.ProjectRest.delete(int)
2018-04-24 10:20:35.336  INFO 508 --- [           main] s.w.s.m.m.a.RequestMappingHandlerMapping : Mapped "{[/projects/all],methods=[GET]}" onto public java.util.List<elastest.loganalyzer.es.client.model.Project> elastest.loganalyzer.es.client.rest.ProjectRest.getAll()
2018-04-24 10:20:35.337  INFO 508 --- [           main] s.w.s.m.m.a.RequestMappingHandlerMapping : Mapped "{[/projects/name/{name}],methods=[GET]}" onto public elastest.loganalyzer.es.client.model.Project elastest.loganalyzer.es.client.rest.ProjectRest.getProject(java.lang.String)
2018-04-24 10:20:35.337  INFO 508 --- [           main] s.w.s.m.m.a.RequestMappingHandlerMapping : Mapped "{[/projects],methods=[POST],consumes=[application/json]}" onto public int elastest.loganalyzer.es.client.rest.ProjectRest.addLocation(elastest.loganalyzer.es.client.model.Project)
2018-04-24 10:20:35.348  INFO 508 --- [           main] s.w.s.m.m.a.RequestMappingHandlerMapping : Mapped "{[/tabs/project/{project}],methods=[GET]}" onto public java.util.List<elastest.loganalyzer.es.client.model.Tab> elastest.loganalyzer.es.client.rest.TabRest.getAll(java.lang.String)
2018-04-24 10:20:35.349  INFO 508 --- [           main] s.w.s.m.m.a.RequestMappingHandlerMapping : Mapped "{[/tabs/name/{name}],methods=[DELETE]}" onto public void elastest.loganalyzer.es.client.rest.TabRest.deleteByTab(java.lang.String,java.lang.String)
2018-04-24 10:20:35.352  INFO 508 --- [           main] s.w.s.m.m.a.RequestMappingHandlerMapping : Mapped "{[/error]}" onto public org.springframework.http.ResponseEntity<java.util.Map<java.lang.String, java.lang.Object>> org.springframework.boot.autoconfigure.web.BasicErrorController.error(javax.servlet.http.HttpServletRequest)
2018-04-24 10:20:35.354  INFO 508 --- [           main] s.w.s.m.m.a.RequestMappingHandlerMapping : Mapped "{[/error],produces=[text/html]}" onto public org.springframework.web.servlet.ModelAndView org.springframework.boot.autoconfigure.web.BasicErrorController.errorHtml(javax.servlet.http.HttpServletRequest,javax.servlet.http.HttpServletResponse)
2018-04-24 10:20:35.421  INFO 508 --- [           main] o.s.w.s.handler.SimpleUrlHandlerMapping  : Mapped URL path [/webjars/**] onto handler of type [class org.springframework.web.servlet.resource.ResourceHttpRequestHandler]
2018-04-24 10:20:35.421  INFO 508 --- [           main] o.s.w.s.handler.SimpleUrlHandlerMapping  : Mapped URL path [/**] onto handler of type [class org.springframework.web.servlet.resource.ResourceHttpRequestHandler]
2018-04-24 10:20:35.515  INFO 508 --- [           main] o.s.w.s.handler.SimpleUrlHandlerMapping  : Mapped URL path [/**/favicon.ico] onto handler of type [class org.springframework.web.servlet.resource.ResourceHttpRequestHandler]
2018-04-24 10:20:35.970  INFO 508 --- [           main] e.l.es.client.DiffMatchPatchTest         : Started DiffMatchPatchTest in 8.812 seconds (JVM running for 10.529)
]]></system-out>
  </testcase>
</testsuite>