<?xml version="1.0" encoding="UTF-8"?>
<testsuite name="elastest.loganalyzer.es.client.AppTest" time="0.019" tests="1" errors="1" skipped="0" failures="0">
  <properties>
[...]
</properties>
  <testcase name="initializationError" classname="elastest.loganalyzer.es.client.AppTest" time="0.019">
    <error message="No runnable methods" type="java.lang.Exception"><![CDATA[java.lang.Exception: No runnable methods
	at org.junit.runners.BlockJUnit4ClassRunner.validateInstanceMethods(BlockJUnit4ClassRunner.java:191)
	at org.junit.runners.BlockJUnit4ClassRunner.collectInitializationErrors(BlockJUnit4ClassRunner.java:128)
	at org.junit.runners.ParentRunner.validate(ParentRunner.java:416)
	at org.junit.runners.ParentRunner.<init>(ParentRunner.java:84)
	at org.junit.runners.BlockJUnit4ClassRunner.<init>(BlockJUnit4ClassRunner.java:65)
	at org.springframework.test.context.junit4.SpringJUnit4ClassRunner.<init>(SpringJUnit4ClassRunner.java:138)
	at sun.reflect.NativeConstructorAccessorImpl.newInstance0(Native Method)
	at sun.reflect.NativeConstructorAccessorImpl.newInstance(Unknown Source)
	at sun.reflect.DelegatingConstructorAccessorImpl.newInstance(Unknown Source)
	at java.lang.reflect.Constructor.newInstance(Unknown Source)
	at org.junit.internal.builders.AnnotatedBuilder.buildRunner(AnnotatedBuilder.java:104)
	at org.junit.internal.builders.AnnotatedBuilder.runnerForClass(AnnotatedBuilder.java:86)
	at org.junit.runners.model.RunnerBuilder.safeRunnerForClass(RunnerBuilder.java:59)
	at org.junit.internal.builders.AllDefaultPossibilitiesBuilder.runnerForClass(AllDefaultPossibilitiesBuilder.java:26)
	at org.junit.runners.model.RunnerBuilder.safeRunnerForClass(RunnerBuilder.java:59)
	at org.junit.internal.requests.ClassRequest.getRunner(ClassRequest.java:33)
	at org.apache.maven.surefire.junit4.JUnit4Provider.execute(JUnit4Provider.java:283)
	at org.apache.maven.surefire.junit4.JUnit4Provider.executeWithRerun(JUnit4Provider.java:173)
	at org.apache.maven.surefire.junit4.JUnit4Provider.executeTestSet(JUnit4Provider.java:153)
	at org.apache.maven.surefire.junit4.JUnit4Provider.invoke(JUnit4Provider.java:128)
	at org.apache.maven.surefire.booter.ForkedBooter.invokeProviderInSameClassLoader(ForkedBooter.java:203)
	at org.apache.maven.surefire.booter.ForkedBooter.runSuitesInProcess(ForkedBooter.java:155)
	at org.apache.maven.surefire.booter.ForkedBooter.main(ForkedBooter.java:103)
]]></error>
    <system-out><![CDATA[09:15:06.690 [main] DEBUG org.springframework.test.context.junit4.SpringJUnit4ClassRunner - SpringJUnit4ClassRunner constructor called with [class elastest.loganalyzer.es.client.repository.ExecutionRepositoryTest]
09:15:06.704 [main] DEBUG org.springframework.test.context.BootstrapUtils - Instantiating CacheAwareContextLoaderDelegate from class [org.springframework.test.context.cache.DefaultCacheAwareContextLoaderDelegate]
09:15:06.724 [main] DEBUG org.springframework.test.context.BootstrapUtils - Instantiating BootstrapContext using constructor [public org.springframework.test.context.support.DefaultBootstrapContext(java.lang.Class,org.springframework.test.context.CacheAwareContextLoaderDelegate)]
09:15:06.756 [main] DEBUG org.springframework.test.context.BootstrapUtils - Instantiating TestContextBootstrapper for test class [elastest.loganalyzer.es.client.repository.ExecutionRepositoryTest] from class [org.springframework.boot.test.context.SpringBootTestContextBootstrapper]
09:15:06.798 [main] INFO org.springframework.boot.test.context.SpringBootTestContextBootstrapper - Neither @ContextConfiguration nor @ContextHierarchy found for test class [elastest.loganalyzer.es.client.repository.ExecutionRepositoryTest], using SpringBootContextLoader
09:15:06.808 [main] DEBUG org.springframework.test.context.support.AbstractContextLoader - Did not detect default resource location for test class [elastest.loganalyzer.es.client.repository.ExecutionRepositoryTest]: class path resource [elastest/loganalyzer/es/client/repository/ExecutionRepositoryTest-context.xml] does not exist
09:15:06.809 [main] DEBUG org.springframework.test.context.support.AbstractContextLoader - Did not detect default resource location for test class [elastest.loganalyzer.es.client.repository.ExecutionRepositoryTest]: class path resource [elastest/loganalyzer/es/client/repository/ExecutionRepositoryTestContext.groovy] does not exist
09:15:06.810 [main] INFO org.springframework.test.context.support.AbstractContextLoader - Could not detect default resource locations for test class [elastest.loganalyzer.es.client.repository.ExecutionRepositoryTest]: no resource found for suffixes {-context.xml, Context.groovy}.
09:15:06.813 [main] INFO org.springframework.test.context.support.AnnotationConfigContextLoaderUtils - Could not detect default configuration classes for test class [elastest.loganalyzer.es.client.repository.ExecutionRepositoryTest]: ExecutionRepositoryTest does not declare any static, non-private, non-final, nested classes annotated with @Configuration.
09:15:06.917 [main] DEBUG org.springframework.test.context.support.ActiveProfilesUtils - Could not find an 'annotation declaring class' for annotation type [org.springframework.test.context.ActiveProfiles] and class [elastest.loganalyzer.es.client.repository.ExecutionRepositoryTest]
09:15:06.942 [main] DEBUG org.springframework.core.env.StandardEnvironment - Adding PropertySource 'systemProperties' with lowest search precedence
09:15:06.947 [main] DEBUG org.springframework.core.env.StandardEnvironment - Adding PropertySource 'systemEnvironment' with lowest search precedence
09:15:06.948 [main] DEBUG org.springframework.core.env.StandardEnvironment - Initialized StandardEnvironment with PropertySources [MapPropertySource@1131316523 {name='systemProperties', properties={java.runtime.name=Java(TM) SE Runtime Environment, sun.boot.library.path=C:\Program Files\Java\jre1.8.0_161\bin, java.vm.version=25.161-b12, java.vm.vendor=Oracle Corporation, java.vendor.url=http://java.oracle.com/, path.separator=;, java.vm.name=Java HotSpot(TM) 64-Bit Server VM, file.encoding.pkg=sun.io, user.country=ES, user.script=, sun.java.launcher=SUN_STANDARD, sun.os.patch.level=, java.vm.specification.name=Java Virtual Machine Specification, user.dir=D:\Usuarios\cvazquezlos\GitHub\TestLogAnalyzer\es.client, java.runtime.version=1.8.0_161-b12, basedir=D:\Usuarios\cvazquezlos\GitHub\TestLogAnalyzer\es.client, java.awt.graphicsenv=sun.awt.Win32GraphicsEnvironment, java.endorsed.dirs=C:\Program Files\Java\jre1.8.0_161\lib\endorsed, os.arch=amd64, surefire.real.class.path=D:\Usuarios\cvazquezlos\GitHub\TestLogAnalyzer\es.client\target\surefire\surefirebooter409401242283725424.jar, java.io.tmpdir=C:\Users\Usuario\AppData\Local\Temp\, line.separator=
, java.vm.specification.vendor=Oracle Corporation, user.variant=, os.name=Windows 10, sun.jnu.encoding=Cp1252, java.library.path=C:\Program Files\Java\jre1.8.0_161\bin;C:\Windows\Sun\Java\bin;C:\Windows\system32;C:\Windows;C:/Program Files/Java/jre1.8.0_161/bin/server;C:/Program Files/Java/jre1.8.0_161/bin;C:/Program Files/Java/jre1.8.0_161/lib/amd64;C:\Program Files (x86)\Razer Chroma SDK\bin;C:\Program Files\Razer Chroma SDK\bin;C:\ProgramData\Oracle\Java\javapath;C:\Program Files (x86)\Intel\iCLS Client\;C:\Program Files\Intel\iCLS Client\;C:\Windows\system32;C:\Windows;C:\Windows\System32\Wbem;C:\Windows\System32\WindowsPowerShell\v1.0\;C:\Program Files (x86)\Intel\Intel(R) Management Engine Components\DAL;C:\Program Files\Intel\Intel(R) Management Engine Components\DAL;C:\Program Files (x86)\Intel\Intel(R) Management Engine Components\IPT;C:\Program Files\Intel\Intel(R) Management Engine Components\IPT;C:\Program Files (x86)\NVIDIA Corporation\PhysX\Common;JAVA_HOME;D:\Archivos de Programa\nodejs\;D:\Archivos de Programa\Brackets\command;C:\Windows\system32\config\systemprofile\AppData\Local\Microsoft\WindowsApps;D:\Archivos de Programa\Apache\maven\bin;C:\Program Files\Git\cmd;C:\Users\Usuario\AppData\Local\Microsoft\WindowsApps;C:\Users\Usuario\AppData\Local\GitHubDesktop\bin;C:\Users\Usuario\AppData\Roaming\npm;D:\Archivos de Programa\Docker Toolbox;D:\Usuarios\cvazquezlos\Documents\sts-bundle\sts-3.9.2.RELEASE;;., surefire.test.class.path=D:\Usuarios\cvazquezlos\GitHub\TestLogAnalyzer\es.client\target\test-classes;D:\Usuarios\cvazquezlos\GitHub\TestLogAnalyzer\es.client\target\classes;C:\Users\Usuario\.m2\repository\net\java\dev\jna\jna\4.2.2\jna-4.2.2.jar;C:\Users\Usuario\.m2\repository\org\springframework\boot\spring-boot-starter-data-elasticsearch\1.5.10.RELEASE\spring-boot-starter-data-elasticsearch-1.5.10.RELEASE.jar;C:\Users\Usuario\.m2\repository\org\springframework\boot\spring-boot-starter\1.5.10.RELEASE\spring-boot-starter-1.5.10.RELEASE.jar;C:\Users\Usuario\.m2\repository\org\springframework\boot\spring-boot-starter-logging\1.5.10.RELEASE\spring-boot-starter-logging-1.5.10.RELEASE.jar;C:\Users\Usuario\.m2\repository\ch\qos\logback\logback-classic\1.1.11\logback-classic-1.1.11.jar;C:\Users\Usuario\.m2\repository\ch\qos\logback\logback-core\1.1.11\logback-core-1.1.11.jar;C:\Users\Usuario\.m2\repository\org\slf4j\jul-to-slf4j\1.7.25\jul-to-slf4j-1.7.25.jar;C:\Users\Usuario\.m2\repository\org\slf4j\log4j-over-slf4j\1.7.25\log4j-over-slf4j-1.7.25.jar;C:\Users\Usuario\.m2\repository\org\yaml\snakeyaml\1.17\snakeyaml-1.17.jar;C:\Users\Usuario\.m2\repository\org\springframework\data\spring-data-elasticsearch\2.1.10.RELEASE\spring-data-elasticsearch-2.1.10.RELEASE.jar;C:\Users\Usuario\.m2\repository\org\springframework\spring-tx\4.3.14.RELEASE\spring-tx-4.3.14.RELEASE.jar;C:\Users\Usuario\.m2\repository\org\springframework\data\spring-data-commons\1.13.10.RELEASE\spring-data-commons-1.13.10.RELEASE.jar;C:\Users\Usuario\.m2\repository\commons-lang\commons-lang\2.6\commons-lang-2.6.jar;C:\Users\Usuario\.m2\repository\joda-time\joda-time\2.9.9\joda-time-2.9.9.jar;C:\Users\Usuario\.m2\repository\org\elasticsearch\elasticsearch\2.4.6\elasticsearch-2.4.6.jar;C:\Users\Usuario\.m2\repository\org\apache\lucene\lucene-core\5.5.4\lucene-core-5.5.4.jar;C:\Users\Usuario\.m2\repository\org\apache\lucene\lucene-backward-codecs\5.5.4\lucene-backward-codecs-5.5.4.jar;C:\Users\Usuario\.m2\repository\org\apache\lucene\lucene-analyzers-common\5.5.4\lucene-analyzers-common-5.5.4.jar;C:\Users\Usuario\.m2\repository\org\apache\lucene\lucene-queries\5.5.4\lucene-queries-5.5.4.jar;C:\Users\Usuario\.m2\repository\org\apache\lucene\lucene-memory\5.5.4\lucene-memory-5.5.4.jar;C:\Users\Usuario\.m2\repository\org\apache\lucene\lucene-highlighter\5.5.4\lucene-highlighter-5.5.4.jar;C:\Users\Usuario\.m2\repository\org\apache\lucene\lucene-queryparser\5.5.4\lucene-queryparser-5.5.4.jar;C:\Users\Usuario\.m2\repository\org\apache\lucene\lucene-sandbox\5.5.4\lucene-sandbox-5.5.4.jar;C:\Users\Usuario\.m2\repository\org\apache\lucene\lucene-suggest\5.5.4\lucene-suggest-5.5.4.jar;C:\Users\Usuario\.m2\repository\org\apache\lucene\lucene-misc\5.5.4\lucene-misc-5.5.4.jar;C:\Users\Usuario\.m2\repository\org\apache\lucene\lucene-join\5.5.4\lucene-join-5.5.4.jar;C:\Users\Usuario\.m2\repository\org\apache\lucene\lucene-grouping\5.5.4\lucene-grouping-5.5.4.jar;C:\Users\Usuario\.m2\repository\org\apache\lucene\lucene-spatial\5.5.4\lucene-spatial-5.5.4.jar;C:\Users\Usuario\.m2\repository\org\apache\lucene\lucene-spatial3d\5.5.4\lucene-spatial3d-5.5.4.jar;C:\Users\Usuario\.m2\repository\com\spatial4j\spatial4j\0.5\spatial4j-0.5.jar;C:\Users\Usuario\.m2\repository\com\google\guava\guava\18.0\guava-18.0.jar;C:\Users\Usuario\.m2\repository\org\elasticsearch\securesm\1.0\securesm-1.0.jar;C:\Users\Usuario\.m2\repository\com\carrotsearch\hppc\0.7.1\hppc-0.7.1.jar;C:\Users\Usuario\.m2\repository\com\fasterxml\jackson\dataformat\jackson-dataformat-smile\2.8.10\jackson-dataformat-smile-2.8.10.jar;C:\Users\Usuario\.m2\repository\com\fasterxml\jackson\dataformat\jackson-dataformat-yaml\2.8.10\jackson-dataformat-yaml-2.8.10.jar;C:\Users\Usuario\.m2\repository\com\fasterxml\jackson\dataformat\jackson-dataformat-cbor\2.8.10\jackson-dataformat-cbor-2.8.10.jar;C:\Users\Usuario\.m2\repository\io\netty\netty\3.10.6.Final\netty-3.10.6.Final.jar;C:\Users\Usuario\.m2\repository\com\ning\compress-lzf\1.0.2\compress-lzf-1.0.2.jar;C:\Users\Usuario\.m2\repository\com\tdunning\t-digest\3.0\t-digest-3.0.jar;C:\Users\Usuario\.m2\repository\org\hdrhistogram\HdrHistogram\2.1.6\HdrHistogram-2.1.6.jar;C:\Users\Usuario\.m2\repository\commons-cli\commons-cli\1.3.1\commons-cli-1.3.1.jar;C:\Users\Usuario\.m2\repository\com\twitter\jsr166e\1.1.0\jsr166e-1.1.0.jar;C:\Users\Usuario\.m2\repository\com\fasterxml\jackson\core\jackson-core\2.8.10\jackson-core-2.8.10.jar;C:\Users\Usuario\.m2\repository\org\slf4j\slf4j-api\1.7.25\slf4j-api-1.7.25.jar;C:\Users\Usuario\.m2\repository\org\slf4j\jcl-over-slf4j\1.7.25\jcl-over-slf4j-1.7.25.jar;C:\Users\Usuario\.m2\repository\org\springframework\boot\spring-boot-starter-test\1.5.10.RELEASE\spring-boot-starter-test-1.5.10.RELEASE.jar;C:\Users\Usuario\.m2\repository\org\springframework\boot\spring-boot-test\1.5.10.RELEASE\spring-boot-test-1.5.10.RELEASE.jar;C:\Users\Usuario\.m2\repository\org\springframework\boot\spring-boot-test-autoconfigure\1.5.10.RELEASE\spring-boot-test-autoconfigure-1.5.10.RELEASE.jar;C:\Users\Usuario\.m2\repository\com\jayway\jsonpath\json-path\2.2.0\json-path-2.2.0.jar;C:\Users\Usuario\.m2\repository\net\minidev\json-smart\2.2.1\json-smart-2.2.1.jar;C:\Users\Usuario\.m2\repository\net\minidev\accessors-smart\1.1\accessors-smart-1.1.jar;C:\Users\Usuario\.m2\repository\org\ow2\asm\asm\5.0.3\asm-5.0.3.jar;C:\Users\Usuario\.m2\repository\org\assertj\assertj-core\2.6.0\assertj-core-2.6.0.jar;C:\Users\Usuario\.m2\repository\org\mockito\mockito-core\1.10.19\mockito-core-1.10.19.jar;C:\Users\Usuario\.m2\repository\org\objenesis\objenesis\2.1\objenesis-2.1.jar;C:\Users\Usuario\.m2\repository\org\hamcrest\hamcrest-core\1.3\hamcrest-core-1.3.jar;C:\Users\Usuario\.m2\repository\org\hamcrest\hamcrest-library\1.3\hamcrest-library-1.3.jar;C:\Users\Usuario\.m2\repository\org\skyscreamer\jsonassert\1.4.0\jsonassert-1.4.0.jar;C:\Users\Usuario\.m2\repository\com\vaadin\external\google\android-json\0.0.20131108.vaadin1\android-json-0.0.20131108.vaadin1.jar;C:\Users\Usuario\.m2\repository\org\springframework\spring-core\4.3.14.RELEASE\spring-core-4.3.14.RELEASE.jar;C:\Users\Usuario\.m2\repository\org\springframework\boot\spring-boot-starter-web\1.5.10.RELEASE\spring-boot-starter-web-1.5.10.RELEASE.jar;C:\Users\Usuario\.m2\repository\org\springframework\boot\spring-boot-starter-tomcat\1.5.10.RELEASE\spring-boot-starter-tomcat-1.5.10.RELEASE.jar;C:\Users\Usuario\.m2\repository\org\apache\tomcat\embed\tomcat-embed-core\8.5.27\tomcat-embed-core-8.5.27.jar;C:\Users\Usuario\.m2\repository\org\apache\tomcat\tomcat-annotations-api\8.5.27\tomcat-annotations-api-8.5.27.jar;C:\Users\Usuario\.m2\repository\org\apache\tomcat\embed\tomcat-embed-el\8.5.27\tomcat-embed-el-8.5.27.jar;C:\Users\Usuario\.m2\repository\org\apache\tomcat\embed\tomcat-embed-websocket\8.5.27\tomcat-embed-websocket-8.5.27.jar;C:\Users\Usuario\.m2\repository\org\hibernate\hibernate-validator\5.3.6.Final\hibernate-validator-5.3.6.Final.jar;C:\Users\Usuario\.m2\repository\javax\validation\validation-api\1.1.0.Final\validation-api-1.1.0.Final.jar;C:\Users\Usuario\.m2\repository\org\jboss\logging\jboss-logging\3.3.1.Final\jboss-logging-3.3.1.Final.jar;C:\Users\Usuario\.m2\repository\com\fasterxml\classmate\1.3.4\classmate-1.3.4.jar;C:\Users\Usuario\.m2\repository\com\fasterxml\jackson\core\jackson-databind\2.8.10\jackson-databind-2.8.10.jar;C:\Users\Usuario\.m2\repository\com\fasterxml\jackson\core\jackson-annotations\2.8.0\jackson-annotations-2.8.0.jar;C:\Users\Usuario\.m2\repository\org\springframework\spring-web\4.3.14.RELEASE\spring-web-4.3.14.RELEASE.jar;C:\Users\Usuario\.m2\repository\org\springframework\spring-webmvc\4.3.14.RELEASE\spring-webmvc-4.3.14.RELEASE.jar;C:\Users\Usuario\.m2\repository\org\springframework\boot\spring-boot-devtools\1.5.10.RELEASE\spring-boot-devtools-1.5.10.RELEASE.jar;C:\Users\Usuario\.m2\repository\org\springframework\boot\spring-boot\1.5.10.RELEASE\spring-boot-1.5.10.RELEASE.jar;C:\Users\Usuario\.m2\repository\org\springframework\boot\spring-boot-autoconfigure\1.5.10.RELEASE\spring-boot-autoconfigure-1.5.10.RELEASE.jar;C:\Users\Usuario\.m2\repository\junit\junit\4.12\junit-4.12.jar;C:\Users\Usuario\.m2\repository\org\springframework\boot\spring-boot-configuration-processor\1.5.10.RELEASE\spring-boot-configuration-processor-1.5.10.RELEASE.jar;C:\Users\Usuario\.m2\repository\org\apache\maven\surefire\surefire-report-parser\2.20\surefire-report-parser-2.20.jar;C:\Users\Usuario\.m2\repository\org\apache\maven\surefire\surefire-logger-api\2.20\surefire-logger-api-2.20.jar;C:\Users\Usuario\.m2\repository\org\apache\maven\reporting\maven-reporting-api\3.0\maven-reporting-api-3.0.jar;C:\Users\Usuario\.m2\repository\org\apache\maven\doxia\doxia-sink-api\1.0\doxia-sink-api-1.0.jar;C:\Users\Usuario\.m2\repository\org\springframework\spring-context\4.3.14.RELEASE\spring-context-4.3.14.RELEASE.jar;C:\Users\Usuario\.m2\repository\org\springframework\spring-aop\4.3.14.RELEASE\spring-aop-4.3.14.RELEASE.jar;C:\Users\Usuario\.m2\repository\org\springframework\spring-beans\4.3.14.RELEASE\spring-beans-4.3.14.RELEASE.jar;C:\Users\Usuario\.m2\repository\org\springframework\spring-expression\4.3.14.RELEASE\spring-expression-4.3.14.RELEASE.jar;C:\Users\Usuario\.m2\repository\org\springframework\spring-test\4.3.14.RELEASE\spring-test-4.3.14.RELEASE.jar;, java.specification.name=Java Platform API Specification, java.class.version=52.0, sun.management.compiler=HotSpot 64-Bit Tiered Compilers, os.version=10.0, user.home=C:\Users\Usuario, user.timezone=Europe/Paris, java.awt.printerjob=sun.awt.windows.WPrinterJob, file.encoding=Cp1252, java.specification.version=1.8, java.class.path=D:\Usuarios\cvazquezlos\GitHub\TestLogAnalyzer\es.client\target\test-classes;D:\Usuarios\cvazquezlos\GitHub\TestLogAnalyzer\es.client\target\classes;C:\Users\Usuario\.m2\repository\net\java\dev\jna\jna\4.2.2\jna-4.2.2.jar;C:\Users\Usuario\.m2\repository\org\springframework\boot\spring-boot-starter-data-elasticsearch\1.5.10.RELEASE\spring-boot-starter-data-elasticsearch-1.5.10.RELEASE.jar;C:\Users\Usuario\.m2\repository\org\springframework\boot\spring-boot-starter\1.5.10.RELEASE\spring-boot-starter-1.5.10.RELEASE.jar;C:\Users\Usuario\.m2\repository\org\springframework\boot\spring-boot-starter-logging\1.5.10.RELEASE\spring-boot-starter-logging-1.5.10.RELEASE.jar;C:\Users\Usuario\.m2\repository\ch\qos\logback\logback-classic\1.1.11\logback-classic-1.1.11.jar;C:\Users\Usuario\.m2\repository\ch\qos\logback\logback-core\1.1.11\logback-core-1.1.11.jar;C:\Users\Usuario\.m2\repository\org\slf4j\jul-to-slf4j\1.7.25\jul-to-slf4j-1.7.25.jar;C:\Users\Usuario\.m2\repository\org\slf4j\log4j-over-slf4j\1.7.25\log4j-over-slf4j-1.7.25.jar;C:\Users\Usuario\.m2\repository\org\yaml\snakeyaml\1.17\snakeyaml-1.17.jar;C:\Users\Usuario\.m2\repository\org\springframework\data\spring-data-elasticsearch\2.1.10.RELEASE\spring-data-elasticsearch-2.1.10.RELEASE.jar;C:\Users\Usuario\.m2\repository\org\springframework\spring-tx\4.3.14.RELEASE\spring-tx-4.3.14.RELEASE.jar;C:\Users\Usuario\.m2\repository\org\springframework\data\spring-data-commons\1.13.10.RELEASE\spring-data-commons-1.13.10.RELEASE.jar;C:\Users\Usuario\.m2\repository\commons-lang\commons-lang\2.6\commons-lang-2.6.jar;C:\Users\Usuario\.m2\repository\joda-time\joda-time\2.9.9\joda-time-2.9.9.jar;C:\Users\Usuario\.m2\repository\org\elasticsearch\elasticsearch\2.4.6\elasticsearch-2.4.6.jar;C:\Users\Usuario\.m2\repository\org\apache\lucene\lucene-core\5.5.4\lucene-core-5.5.4.jar;C:\Users\Usuario\.m2\repository\org\apache\lucene\lucene-backward-codecs\5.5.4\lucene-backward-codecs-5.5.4.jar;C:\Users\Usuario\.m2\repository\org\apache\lucene\lucene-analyzers-common\5.5.4\lucene-analyzers-common-5.5.4.jar;C:\Users\Usuario\.m2\repository\org\apache\lucene\lucene-queries\5.5.4\lucene-queries-5.5.4.jar;C:\Users\Usuario\.m2\repository\org\apache\lucene\lucene-memory\5.5.4\lucene-memory-5.5.4.jar;C:\Users\Usuario\.m2\repository\org\apache\lucene\lucene-highlighter\5.5.4\lucene-highlighter-5.5.4.jar;C:\Users\Usuario\.m2\repository\org\apache\lucene\lucene-queryparser\5.5.4\lucene-queryparser-5.5.4.jar;C:\Users\Usuario\.m2\repository\org\apache\lucene\lucene-sandbox\5.5.4\lucene-sandbox-5.5.4.jar;C:\Users\Usuario\.m2\repository\org\apache\lucene\lucene-suggest\5.5.4\lucene-suggest-5.5.4.jar;C:\Users\Usuario\.m2\repository\org\apache\lucene\lucene-misc\5.5.4\lucene-misc-5.5.4.jar;C:\Users\Usuario\.m2\repository\org\apache\lucene\lucene-join\5.5.4\lucene-join-5.5.4.jar;C:\Users\Usuario\.m2\repository\org\apache\lucene\lucene-grouping\5.5.4\lucene-grouping-5.5.4.jar;C:\Users\Usuario\.m2\repository\org\apache\lucene\lucene-spatial\5.5.4\lucene-spatial-5.5.4.jar;C:\Users\Usuario\.m2\repository\org\apache\lucene\lucene-spatial3d\5.5.4\lucene-spatial3d-5.5.4.jar;C:\Users\Usuario\.m2\repository\com\spatial4j\spatial4j\0.5\spatial4j-0.5.jar;C:\Users\Usuario\.m2\repository\com\google\guava\guava\18.0\guava-18.0.jar;C:\Users\Usuario\.m2\repository\org\elasticsearch\securesm\1.0\securesm-1.0.jar;C:\Users\Usuario\.m2\repository\com\carrotsearch\hppc\0.7.1\hppc-0.7.1.jar;C:\Users\Usuario\.m2\repository\com\fasterxml\jackson\dataformat\jackson-dataformat-smile\2.8.10\jackson-dataformat-smile-2.8.10.jar;C:\Users\Usuario\.m2\repository\com\fasterxml\jackson\dataformat\jackson-dataformat-yaml\2.8.10\jackson-dataformat-yaml-2.8.10.jar;C:\Users\Usuario\.m2\repository\com\fasterxml\jackson\dataformat\jackson-dataformat-cbor\2.8.10\jackson-dataformat-cbor-2.8.10.jar;C:\Users\Usuario\.m2\repository\io\netty\netty\3.10.6.Final\netty-3.10.6.Final.jar;C:\Users\Usuario\.m2\repository\com\ning\compress-lzf\1.0.2\compress-lzf-1.0.2.jar;C:\Users\Usuario\.m2\repository\com\tdunning\t-digest\3.0\t-digest-3.0.jar;C:\Users\Usuario\.m2\repository\org\hdrhistogram\HdrHistogram\2.1.6\HdrHistogram-2.1.6.jar;C:\Users\Usuario\.m2\repository\commons-cli\commons-cli\1.3.1\commons-cli-1.3.1.jar;C:\Users\Usuario\.m2\repository\com\twitter\jsr166e\1.1.0\jsr166e-1.1.0.jar;C:\Users\Usuario\.m2\repository\com\fasterxml\jackson\core\jackson-core\2.8.10\jackson-core-2.8.10.jar;C:\Users\Usuario\.m2\repository\org\slf4j\slf4j-api\1.7.25\slf4j-api-1.7.25.jar;C:\Users\Usuario\.m2\repository\org\slf4j\jcl-over-slf4j\1.7.25\jcl-over-slf4j-1.7.25.jar;C:\Users\Usuario\.m2\repository\org\springframework\boot\spring-boot-starter-test\1.5.10.RELEASE\spring-boot-starter-test-1.5.10.RELEASE.jar;C:\Users\Usuario\.m2\repository\org\springframework\boot\spring-boot-test\1.5.10.RELEASE\spring-boot-test-1.5.10.RELEASE.jar;C:\Users\Usuario\.m2\repository\org\springframework\boot\spring-boot-test-autoconfigure\1.5.10.RELEASE\spring-boot-test-autoconfigure-1.5.10.RELEASE.jar;C:\Users\Usuario\.m2\repository\com\jayway\jsonpath\json-path\2.2.0\json-path-2.2.0.jar;C:\Users\Usuario\.m2\repository\net\minidev\json-smart\2.2.1\json-smart-2.2.1.jar;C:\Users\Usuario\.m2\repository\net\minidev\accessors-smart\1.1\accessors-smart-1.1.jar;C:\Users\Usuario\.m2\repository\org\ow2\asm\asm\5.0.3\asm-5.0.3.jar;C:\Users\Usuario\.m2\repository\org\assertj\assertj-core\2.6.0\assertj-core-2.6.0.jar;C:\Users\Usuario\.m2\repository\org\mockito\mockito-core\1.10.19\mockito-core-1.10.19.jar;C:\Users\Usuario\.m2\repository\org\objenesis\objenesis\2.1\objenesis-2.1.jar;C:\Users\Usuario\.m2\repository\org\hamcrest\hamcrest-core\1.3\hamcrest-core-1.3.jar;C:\Users\Usuario\.m2\repository\org\hamcrest\hamcrest-library\1.3\hamcrest-library-1.3.jar;C:\Users\Usuario\.m2\repository\org\skyscreamer\jsonassert\1.4.0\jsonassert-1.4.0.jar;C:\Users\Usuario\.m2\repository\com\vaadin\external\google\android-json\0.0.20131108.vaadin1\android-json-0.0.20131108.vaadin1.jar;C:\Users\Usuario\.m2\repository\org\springframework\spring-core\4.3.14.RELEASE\spring-core-4.3.14.RELEASE.jar;C:\Users\Usuario\.m2\repository\org\springframework\boot\spring-boot-starter-web\1.5.10.RELEASE\spring-boot-starter-web-1.5.10.RELEASE.jar;C:\Users\Usuario\.m2\repository\org\springframework\boot\spring-boot-starter-tomcat\1.5.10.RELEASE\spring-boot-starter-tomcat-1.5.10.RELEASE.jar;C:\Users\Usuario\.m2\repository\org\apache\tomcat\embed\tomcat-embed-core\8.5.27\tomcat-embed-core-8.5.27.jar;C:\Users\Usuario\.m2\repository\org\apache\tomcat\tomcat-annotations-api\8.5.27\tomcat-annotations-api-8.5.27.jar;C:\Users\Usuario\.m2\repository\org\apache\tomcat\embed\tomcat-embed-el\8.5.27\tomcat-embed-el-8.5.27.jar;C:\Users\Usuario\.m2\repository\org\apache\tomcat\embed\tomcat-embed-websocket\8.5.27\tomcat-embed-websocket-8.5.27.jar;C:\Users\Usuario\.m2\repository\org\hibernate\hibernate-validator\5.3.6.Final\hibernate-validator-5.3.6.Final.jar;C:\Users\Usuario\.m2\repository\javax\validation\validation-api\1.1.0.Final\validation-api-1.1.0.Final.jar;C:\Users\Usuario\.m2\repository\org\jboss\logging\jboss-logging\3.3.1.Final\jboss-logging-3.3.1.Final.jar;C:\Users\Usuario\.m2\repository\com\fasterxml\classmate\1.3.4\classmate-1.3.4.jar;C:\Users\Usuario\.m2\repository\com\fasterxml\jackson\core\jackson-databind\2.8.10\jackson-databind-2.8.10.jar;C:\Users\Usuario\.m2\repository\com\fasterxml\jackson\core\jackson-annotations\2.8.0\jackson-annotations-2.8.0.jar;C:\Users\Usuario\.m2\repository\org\springframework\spring-web\4.3.14.RELEASE\spring-web-4.3.14.RELEASE.jar;C:\Users\Usuario\.m2\repository\org\springframework\spring-webmvc\4.3.14.RELEASE\spring-webmvc-4.3.14.RELEASE.jar;C:\Users\Usuario\.m2\repository\org\springframework\boot\spring-boot-devtools\1.5.10.RELEASE\spring-boot-devtools-1.5.10.RELEASE.jar;C:\Users\Usuario\.m2\repository\org\springframework\boot\spring-boot\1.5.10.RELEASE\spring-boot-1.5.10.RELEASE.jar;C:\Users\Usuario\.m2\repository\org\springframework\boot\spring-boot-autoconfigure\1.5.10.RELEASE\spring-boot-autoconfigure-1.5.10.RELEASE.jar;C:\Users\Usuario\.m2\repository\junit\junit\4.12\junit-4.12.jar;C:\Users\Usuario\.m2\repository\org\springframework\boot\spring-boot-configuration-processor\1.5.10.RELEASE\spring-boot-configuration-processor-1.5.10.RELEASE.jar;C:\Users\Usuario\.m2\repository\org\apache\maven\surefire\surefire-report-parser\2.20\surefire-report-parser-2.20.jar;C:\Users\Usuario\.m2\repository\org\apache\maven\surefire\surefire-logger-api\2.20\surefire-logger-api-2.20.jar;C:\Users\Usuario\.m2\repository\org\apache\maven\reporting\maven-reporting-api\3.0\maven-reporting-api-3.0.jar;C:\Users\Usuario\.m2\repository\org\apache\maven\doxia\doxia-sink-api\1.0\doxia-sink-api-1.0.jar;C:\Users\Usuario\.m2\repository\org\springframework\spring-context\4.3.14.RELEASE\spring-context-4.3.14.RELEASE.jar;C:\Users\Usuario\.m2\repository\org\springframework\spring-aop\4.3.14.RELEASE\spring-aop-4.3.14.RELEASE.jar;C:\Users\Usuario\.m2\repository\org\springframework\spring-beans\4.3.14.RELEASE\spring-beans-4.3.14.RELEASE.jar;C:\Users\Usuario\.m2\repository\org\springframework\spring-expression\4.3.14.RELEASE\spring-expression-4.3.14.RELEASE.jar;C:\Users\Usuario\.m2\repository\org\springframework\spring-test\4.3.14.RELEASE\spring-test-4.3.14.RELEASE.jar;, user.name=Usuario, java.vm.specification.version=1.8, sun.java.command=D:\Usuarios\cvazquezlos\GitHub\TestLogAnalyzer\es.client\target\surefire\surefirebooter409401242283725424.jar D:\Usuarios\cvazquezlos\GitHub\TestLogAnalyzer\es.client\target\surefire\surefire6316699900717784837tmp D:\Usuarios\cvazquezlos\GitHub\TestLogAnalyzer\es.client\target\surefire\surefire_06290853885886433400tmp, java.home=C:\Program Files\Java\jre1.8.0_161, sun.arch.data.model=64, user.language=es, java.specification.vendor=Oracle Corporation, awt.toolkit=sun.awt.windows.WToolkit, java.vm.info=mixed mode, java.version=1.8.0_161, java.ext.dirs=C:\Program Files\Java\jre1.8.0_161\lib\ext;C:\Windows\Sun\Java\lib\ext, sun.boot.class.path=C:\Program Files\Java\jre1.8.0_161\lib\resources.jar;C:\Program Files\Java\jre1.8.0_161\lib\rt.jar;C:\Program Files\Java\jre1.8.0_161\lib\sunrsasign.jar;C:\Program Files\Java\jre1.8.0_161\lib\jsse.jar;C:\Program Files\Java\jre1.8.0_161\lib\jce.jar;C:\Program Files\Java\jre1.8.0_161\lib\charsets.jar;C:\Program Files\Java\jre1.8.0_161\lib\jfr.jar;C:\Program Files\Java\jre1.8.0_161\classes, java.vendor=Oracle Corporation, localRepository=C:\Users\Usuario\.m2\repository, file.separator=\, java.vendor.url.bug=http://bugreport.sun.com/bugreport/, sun.io.unicode.encoding=UnicodeLittle, sun.cpu.endian=little, sun.desktop=windows, sun.cpu.isalist=amd64}}, SystemEnvironmentPropertySource@852687460 {name='systemEnvironment', properties={PATH=C:/Program Files/Java/jre1.8.0_161/bin/server;C:/Program Files/Java/jre1.8.0_161/bin;C:/Program Files/Java/jre1.8.0_161/lib/amd64;C:\Program Files (x86)\Razer Chroma SDK\bin;C:\Program Files\Razer Chroma SDK\bin;C:\ProgramData\Oracle\Java\javapath;C:\Program Files (x86)\Intel\iCLS Client\;C:\Program Files\Intel\iCLS Client\;C:\Windows\system32;C:\Windows;C:\Windows\System32\Wbem;C:\Windows\System32\WindowsPowerShell\v1.0\;C:\Program Files (x86)\Intel\Intel(R) Management Engine Components\DAL;C:\Program Files\Intel\Intel(R) Management Engine Components\DAL;C:\Program Files (x86)\Intel\Intel(R) Management Engine Components\IPT;C:\Program Files\Intel\Intel(R) Management Engine Components\IPT;C:\Program Files (x86)\NVIDIA Corporation\PhysX\Common;JAVA_HOME;D:\Archivos de Programa\nodejs\;D:\Archivos de Programa\Brackets\command;C:\Windows\system32\config\systemprofile\AppData\Local\Microsoft\WindowsApps;D:\Archivos de Programa\Apache\maven\bin;C:\Program Files\Git\cmd;C:\Users\Usuario\AppData\Local\Microsoft\WindowsApps;C:\Users\Usuario\AppData\Local\GitHubDesktop\bin;C:\Users\Usuario\AppData\Roaming\npm;D:\Archivos de Programa\Docker Toolbox;D:\Usuarios\cvazquezlos\Documents\sts-bundle\sts-3.9.2.RELEASE;, USERDOMAIN_ROAMINGPROFILE=DESKTOP-0QNMBKA, NO_PROXY=192.168.99.100, PROCESSOR_LEVEL=6, SYSTEMDRIVE=C:, SESSIONNAME=Console, ALLUSERSPROFILE=C:\ProgramData, PROCESSOR_ARCHITECTURE=AMD64, MAVEN_HOME=D:\Archivos de Programa\Apache\maven, PROGRAMFILES=C:\Program Files, PSMODULEPATH=C:\Program Files\WindowsPowerShell\Modules;C:\Windows\system32\WindowsPowerShell\v1.0\Modules, PROGRAMDATA=C:\ProgramData, USERNAME=Usuario, FPS_BROWSER_USER_PROFILE_STRING=Default, ONEDRIVE=C:\Users\Usuario\OneDrive, PATHEXT=.COM;.EXE;.BAT;.CMD;.VBS;.VBE;.JS;.JSE;.WSF;.WSH;.MSC, COMPOSE_CONVERT_WINDOWS_PATHS=true, WINDIR=C:\Windows, HOMEPATH=\Users\Usuario, PROCESSOR_IDENTIFIER=Intel64 Family 6 Model 158 Stepping 9, GenuineIntel, M2_HOME=D:\Archivos de Programa\Apache\maven, PUBLIC=C:\Users\Public, =::=::\, LOCALAPPDATA=C:\Users\Usuario\AppData\Local, COMMONPROGRAMFILES(X86)=C:\Program Files (x86)\Common Files, DOCKER_HOST=tcp://192.168.99.100:2376, USERDOMAIN=DESKTOP-0QNMBKA, FPS_BROWSER_APP_PROFILE_STRING=Internet Explorer, LOGONSERVER=\\DESKTOP-0QNMBKA, JAVA_HOME=C:\Program Files\Java\jdk1.8.0_161, PROMPT=$P$G, PROGRAMFILES(X86)=C:\Program Files (x86), =C:=C:\, APPDATA=C:\Users\Usuario\AppData\Roaming, DOCKER_MACHINE_NAME=default, DOCKER_CERT_PATH=C:\Users\Usuario\.docker\machine\machines\default, PROGRAMW6432=C:\Program Files, SYSTEMROOT=C:\Windows, VBOX_MSI_INSTALL_PATH=C:\Program Files\Oracle\VirtualBox\, OS=Windows_NT, COMMONPROGRAMW6432=C:\Program Files\Common Files, COMPUTERNAME=DESKTOP-0QNMBKA, COMMONPROGRAMFILES=C:\Program Files\Common Files, COMSPEC=C:\Windows\system32\cmd.exe, PROCESSOR_REVISION=9e09, DOCKER_TLS_VERIFY=1, =D:=D:\Usuarios\cvazquezlos\GitHub\TestLogAnalyzer\es.client, TEMP=C:\Users\Usuario\AppData\Local\Temp, HOMEDRIVE=C:, USERPROFILE=C:\Users\Usuario, TMP=C:\Users\Usuario\AppData\Local\Temp, NUMBER_OF_PROCESSORS=8, DOCKER_TOOLBOX_INSTALL_PATH=D:\Archivos de Programa\Docker Toolbox}}]
09:15:06.990 [main] DEBUG org.springframework.core.io.support.PathMatchingResourcePatternResolver - Resolved classpath location [elastest/loganalyzer/es/client/repository/] to resources [URL [file:/D:/Usuarios/cvazquezlos/GitHub/TestLogAnalyzer/es.client/target/test-classes/elastest/loganalyzer/es/client/repository/], URL [file:/D:/Usuarios/cvazquezlos/GitHub/TestLogAnalyzer/es.client/target/classes/elastest/loganalyzer/es/client/repository/]]
09:15:06.991 [main] DEBUG org.springframework.core.io.support.PathMatchingResourcePatternResolver - Looking for matching resources in directory tree [D:\Usuarios\cvazquezlos\GitHub\TestLogAnalyzer\es.client\target\test-classes\elastest\loganalyzer\es\client\repository]
09:15:06.992 [main] DEBUG org.springframework.core.io.support.PathMatchingResourcePatternResolver - Searching directory [D:\Usuarios\cvazquezlos\GitHub\TestLogAnalyzer\es.client\target\test-classes\elastest\loganalyzer\es\client\repository] for files matching pattern [D:/Usuarios/cvazquezlos/GitHub/TestLogAnalyzer/es.client/target/test-classes/elastest/loganalyzer/es/client/repository/*.class]
09:15:07.000 [main] DEBUG org.springframework.core.io.support.PathMatchingResourcePatternResolver - Looking for matching resources in directory tree [D:\Usuarios\cvazquezlos\GitHub\TestLogAnalyzer\es.client\target\classes\elastest\loganalyzer\es\client\repository]
09:15:07.001 [main] DEBUG org.springframework.core.io.support.PathMatchingResourcePatternResolver - Searching directory [D:\Usuarios\cvazquezlos\GitHub\TestLogAnalyzer\es.client\target\classes\elastest\loganalyzer\es\client\repository] for files matching pattern [D:/Usuarios/cvazquezlos/GitHub/TestLogAnalyzer/es.client/target/classes/elastest/loganalyzer/es/client/repository/*.class]
09:15:07.003 [main] DEBUG org.springframework.core.io.support.PathMatchingResourcePatternResolver - Resolved location pattern [classpath*:elastest/loganalyzer/es/client/repository/*.class] to resources [file [D:\Usuarios\cvazquezlos\GitHub\TestLogAnalyzer\es.client\target\test-classes\elastest\loganalyzer\es\client\repository\ExecutionRepositoryTest.class], file [D:\Usuarios\cvazquezlos\GitHub\TestLogAnalyzer\es.client\target\classes\elastest\loganalyzer\es\client\repository\ExecutionRepository.class], file [D:\Usuarios\cvazquezlos\GitHub\TestLogAnalyzer\es.client\target\classes\elastest\loganalyzer\es\client\repository\LogRepository.class], file [D:\Usuarios\cvazquezlos\GitHub\TestLogAnalyzer\es.client\target\classes\elastest\loganalyzer\es\client\repository\ProjectRepository.class], file [D:\Usuarios\cvazquezlos\GitHub\TestLogAnalyzer\es.client\target\classes\elastest\loganalyzer\es\client\repository\TabRepository.class]]
09:15:07.072 [main] DEBUG org.springframework.core.io.support.PathMatchingResourcePatternResolver - Resolved classpath location [elastest/loganalyzer/es/client/] to resources [URL [file:/D:/Usuarios/cvazquezlos/GitHub/TestLogAnalyzer/es.client/target/test-classes/elastest/loganalyzer/es/client/], URL [file:/D:/Usuarios/cvazquezlos/GitHub/TestLogAnalyzer/es.client/target/classes/elastest/loganalyzer/es/client/]]
09:15:07.073 [main] DEBUG org.springframework.core.io.support.PathMatchingResourcePatternResolver - Looking for matching resources in directory tree [D:\Usuarios\cvazquezlos\GitHub\TestLogAnalyzer\es.client\target\test-classes\elastest\loganalyzer\es\client]
09:15:07.073 [main] DEBUG org.springframework.core.io.support.PathMatchingResourcePatternResolver - Searching directory [D:\Usuarios\cvazquezlos\GitHub\TestLogAnalyzer\es.client\target\test-classes\elastest\loganalyzer\es\client] for files matching pattern [D:/Usuarios/cvazquezlos/GitHub/TestLogAnalyzer/es.client/target/test-classes/elastest/loganalyzer/es/client/*.class]
09:15:07.075 [main] DEBUG org.springframework.core.io.support.PathMatchingResourcePatternResolver - Looking for matching resources in directory tree [D:\Usuarios\cvazquezlos\GitHub\TestLogAnalyzer\es.client\target\classes\elastest\loganalyzer\es\client]
09:15:07.075 [main] DEBUG org.springframework.core.io.support.PathMatchingResourcePatternResolver - Searching directory [D:\Usuarios\cvazquezlos\GitHub\TestLogAnalyzer\es.client\target\classes\elastest\loganalyzer\es\client] for files matching pattern [D:/Usuarios/cvazquezlos/GitHub/TestLogAnalyzer/es.client/target/classes/elastest/loganalyzer/es/client/*.class]
09:15:07.079 [main] DEBUG org.springframework.core.io.support.PathMatchingResourcePatternResolver - Resolved location pattern [classpath*:elastest/loganalyzer/es/client/*.class] to resources [file [D:\Usuarios\cvazquezlos\GitHub\TestLogAnalyzer\es.client\target\test-classes\elastest\loganalyzer\es\client\AppTest.class], file [D:\Usuarios\cvazquezlos\GitHub\TestLogAnalyzer\es.client\target\classes\elastest\loganalyzer\es\client\App$1.class], file [D:\Usuarios\cvazquezlos\GitHub\TestLogAnalyzer\es.client\target\classes\elastest\loganalyzer\es\client\App.class], file [D:\Usuarios\cvazquezlos\GitHub\TestLogAnalyzer\es.client\target\classes\elastest\loganalyzer\es\client\DiffMatchPatch$Diff.class], file [D:\Usuarios\cvazquezlos\GitHub\TestLogAnalyzer\es.client\target\classes\elastest\loganalyzer\es\client\DiffMatchPatch$LinesToCharsResult.class], file [D:\Usuarios\cvazquezlos\GitHub\TestLogAnalyzer\es.client\target\classes\elastest\loganalyzer\es\client\DiffMatchPatch$Operation.class], file [D:\Usuarios\cvazquezlos\GitHub\TestLogAnalyzer\es.client\target\classes\elastest\loganalyzer\es\client\DiffMatchPatch$Patch.class], file [D:\Usuarios\cvazquezlos\GitHub\TestLogAnalyzer\es.client\target\classes\elastest\loganalyzer\es\client\DiffMatchPatch.class], file [D:\Usuarios\cvazquezlos\GitHub\TestLogAnalyzer\es.client\target\classes\elastest\loganalyzer\es\client\EsConfiguration.class]]
09:15:07.174 [main] DEBUG org.springframework.context.annotation.ClassPathScanningCandidateComponentProvider - Identified candidate component class: file [D:\Usuarios\cvazquezlos\GitHub\TestLogAnalyzer\es.client\target\classes\elastest\loganalyzer\es\client\App.class]
09:15:07.207 [main] INFO org.springframework.boot.test.context.SpringBootTestContextBootstrapper - Found @SpringBootConfiguration elastest.loganalyzer.es.client.App for test class elastest.loganalyzer.es.client.repository.ExecutionRepositoryTest
09:15:07.221 [main] DEBUG org.springframework.boot.test.context.SpringBootTestContextBootstrapper - @TestExecutionListeners is not present for class [elastest.loganalyzer.es.client.repository.ExecutionRepositoryTest]: using defaults.
09:15:07.232 [main] INFO org.springframework.boot.test.context.SpringBootTestContextBootstrapper - Loaded default TestExecutionListener class names from location [META-INF/spring.factories]: [org.springframework.boot.test.mock.mockito.MockitoTestExecutionListener, org.springframework.boot.test.mock.mockito.ResetMocksTestExecutionListener, org.springframework.boot.test.autoconfigure.restdocs.RestDocsTestExecutionListener, org.springframework.boot.test.autoconfigure.web.client.MockRestServiceServerResetTestExecutionListener, org.springframework.boot.test.autoconfigure.web.servlet.MockMvcPrintOnlyOnFailureTestExecutionListener, org.springframework.boot.test.autoconfigure.web.servlet.WebDriverTestExecutionListener, org.springframework.test.context.web.ServletTestExecutionListener, org.springframework.test.context.support.DirtiesContextBeforeModesTestExecutionListener, org.springframework.test.context.support.DependencyInjectionTestExecutionListener, org.springframework.test.context.support.DirtiesContextTestExecutionListener, org.springframework.test.context.transaction.TransactionalTestExecutionListener, org.springframework.test.context.jdbc.SqlScriptsTestExecutionListener]
09:15:07.289 [main] INFO org.springframework.boot.test.context.SpringBootTestContextBootstrapper - Using TestExecutionListeners: [org.springframework.test.context.web.ServletTestExecutionListener@4c40b76e, org.springframework.test.context.support.DirtiesContextBeforeModesTestExecutionListener@2ea6137, org.springframework.boot.test.autoconfigure.SpringBootDependencyInjectionTestExecutionListener@41ee392b, org.springframework.test.context.support.DirtiesContextTestExecutionListener@1e67a849, org.springframework.test.context.transaction.TransactionalTestExecutionListener@57d5872c, org.springframework.test.context.jdbc.SqlScriptsTestExecutionListener@667a738, org.springframework.boot.test.mock.mockito.MockitoTestExecutionListener@36f0f1be, org.springframework.boot.test.mock.mockito.ResetMocksTestExecutionListener@157632c9, org.springframework.boot.test.autoconfigure.restdocs.RestDocsTestExecutionListener@6ee12bac, org.springframework.boot.test.autoconfigure.web.client.MockRestServiceServerResetTestExecutionListener@55040f2f, org.springframework.boot.test.autoconfigure.web.servlet.MockMvcPrintOnlyOnFailureTestExecutionListener@64c87930, org.springframework.boot.test.autoconfigure.web.servlet.WebDriverTestExecutionListener@400cff1a]
09:15:07.297 [main] DEBUG org.springframework.test.annotation.ProfileValueUtils - Retrieved @ProfileValueSourceConfiguration [null] for test class [elastest.loganalyzer.es.client.repository.ExecutionRepositoryTest]
09:15:07.299 [main] DEBUG org.springframework.test.annotation.ProfileValueUtils - Retrieved ProfileValueSource type [class org.springframework.test.annotation.SystemProfileValueSource] for class [elastest.loganalyzer.es.client.repository.ExecutionRepositoryTest]
]]></system-out>
  </testcase>
</testsuite>