<?xml version="1.0" encoding="UTF-8"?>
<testsuite name="elastest.loganalyzer.es.client.rest.ProjectRestTest" time="0.086" tests="3" errors="2" skipped="0" failures="0">
  <properties>
[...]
</properties>
  <testcase name="postAndDelete" classname="elastest.loganalyzer.es.client.rest.ProjectRestTest" time="0.077">
    <error message="Request processing failed; nested exception is NoNodeAvailableException[None of the configured nodes are available: [{#transport#-1}{localhost}{127.0.0.1:9300}]]" type="org.springframework.web.util.NestedServletException">org.springframework.web.util.NestedServletException: Request processing failed; nested exception is NoNodeAvailableException[None of the configured nodes are available: [{#transport#-1}{localhost}{127.0.0.1:9300}]]
	at org.elasticsearch.client.transport.TransportClientNodesService.ensureNodesAreAvailable(TransportClientNodesService.java:326)
	at org.elasticsearch.client.transport.TransportClientNodesService.execute(TransportClientNodesService.java:223)
	at org.elasticsearch.client.transport.support.TransportProxyClient.execute(TransportProxyClient.java:55)
	at org.elasticsearch.client.transport.TransportClient.doExecute(TransportClient.java:295)
	at org.elasticsearch.client.support.AbstractClient.execute(AbstractClient.java:359)
	at org.elasticsearch.action.ActionRequestBuilder.execute(ActionRequestBuilder.java:86)
	at org.elasticsearch.action.ActionRequestBuilder.execute(ActionRequestBuilder.java:56)
	at org.springframework.data.elasticsearch.core.ElasticsearchTemplate.index(ElasticsearchTemplate.java:536)
	at org.springframework.data.elasticsearch.repository.support.AbstractElasticsearchRepository.save(AbstractElasticsearchRepository.java:147)
	at sun.reflect.NativeMethodAccessorImpl.invoke0(Native Method)
	at sun.reflect.NativeMethodAccessorImpl.invoke(Unknown Source)
	at sun.reflect.DelegatingMethodAccessorImpl.invoke(Unknown Source)
	at java.lang.reflect.Method.invoke(Unknown Source)
	at org.springframework.data.repository.core.support.RepositoryFactorySupport$QueryExecutorMethodInterceptor.executeMethodOn(RepositoryFactorySupport.java:513)
	at org.springframework.data.repository.core.support.RepositoryFactorySupport$QueryExecutorMethodInterceptor.doInvoke(RepositoryFactorySupport.java:498)
	at org.springframework.data.repository.core.support.RepositoryFactorySupport$QueryExecutorMethodInterceptor.invoke(RepositoryFactorySupport.java:475)
	at org.springframework.aop.framework.ReflectiveMethodInvocation.proceed(ReflectiveMethodInvocation.java:179)
	at org.springframework.data.projection.DefaultMethodInvokingMethodInterceptor.invoke(DefaultMethodInvokingMethodInterceptor.java:56)
	at org.springframework.aop.framework.ReflectiveMethodInvocation.proceed(ReflectiveMethodInvocation.java:179)
	at org.springframework.aop.interceptor.ExposeInvocationInterceptor.invoke(ExposeInvocationInterceptor.java:92)
	at org.springframework.aop.framework.ReflectiveMethodInvocation.proceed(ReflectiveMethodInvocation.java:179)
	at org.springframework.data.repository.core.support.SurroundingTransactionDetectorMethodInterceptor.invoke(SurroundingTransactionDetectorMethodInterceptor.java:57)
	at org.springframework.aop.framework.ReflectiveMethodInvocation.proceed(ReflectiveMethodInvocation.java:179)
	at org.springframework.aop.framework.JdkDynamicAopProxy.invoke(JdkDynamicAopProxy.java:213)
	at com.sun.proxy.$Proxy82.save(Unknown Source)
	at sun.reflect.NativeMethodAccessorImpl.invoke0(Native Method)
	at sun.reflect.NativeMethodAccessorImpl.invoke(Unknown Source)
	at sun.reflect.DelegatingMethodAccessorImpl.invoke(Unknown Source)
	at java.lang.reflect.Method.invoke(Unknown Source)
	at org.springframework.aop.support.AopUtils.invokeJoinpointUsingReflection(AopUtils.java:333)
	at org.springframework.aop.framework.ReflectiveMethodInvocation.invokeJoinpoint(ReflectiveMethodInvocation.java:190)
	at org.springframework.aop.framework.ReflectiveMethodInvocation.proceed(ReflectiveMethodInvocation.java:157)
	at org.springframework.dao.support.PersistenceExceptionTranslationInterceptor.invoke(PersistenceExceptionTranslationInterceptor.java:136)
	at org.springframework.aop.framework.ReflectiveMethodInvocation.proceed(ReflectiveMethodInvocation.java:179)
	at org.springframework.aop.framework.JdkDynamicAopProxy.invoke(JdkDynamicAopProxy.java:213)
	at com.sun.proxy.$Proxy82.save(Unknown Source)
	at elastest.loganalyzer.es.client.service.ProjectService.save(ProjectService.java:37)
	at elastest.loganalyzer.es.client.rest.ProjectRest.post(ProjectRest.java:59)
	at sun.reflect.NativeMethodAccessorImpl.invoke0(Native Method)
	at sun.reflect.NativeMethodAccessorImpl.invoke(Unknown Source)
	at sun.reflect.DelegatingMethodAccessorImpl.invoke(Unknown Source)
	at java.lang.reflect.Method.invoke(Unknown Source)
	at org.springframework.web.method.support.InvocableHandlerMethod.doInvoke(InvocableHandlerMethod.java:205)
	at org.springframework.web.method.support.InvocableHandlerMethod.invokeForRequest(InvocableHandlerMethod.java:133)
	at org.springframework.web.servlet.mvc.method.annotation.ServletInvocableHandlerMethod.invokeAndHandle(ServletInvocableHandlerMethod.java:97)
	at org.springframework.web.servlet.mvc.method.annotation.RequestMappingHandlerAdapter.invokeHandlerMethod(RequestMappingHandlerAdapter.java:827)
	at org.springframework.web.servlet.mvc.method.annotation.RequestMappingHandlerAdapter.handleInternal(RequestMappingHandlerAdapter.java:738)
	at org.springframework.web.servlet.mvc.method.AbstractHandlerMethodAdapter.handle(AbstractHandlerMethodAdapter.java:85)
	at org.springframework.web.servlet.DispatcherServlet.doDispatch(DispatcherServlet.java:967)
	at org.springframework.web.servlet.DispatcherServlet.doService(DispatcherServlet.java:901)
	at org.springframework.web.servlet.FrameworkServlet.processRequest(FrameworkServlet.java:970)
	at org.springframework.web.servlet.FrameworkServlet.doPost(FrameworkServlet.java:872)
	at javax.servlet.http.HttpServlet.service(HttpServlet.java:661)
	at org.springframework.web.servlet.FrameworkServlet.service(FrameworkServlet.java:846)
	at org.springframework.test.web.servlet.TestDispatcherServlet.service(TestDispatcherServlet.java:65)
	at javax.servlet.http.HttpServlet.service(HttpServlet.java:742)
	at org.springframework.mock.web.MockFilterChain$ServletFilterProxy.doFilter(MockFilterChain.java:160)
	at org.springframework.mock.web.MockFilterChain.doFilter(MockFilterChain.java:127)
	at org.springframework.test.web.servlet.MockMvc.perform(MockMvc.java:155)
	at elastest.loganalyzer.es.client.rest.ProjectRestTest.postAndDelete(ProjectRestTest.java:52)
</error>
    <system-out><![CDATA[2018-04-29 20:20:02.053  INFO 940 --- [           main] o.s.t.c.support.AbstractContextLoader    : Could not detect default resource locations for test class [elastest.loganalyzer.es.client.rest.ProjectRestTest]: no resource found for suffixes {-context.xml, Context.groovy}.
2018-04-29 20:20:02.061  INFO 940 --- [           main] .b.t.c.SpringBootTestContextBootstrapper : Loaded default TestExecutionListener class names from location [META-INF/spring.factories]: [org.springframework.boot.test.mock.mockito.MockitoTestExecutionListener, org.springframework.boot.test.mock.mockito.ResetMocksTestExecutionListener, org.springframework.boot.test.autoconfigure.restdocs.RestDocsTestExecutionListener, org.springframework.boot.test.autoconfigure.web.client.MockRestServiceServerResetTestExecutionListener, org.springframework.boot.test.autoconfigure.web.servlet.MockMvcPrintOnlyOnFailureTestExecutionListener, org.springframework.boot.test.autoconfigure.web.servlet.WebDriverTestExecutionListener, org.springframework.test.context.web.ServletTestExecutionListener, org.springframework.test.context.support.DirtiesContextBeforeModesTestExecutionListener, org.springframework.test.context.support.DependencyInjectionTestExecutionListener, org.springframework.test.context.support.DirtiesContextTestExecutionListener, org.springframework.test.context.transaction.TransactionalTestExecutionListener, org.springframework.test.context.jdbc.SqlScriptsTestExecutionListener]
2018-04-29 20:20:02.065  INFO 940 --- [           main] .b.t.c.SpringBootTestContextBootstrapper : Using TestExecutionListeners: [org.springframework.test.context.web.ServletTestExecutionListener@1dd64243, org.springframework.test.context.support.DirtiesContextBeforeModesTestExecutionListener@2ef913a4, org.springframework.boot.test.autoconfigure.SpringBootDependencyInjectionTestExecutionListener@520c3dcb, org.springframework.test.context.support.DirtiesContextTestExecutionListener@145fe8ab, org.springframework.test.context.transaction.TransactionalTestExecutionListener@3b347439, org.springframework.test.context.jdbc.SqlScriptsTestExecutionListener@5d3634c8, org.springframework.boot.test.mock.mockito.MockitoTestExecutionListener@6e67a8c0, org.springframework.boot.test.mock.mockito.ResetMocksTestExecutionListener@5960f17, org.springframework.boot.test.autoconfigure.restdocs.RestDocsTestExecutionListener@1d1b3620, org.springframework.boot.test.autoconfigure.web.client.MockRestServiceServerResetTestExecutionListener@71e7c13f, org.springframework.boot.test.autoconfigure.web.servlet.MockMvcPrintOnlyOnFailureTestExecutionListener@2295566b, org.springframework.boot.test.autoconfigure.web.servlet.WebDriverTestExecutionListener@174e1b99]

  .   ____          _            __ _ _
 /\\ / ___'_ __ _ _(_)_ __  __ _ \ \ \ \
( ( )\___ | '_ | '_| | '_ \/ _` | \ \ \ \
 \\/  ___)| |_)| | | | | || (_| |  ) ) ) )
  '  |____| .__|_| |_|_| |_\__, | / / / /
 =========|_|==============|___/=/_/_/_/
 :: Spring Boot ::       (v1.5.10.RELEASE)

2018-04-29 20:20:02.102  WARN 940 --- [           main] ory$DuplicateJsonObjectContextCustomizer : 

Found multiple occurrences of org.json.JSONObject on the class path:

	jar:file:/C:/Users/Usuario/.m2/repository/org/json/json/20140107/json-20140107.jar!/org/json/JSONObject.class
	jar:file:/C:/Users/Usuario/.m2/repository/com/vaadin/external/google/android-json/0.0.20131108.vaadin1/android-json-0.0.20131108.vaadin1.jar!/org/json/JSONObject.class

You may wish to exclude one of them to ensure predictable runtime behavior

2018-04-29 20:20:02.103  INFO 940 --- [           main] e.l.es.client.rest.ProjectRestTest       : Starting ProjectRestTest on DESKTOP-0QNMBKA with PID 940 (started by Usuario in D:\Usuarios\cvazquezlos\GitHub\TestLogAnalyzer\testloganalyzer)
2018-04-29 20:20:02.103  INFO 940 --- [           main] e.l.es.client.rest.ProjectRestTest       : No active profile set, falling back to default profiles: default
2018-04-29 20:20:02.107  INFO 940 --- [           main] o.s.w.c.s.GenericWebApplicationContext   : Refreshing org.springframework.web.context.support.GenericWebApplicationContext@6b64429e: startup date [Sun Apr 29 20:20:02 CEST 2018]; root of context hierarchy
2018-04-29 20:20:02.302  INFO 940 --- [           main] o.s.b.f.s.DefaultListableBeanFactory     : Overriding bean definition for bean 'elasticsearchTemplate' with a different definition: replacing [Root bean: class [null]; scope=; abstract=false; lazyInit=false; autowireMode=3; dependencyCheck=0; autowireCandidate=true; primary=false; factoryBeanName=elastest.loganalyzer.es.client.EsConfiguration; factoryMethodName=elasticsearchTemplate; initMethodName=null; destroyMethodName=(inferred); defined in class path resource [elastest/loganalyzer/es/client/EsConfiguration.class]] with [Root bean: class [null]; scope=; abstract=false; lazyInit=false; autowireMode=3; dependencyCheck=0; autowireCandidate=true; primary=false; factoryBeanName=org.springframework.boot.autoconfigure.data.elasticsearch.ElasticsearchDataAutoConfiguration; factoryMethodName=elasticsearchTemplate; initMethodName=null; destroyMethodName=(inferred); defined in class path resource [org/springframework/boot/autoconfigure/data/elasticsearch/ElasticsearchDataAutoConfiguration.class]]
2018-04-29 20:20:02.400  INFO 940 --- [           main] org.elasticsearch.plugins                : [Att-Lass] modules [], plugins [], sites []
2018-04-29 20:20:02.433  INFO 940 --- [           main] o.s.d.e.c.TransportClientFactoryBean     : adding transport node : localhost:9300
2018-04-29 20:20:02.639  INFO 940 --- [][generic][T#2]] org.elasticsearch.client.transport       : [Vampire by Night] failed to connect to node [{#transport#-1}{localhost}{127.0.0.1:9300}], removed from nodes list

org.elasticsearch.transport.ConnectTransportException: [][127.0.0.1:9300] connect_timeout[30s]
	at org.elasticsearch.transport.netty.NettyTransport.connectToChannelsLight(NettyTransport.java:967) ~[elasticsearch-2.4.6.jar:2.4.6]
	at org.elasticsearch.transport.netty.NettyTransport.connectToNode(NettyTransport.java:933) ~[elasticsearch-2.4.6.jar:2.4.6]
	at org.elasticsearch.transport.netty.NettyTransport.connectToNodeLight(NettyTransport.java:906) ~[elasticsearch-2.4.6.jar:2.4.6]
	at org.elasticsearch.transport.TransportService.connectToNodeLight(TransportService.java:267) ~[elasticsearch-2.4.6.jar:2.4.6]
	at org.elasticsearch.client.transport.TransportClientNodesService$SimpleNodeSampler.doSample(TransportClientNodesService.java:390) ~[elasticsearch-2.4.6.jar:2.4.6]
	at org.elasticsearch.client.transport.TransportClientNodesService$NodeSampler.sample(TransportClientNodesService.java:336) [elasticsearch-2.4.6.jar:2.4.6]
	at org.elasticsearch.client.transport.TransportClientNodesService$ScheduledNodeSampler.run(TransportClientNodesService.java:369) [elasticsearch-2.4.6.jar:2.4.6]
	at java.util.concurrent.ThreadPoolExecutor.runWorker(Unknown Source) [na:1.8.0_161]
	at java.util.concurrent.ThreadPoolExecutor$Worker.run(Unknown Source) [na:1.8.0_161]
	at java.lang.Thread.run(Unknown Source) [na:1.8.0_161]
Caused by: java.net.ConnectException: Connection refused: no further information: localhost/127.0.0.1:9300
	at sun.nio.ch.SocketChannelImpl.checkConnect(Native Method) ~[na:1.8.0_161]
	at sun.nio.ch.SocketChannelImpl.finishConnect(Unknown Source) ~[na:1.8.0_161]
	at org.jboss.netty.channel.socket.nio.NioClientBoss.connect(NioClientBoss.java:152) ~[netty-3.10.6.Final.jar:na]
	at org.jboss.netty.channel.socket.nio.NioClientBoss.processSelectedKeys(NioClientBoss.java:105) ~[netty-3.10.6.Final.jar:na]
	at org.jboss.netty.channel.socket.nio.NioClientBoss.process(NioClientBoss.java:79) ~[netty-3.10.6.Final.jar:na]
	at org.jboss.netty.channel.socket.nio.AbstractNioSelector.run(AbstractNioSelector.java:337) ~[netty-3.10.6.Final.jar:na]
	at org.jboss.netty.channel.socket.nio.NioClientBoss.run(NioClientBoss.java:42) ~[netty-3.10.6.Final.jar:na]
	at org.jboss.netty.util.ThreadRenamingRunnable.run(ThreadRenamingRunnable.java:108) ~[netty-3.10.6.Final.jar:na]
	at org.jboss.netty.util.internal.DeadLockProofWorker$1.run(DeadLockProofWorker.java:42) ~[netty-3.10.6.Final.jar:na]
	... 3 common frames omitted

2018-04-29 20:20:03.439  INFO 940 --- [           main] org.elasticsearch.client.transport       : [Att-Lass] failed to connect to node [{#transport#-1}{localhost}{127.0.0.1:9300}], removed from nodes list

org.elasticsearch.transport.ConnectTransportException: [][127.0.0.1:9300] connect_timeout[30s]
	at org.elasticsearch.transport.netty.NettyTransport.connectToChannelsLight(NettyTransport.java:967) ~[elasticsearch-2.4.6.jar:2.4.6]
	at org.elasticsearch.transport.netty.NettyTransport.connectToNode(NettyTransport.java:933) ~[elasticsearch-2.4.6.jar:2.4.6]
	at org.elasticsearch.transport.netty.NettyTransport.connectToNodeLight(NettyTransport.java:906) ~[elasticsearch-2.4.6.jar:2.4.6]
	at org.elasticsearch.transport.TransportService.connectToNodeLight(TransportService.java:267) ~[elasticsearch-2.4.6.jar:2.4.6]
	at org.elasticsearch.client.transport.TransportClientNodesService$SimpleNodeSampler.doSample(TransportClientNodesService.java:390) ~[elasticsearch-2.4.6.jar:2.4.6]
	at org.elasticsearch.client.transport.TransportClientNodesService$NodeSampler.sample(TransportClientNodesService.java:336) [elasticsearch-2.4.6.jar:2.4.6]
	at org.elasticsearch.client.transport.TransportClientNodesService.addTransportAddresses(TransportClientNodesService.java:187) [elasticsearch-2.4.6.jar:2.4.6]
	at org.elasticsearch.client.transport.TransportClient.addTransportAddress(TransportClient.java:243) [elasticsearch-2.4.6.jar:2.4.6]
	at org.springframework.data.elasticsearch.client.TransportClientFactoryBean.buildClient(TransportClientFactoryBean.java:97) [spring-data-elasticsearch-2.1.10.RELEASE.jar:na]
	at org.springframework.data.elasticsearch.client.TransportClientFactoryBean.afterPropertiesSet(TransportClientFactoryBean.java:85) [spring-data-elasticsearch-2.1.10.RELEASE.jar:na]
	at org.springframework.boot.autoconfigure.data.elasticsearch.ElasticsearchAutoConfiguration.createTransportClient(ElasticsearchAutoConfiguration.java:116) [spring-boot-autoconfigure-1.5.10.RELEASE.jar:1.5.10.RELEASE]
	at org.springframework.boot.autoconfigure.data.elasticsearch.ElasticsearchAutoConfiguration.createClient(ElasticsearchAutoConfiguration.java:93) [spring-boot-autoconfigure-1.5.10.RELEASE.jar:1.5.10.RELEASE]
	at org.springframework.boot.autoconfigure.data.elasticsearch.ElasticsearchAutoConfiguration.elasticsearchClient(ElasticsearchAutoConfiguration.java:84) [spring-boot-autoconfigure-1.5.10.RELEASE.jar:1.5.10.RELEASE]
	at org.springframework.boot.autoconfigure.data.elasticsearch.ElasticsearchAutoConfiguration$$EnhancerBySpringCGLIB$$ae36ce0a.CGLIB$elasticsearchClient$1(<generated>) [spring-boot-autoconfigure-1.5.10.RELEASE.jar:1.5.10.RELEASE]
	at org.springframework.boot.autoconfigure.data.elasticsearch.ElasticsearchAutoConfiguration$$EnhancerBySpringCGLIB$$ae36ce0a$$FastClassBySpringCGLIB$$bdb66040.invoke(<generated>) [spring-boot-autoconfigure-1.5.10.RELEASE.jar:1.5.10.RELEASE]
	at org.springframework.cglib.proxy.MethodProxy.invokeSuper(MethodProxy.java:228) [spring-core-4.3.14.RELEASE.jar:4.3.14.RELEASE]
	at org.springframework.context.annotation.ConfigurationClassEnhancer$BeanMethodInterceptor.intercept(ConfigurationClassEnhancer.java:358) [spring-context-4.3.14.RELEASE.jar:4.3.14.RELEASE]
	at org.springframework.boot.autoconfigure.data.elasticsearch.ElasticsearchAutoConfiguration$$EnhancerBySpringCGLIB$$ae36ce0a.elasticsearchClient(<generated>) [spring-boot-autoconfigure-1.5.10.RELEASE.jar:1.5.10.RELEASE]
	at sun.reflect.NativeMethodAccessorImpl.invoke0(Native Method) ~[na:1.8.0_161]
	at sun.reflect.NativeMethodAccessorImpl.invoke(Unknown Source) ~[na:1.8.0_161]
	at sun.reflect.DelegatingMethodAccessorImpl.invoke(Unknown Source) ~[na:1.8.0_161]
	at java.lang.reflect.Method.invoke(Unknown Source) ~[na:1.8.0_161]
	at org.springframework.beans.factory.support.SimpleInstantiationStrategy.instantiate(SimpleInstantiationStrategy.java:162) [spring-beans-4.3.14.RELEASE.jar:4.3.14.RELEASE]
	at org.springframework.beans.factory.support.ConstructorResolver.instantiateUsingFactoryMethod(ConstructorResolver.java:588) [spring-beans-4.3.14.RELEASE.jar:4.3.14.RELEASE]
	at org.springframework.beans.factory.support.AbstractAutowireCapableBeanFactory.instantiateUsingFactoryMethod(AbstractAutowireCapableBeanFactory.java:1173) [spring-beans-4.3.14.RELEASE.jar:4.3.14.RELEASE]
	at org.springframework.beans.factory.support.AbstractAutowireCapableBeanFactory.createBeanInstance(AbstractAutowireCapableBeanFactory.java:1067) [spring-beans-4.3.14.RELEASE.jar:4.3.14.RELEASE]
	at org.springframework.beans.factory.support.AbstractAutowireCapableBeanFactory.doCreateBean(AbstractAutowireCapableBeanFactory.java:513) [spring-beans-4.3.14.RELEASE.jar:4.3.14.RELEASE]
	at org.springframework.beans.factory.support.AbstractAutowireCapableBeanFactory.createBean(AbstractAutowireCapableBeanFactory.java:483) [spring-beans-4.3.14.RELEASE.jar:4.3.14.RELEASE]
	at org.springframework.beans.factory.support.AbstractBeanFactory$1.getObject(AbstractBeanFactory.java:306) [spring-beans-4.3.14.RELEASE.jar:4.3.14.RELEASE]
	at org.springframework.beans.factory.support.DefaultSingletonBeanRegistry.getSingleton(DefaultSingletonBeanRegistry.java:230) [spring-beans-4.3.14.RELEASE.jar:4.3.14.RELEASE]
	at org.springframework.beans.factory.support.AbstractBeanFactory.doGetBean(AbstractBeanFactory.java:302) [spring-beans-4.3.14.RELEASE.jar:4.3.14.RELEASE]
	at org.springframework.beans.factory.support.AbstractBeanFactory.getBean(AbstractBeanFactory.java:202) [spring-beans-4.3.14.RELEASE.jar:4.3.14.RELEASE]
	at org.springframework.beans.factory.config.DependencyDescriptor.resolveCandidate(DependencyDescriptor.java:208) [spring-beans-4.3.14.RELEASE.jar:4.3.14.RELEASE]
	at org.springframework.beans.factory.support.DefaultListableBeanFactory.doResolveDependency(DefaultListableBeanFactory.java:1138) [spring-beans-4.3.14.RELEASE.jar:4.3.14.RELEASE]
	at org.springframework.beans.factory.support.DefaultListableBeanFactory.resolveDependency(DefaultListableBeanFactory.java:1066) [spring-beans-4.3.14.RELEASE.jar:4.3.14.RELEASE]
	at org.springframework.beans.factory.support.ConstructorResolver.resolveAutowiredArgument(ConstructorResolver.java:835) [spring-beans-4.3.14.RELEASE.jar:4.3.14.RELEASE]
	at org.springframework.beans.factory.support.ConstructorResolver.createArgumentArray(ConstructorResolver.java:741) [spring-beans-4.3.14.RELEASE.jar:4.3.14.RELEASE]
	at org.springframework.beans.factory.support.ConstructorResolver.instantiateUsingFactoryMethod(ConstructorResolver.java:467) [spring-beans-4.3.14.RELEASE.jar:4.3.14.RELEASE]
	at org.springframework.beans.factory.support.AbstractAutowireCapableBeanFactory.instantiateUsingFactoryMethod(AbstractAutowireCapableBeanFactory.java:1173) [spring-beans-4.3.14.RELEASE.jar:4.3.14.RELEASE]
	at org.springframework.beans.factory.support.AbstractAutowireCapableBeanFactory.createBeanInstance(AbstractAutowireCapableBeanFactory.java:1067) [spring-beans-4.3.14.RELEASE.jar:4.3.14.RELEASE]
	at org.springframework.beans.factory.support.AbstractAutowireCapableBeanFactory.doCreateBean(AbstractAutowireCapableBeanFactory.java:513) [spring-beans-4.3.14.RELEASE.jar:4.3.14.RELEASE]
	at org.springframework.beans.factory.support.AbstractAutowireCapableBeanFactory.createBean(AbstractAutowireCapableBeanFactory.java:483) [spring-beans-4.3.14.RELEASE.jar:4.3.14.RELEASE]
	at org.springframework.beans.factory.support.AbstractBeanFactory$1.getObject(AbstractBeanFactory.java:306) [spring-beans-4.3.14.RELEASE.jar:4.3.14.RELEASE]
	at org.springframework.beans.factory.support.DefaultSingletonBeanRegistry.getSingleton(DefaultSingletonBeanRegistry.java:230) [spring-beans-4.3.14.RELEASE.jar:4.3.14.RELEASE]
	at org.springframework.beans.factory.support.AbstractBeanFactory.doGetBean(AbstractBeanFactory.java:302) [spring-beans-4.3.14.RELEASE.jar:4.3.14.RELEASE]
	at org.springframework.beans.factory.support.AbstractBeanFactory.getBean(AbstractBeanFactory.java:197) [spring-beans-4.3.14.RELEASE.jar:4.3.14.RELEASE]
	at org.springframework.beans.factory.support.BeanDefinitionValueResolver.resolveReference(BeanDefinitionValueResolver.java:351) [spring-beans-4.3.14.RELEASE.jar:4.3.14.RELEASE]
	at org.springframework.beans.factory.support.BeanDefinitionValueResolver.resolveValueIfNecessary(BeanDefinitionValueResolver.java:108) [spring-beans-4.3.14.RELEASE.jar:4.3.14.RELEASE]
	at org.springframework.beans.factory.support.AbstractAutowireCapableBeanFactory.applyPropertyValues(AbstractAutowireCapableBeanFactory.java:1531) [spring-beans-4.3.14.RELEASE.jar:4.3.14.RELEASE]
	at org.springframework.beans.factory.support.AbstractAutowireCapableBeanFactory.populateBean(AbstractAutowireCapableBeanFactory.java:1276) [spring-beans-4.3.14.RELEASE.jar:4.3.14.RELEASE]
	at org.springframework.beans.factory.support.AbstractAutowireCapableBeanFactory.doCreateBean(AbstractAutowireCapableBeanFactory.java:553) [spring-beans-4.3.14.RELEASE.jar:4.3.14.RELEASE]
	at org.springframework.beans.factory.support.AbstractAutowireCapableBeanFactory.createBean(AbstractAutowireCapableBeanFactory.java:483) [spring-beans-4.3.14.RELEASE.jar:4.3.14.RELEASE]
	at org.springframework.beans.factory.support.AbstractBeanFactory$1.getObject(AbstractBeanFactory.java:306) [spring-beans-4.3.14.RELEASE.jar:4.3.14.RELEASE]
	at org.springframework.beans.factory.support.DefaultSingletonBeanRegistry.getSingleton(DefaultSingletonBeanRegistry.java:230) [spring-beans-4.3.14.RELEASE.jar:4.3.14.RELEASE]
	at org.springframework.beans.factory.support.AbstractBeanFactory.doGetBean(AbstractBeanFactory.java:302) [spring-beans-4.3.14.RELEASE.jar:4.3.14.RELEASE]
	at org.springframework.beans.factory.support.AbstractBeanFactory.getBean(AbstractBeanFactory.java:202) [spring-beans-4.3.14.RELEASE.jar:4.3.14.RELEASE]
	at org.springframework.beans.factory.config.DependencyDescriptor.resolveCandidate(DependencyDescriptor.java:208) [spring-beans-4.3.14.RELEASE.jar:4.3.14.RELEASE]
	at org.springframework.beans.factory.support.DefaultListableBeanFactory.doResolveDependency(DefaultListableBeanFactory.java:1138) [spring-beans-4.3.14.RELEASE.jar:4.3.14.RELEASE]
	at org.springframework.beans.factory.support.DefaultListableBeanFactory.resolveDependency(DefaultListableBeanFactory.java:1066) [spring-beans-4.3.14.RELEASE.jar:4.3.14.RELEASE]
	at org.springframework.beans.factory.support.ConstructorResolver.resolveAutowiredArgument(ConstructorResolver.java:835) [spring-beans-4.3.14.RELEASE.jar:4.3.14.RELEASE]
	at org.springframework.beans.factory.support.ConstructorResolver.createArgumentArray(ConstructorResolver.java:741) [spring-beans-4.3.14.RELEASE.jar:4.3.14.RELEASE]
	at org.springframework.beans.factory.support.ConstructorResolver.autowireConstructor(ConstructorResolver.java:189) [spring-beans-4.3.14.RELEASE.jar:4.3.14.RELEASE]
	at org.springframework.beans.factory.support.AbstractAutowireCapableBeanFactory.autowireConstructor(AbstractAutowireCapableBeanFactory.java:1193) [spring-beans-4.3.14.RELEASE.jar:4.3.14.RELEASE]
	at org.springframework.beans.factory.support.AbstractAutowireCapableBeanFactory.createBeanInstance(AbstractAutowireCapableBeanFactory.java:1095) [spring-beans-4.3.14.RELEASE.jar:4.3.14.RELEASE]
	at org.springframework.beans.factory.support.AbstractAutowireCapableBeanFactory.doCreateBean(AbstractAutowireCapableBeanFactory.java:513) [spring-beans-4.3.14.RELEASE.jar:4.3.14.RELEASE]
	at org.springframework.beans.factory.support.AbstractAutowireCapableBeanFactory.createBean(AbstractAutowireCapableBeanFactory.java:483) [spring-beans-4.3.14.RELEASE.jar:4.3.14.RELEASE]
	at org.springframework.beans.factory.support.AbstractBeanFactory$1.getObject(AbstractBeanFactory.java:306) [spring-beans-4.3.14.RELEASE.jar:4.3.14.RELEASE]
	at org.springframework.beans.factory.support.DefaultSingletonBeanRegistry.getSingleton(DefaultSingletonBeanRegistry.java:230) [spring-beans-4.3.14.RELEASE.jar:4.3.14.RELEASE]
	at org.springframework.beans.factory.support.AbstractBeanFactory.doGetBean(AbstractBeanFactory.java:302) [spring-beans-4.3.14.RELEASE.jar:4.3.14.RELEASE]
	at org.springframework.beans.factory.support.AbstractBeanFactory.getBean(AbstractBeanFactory.java:202) [spring-beans-4.3.14.RELEASE.jar:4.3.14.RELEASE]
	at org.springframework.beans.factory.config.DependencyDescriptor.resolveCandidate(DependencyDescriptor.java:208) [spring-beans-4.3.14.RELEASE.jar:4.3.14.RELEASE]
	at org.springframework.beans.factory.support.DefaultListableBeanFactory.doResolveDependency(DefaultListableBeanFactory.java:1138) [spring-beans-4.3.14.RELEASE.jar:4.3.14.RELEASE]
	at org.springframework.beans.factory.support.DefaultListableBeanFactory.resolveDependency(DefaultListableBeanFactory.java:1066) [spring-beans-4.3.14.RELEASE.jar:4.3.14.RELEASE]
	at org.springframework.beans.factory.annotation.AutowiredAnnotationBeanPostProcessor$AutowiredFieldElement.inject(AutowiredAnnotationBeanPostProcessor.java:585) [spring-beans-4.3.14.RELEASE.jar:4.3.14.RELEASE]
	at org.springframework.beans.factory.annotation.InjectionMetadata.inject(InjectionMetadata.java:88) [spring-beans-4.3.14.RELEASE.jar:4.3.14.RELEASE]
	at org.springframework.beans.factory.annotation.AutowiredAnnotationBeanPostProcessor.postProcessPropertyValues(AutowiredAnnotationBeanPostProcessor.java:366) [spring-beans-4.3.14.RELEASE.jar:4.3.14.RELEASE]
	at org.springframework.beans.factory.support.AbstractAutowireCapableBeanFactory.populateBean(AbstractAutowireCapableBeanFactory.java:1264) [spring-beans-4.3.14.RELEASE.jar:4.3.14.RELEASE]
	at org.springframework.beans.factory.support.AbstractAutowireCapableBeanFactory.doCreateBean(AbstractAutowireCapableBeanFactory.java:553) [spring-beans-4.3.14.RELEASE.jar:4.3.14.RELEASE]
	at org.springframework.beans.factory.support.AbstractAutowireCapableBeanFactory.createBean(AbstractAutowireCapableBeanFactory.java:483) [spring-beans-4.3.14.RELEASE.jar:4.3.14.RELEASE]
	at org.springframework.beans.factory.support.AbstractBeanFactory$1.getObject(AbstractBeanFactory.java:306) [spring-beans-4.3.14.RELEASE.jar:4.3.14.RELEASE]
	at org.springframework.beans.factory.support.DefaultSingletonBeanRegistry.getSingleton(DefaultSingletonBeanRegistry.java:230) [spring-beans-4.3.14.RELEASE.jar:4.3.14.RELEASE]
	at org.springframework.beans.factory.support.AbstractBeanFactory.doGetBean(AbstractBeanFactory.java:302) [spring-beans-4.3.14.RELEASE.jar:4.3.14.RELEASE]
	at org.springframework.beans.factory.support.AbstractBeanFactory.getBean(AbstractBeanFactory.java:197) [spring-beans-4.3.14.RELEASE.jar:4.3.14.RELEASE]
	at org.springframework.beans.factory.support.DefaultListableBeanFactory.preInstantiateSingletons(DefaultListableBeanFactory.java:761) [spring-beans-4.3.14.RELEASE.jar:4.3.14.RELEASE]
	at org.springframework.context.support.AbstractApplicationContext.finishBeanFactoryInitialization(AbstractApplicationContext.java:867) [spring-context-4.3.14.RELEASE.jar:4.3.14.RELEASE]
	at org.springframework.context.support.AbstractApplicationContext.refresh(AbstractApplicationContext.java:543) [spring-context-4.3.14.RELEASE.jar:4.3.14.RELEASE]
	at org.springframework.boot.SpringApplication.refresh(SpringApplication.java:693) [spring-boot-1.5.10.RELEASE.jar:1.5.10.RELEASE]
	at org.springframework.boot.SpringApplication.refreshContext(SpringApplication.java:360) [spring-boot-1.5.10.RELEASE.jar:1.5.10.RELEASE]
	at org.springframework.boot.SpringApplication.run(SpringApplication.java:303) [spring-boot-1.5.10.RELEASE.jar:1.5.10.RELEASE]
	at org.springframework.boot.test.context.SpringBootContextLoader.loadContext(SpringBootContextLoader.java:120) [spring-boot-test-1.5.10.RELEASE.jar:1.5.10.RELEASE]
	at org.springframework.test.context.cache.DefaultCacheAwareContextLoaderDelegate.loadContextInternal(DefaultCacheAwareContextLoaderDelegate.java:98) [spring-test-4.3.14.RELEASE.jar:4.3.14.RELEASE]
	at org.springframework.test.context.cache.DefaultCacheAwareContextLoaderDelegate.loadContext(DefaultCacheAwareContextLoaderDelegate.java:116) [spring-test-4.3.14.RELEASE.jar:4.3.14.RELEASE]
	at org.springframework.test.context.support.DefaultTestContext.getApplicationContext(DefaultTestContext.java:83) [spring-test-4.3.14.RELEASE.jar:4.3.14.RELEASE]
	at org.springframework.test.context.web.ServletTestExecutionListener.setUpRequestContextIfNecessary(ServletTestExecutionListener.java:189) [spring-test-4.3.14.RELEASE.jar:4.3.14.RELEASE]
	at org.springframework.test.context.web.ServletTestExecutionListener.prepareTestInstance(ServletTestExecutionListener.java:131) [spring-test-4.3.14.RELEASE.jar:4.3.14.RELEASE]
	at org.springframework.test.context.TestContextManager.prepareTestInstance(TestContextManager.java:230) [spring-test-4.3.14.RELEASE.jar:4.3.14.RELEASE]
	at org.springframework.test.context.junit4.SpringJUnit4ClassRunner.createTest(SpringJUnit4ClassRunner.java:228) [spring-test-4.3.14.RELEASE.jar:4.3.14.RELEASE]
	at org.springframework.test.context.junit4.SpringJUnit4ClassRunner$1.runReflectiveCall(SpringJUnit4ClassRunner.java:287) [spring-test-4.3.14.RELEASE.jar:4.3.14.RELEASE]
	at org.junit.internal.runners.model.ReflectiveCallable.run(ReflectiveCallable.java:12) [junit-4.12.jar:4.12]
	at org.springframework.test.context.junit4.SpringJUnit4ClassRunner.methodBlock(SpringJUnit4ClassRunner.java:289) [spring-test-4.3.14.RELEASE.jar:4.3.14.RELEASE]
	at org.springframework.test.context.junit4.SpringJUnit4ClassRunner.runChild(SpringJUnit4ClassRunner.java:247) [spring-test-4.3.14.RELEASE.jar:4.3.14.RELEASE]
	at org.springframework.test.context.junit4.SpringJUnit4ClassRunner.runChild(SpringJUnit4ClassRunner.java:94) [spring-test-4.3.14.RELEASE.jar:4.3.14.RELEASE]
	at org.junit.runners.ParentRunner$3.run(ParentRunner.java:290) [junit-4.12.jar:4.12]
	at org.junit.runners.ParentRunner$1.schedule(ParentRunner.java:71) [junit-4.12.jar:4.12]
	at org.junit.runners.ParentRunner.runChildren(ParentRunner.java:288) [junit-4.12.jar:4.12]
	at org.junit.runners.ParentRunner.access$000(ParentRunner.java:58) [junit-4.12.jar:4.12]
	at org.junit.runners.ParentRunner$2.evaluate(ParentRunner.java:268) [junit-4.12.jar:4.12]
	at org.springframework.test.context.junit4.statements.RunBeforeTestClassCallbacks.evaluate(RunBeforeTestClassCallbacks.java:61) [spring-test-4.3.14.RELEASE.jar:4.3.14.RELEASE]
	at org.springframework.test.context.junit4.statements.RunAfterTestClassCallbacks.evaluate(RunAfterTestClassCallbacks.java:70) [spring-test-4.3.14.RELEASE.jar:4.3.14.RELEASE]
	at org.junit.runners.ParentRunner.run(ParentRunner.java:363) [junit-4.12.jar:4.12]
	at org.springframework.test.context.junit4.SpringJUnit4ClassRunner.run(SpringJUnit4ClassRunner.java:191) [spring-test-4.3.14.RELEASE.jar:4.3.14.RELEASE]
	at org.apache.maven.surefire.junit4.JUnit4Provider.execute(JUnit4Provider.java:283) [surefire-junit4-2.18.1.jar:2.18.1]
	at org.apache.maven.surefire.junit4.JUnit4Provider.executeWithRerun(JUnit4Provider.java:173) [surefire-junit4-2.18.1.jar:2.18.1]
	at org.apache.maven.surefire.junit4.JUnit4Provider.executeTestSet(JUnit4Provider.java:153) [surefire-junit4-2.18.1.jar:2.18.1]
	at org.apache.maven.surefire.junit4.JUnit4Provider.invoke(JUnit4Provider.java:128) [surefire-junit4-2.18.1.jar:2.18.1]
	at org.apache.maven.surefire.booter.ForkedBooter.invokeProviderInSameClassLoader(ForkedBooter.java:203) [surefire-booter-2.18.1.jar:2.18.1]
	at org.apache.maven.surefire.booter.ForkedBooter.runSuitesInProcess(ForkedBooter.java:155) [surefire-booter-2.18.1.jar:2.18.1]
	at org.apache.maven.surefire.booter.ForkedBooter.main(ForkedBooter.java:103) [surefire-booter-2.18.1.jar:2.18.1]
Caused by: java.net.ConnectException: Connection refused: no further information: localhost/127.0.0.1:9300
	at sun.nio.ch.SocketChannelImpl.checkConnect(Native Method) ~[na:1.8.0_161]
	at sun.nio.ch.SocketChannelImpl.finishConnect(Unknown Source) ~[na:1.8.0_161]
	at org.jboss.netty.channel.socket.nio.NioClientBoss.connect(NioClientBoss.java:152) ~[netty-3.10.6.Final.jar:na]
	at org.jboss.netty.channel.socket.nio.NioClientBoss.processSelectedKeys(NioClientBoss.java:105) ~[netty-3.10.6.Final.jar:na]
	at org.jboss.netty.channel.socket.nio.NioClientBoss.process(NioClientBoss.java:79) ~[netty-3.10.6.Final.jar:na]
	at org.jboss.netty.channel.socket.nio.AbstractNioSelector.run(AbstractNioSelector.java:337) ~[netty-3.10.6.Final.jar:na]
	at org.jboss.netty.channel.socket.nio.NioClientBoss.run(NioClientBoss.java:42) ~[netty-3.10.6.Final.jar:na]
	at org.jboss.netty.util.ThreadRenamingRunnable.run(ThreadRenamingRunnable.java:108) ~[netty-3.10.6.Final.jar:na]
	at org.jboss.netty.util.internal.DeadLockProofWorker$1.run(DeadLockProofWorker.java:42) ~[netty-3.10.6.Final.jar:na]
	at java.util.concurrent.ThreadPoolExecutor.runWorker(Unknown Source) ~[na:1.8.0_161]
	at java.util.concurrent.ThreadPoolExecutor$Worker.run(Unknown Source) ~[na:1.8.0_161]
	at java.lang.Thread.run(Unknown Source) ~[na:1.8.0_161]

2018-04-29 20:20:03.456 ERROR 940 --- [           main] .d.e.r.s.AbstractElasticsearchRepository : failed to load elasticsearch nodes : org.elasticsearch.client.transport.NoNodeAvailableException: None of the configured nodes are available: [{#transport#-1}{localhost}{127.0.0.1:9300}]
2018-04-29 20:20:03.466 ERROR 940 --- [           main] .d.e.r.s.AbstractElasticsearchRepository : failed to load elasticsearch nodes : org.elasticsearch.client.transport.NoNodeAvailableException: None of the configured nodes are available: [{#transport#-1}{localhost}{127.0.0.1:9300}]
2018-04-29 20:20:03.485 ERROR 940 --- [           main] .d.e.r.s.AbstractElasticsearchRepository : failed to load elasticsearch nodes : org.elasticsearch.client.transport.NoNodeAvailableException: None of the configured nodes are available: [{#transport#-1}{localhost}{127.0.0.1:9300}]
2018-04-29 20:20:03.536  INFO 940 --- [           main] s.w.s.m.m.a.RequestMappingHandlerMapping : Mapped "{[/api/projects/name/{name}],methods=[GET]}" onto public org.springframework.http.ResponseEntity<elastest.loganalyzer.es.client.model.Project> elastest.loganalyzer.es.client.rest.ProjectRest.getByName(java.lang.String)
2018-04-29 20:20:03.537  INFO 940 --- [           main] s.w.s.m.m.a.RequestMappingHandlerMapping : Mapped "{[/api/projects],methods=[POST],consumes=[application/json]}" onto public org.springframework.http.ResponseEntity<java.lang.Integer> elastest.loganalyzer.es.client.rest.ProjectRest.post(elastest.loganalyzer.es.client.model.Project)
2018-04-29 20:20:03.537  INFO 940 --- [           main] s.w.s.m.m.a.RequestMappingHandlerMapping : Mapped "{[/api/projects/id/{id}],methods=[DELETE]}" onto public org.springframework.http.ResponseEntity<elastest.loganalyzer.es.client.model.Project> elastest.loganalyzer.es.client.rest.ProjectRest.deleteById(int)
2018-04-29 20:20:03.537  INFO 940 --- [           main] s.w.s.m.m.a.RequestMappingHandlerMapping : Mapped "{[/api/projects],methods=[GET]}" onto public org.springframework.http.ResponseEntity<java.util.List<elastest.loganalyzer.es.client.model.Project>> elastest.loganalyzer.es.client.rest.ProjectRest.getAll()
2018-04-29 20:20:03.538  INFO 940 --- [           main] s.w.s.m.m.a.RequestMappingHandlerMapping : Mapped "{[/api/diff],methods=[POST]}" onto public org.springframework.http.ResponseEntity<java.lang.String> elastest.loganalyzer.es.client.rest.DiffMatchPatchRest.postByDiffs(java.lang.String) throws org.json.JSONException
2018-04-29 20:20:03.539  INFO 940 --- [           main] s.w.s.m.m.a.RequestMappingHandlerMapping : Mapped "{[/api/executions/project/{project}],methods=[GET]}" onto public org.springframework.http.ResponseEntity<java.util.List<elastest.loganalyzer.es.client.model.Execution>> elastest.loganalyzer.es.client.rest.ExecutionRest.getByProject(java.lang.String)
2018-04-29 20:20:03.539  INFO 940 --- [           main] s.w.s.m.m.a.RequestMappingHandlerMapping : Mapped "{[/api/executions/id/{id}],methods=[DELETE]}" onto public org.springframework.http.ResponseEntity<elastest.loganalyzer.es.client.model.Execution> elastest.loganalyzer.es.client.rest.ExecutionRest.deleteById(int)
2018-04-29 20:20:03.539  INFO 940 --- [           main] s.w.s.m.m.a.RequestMappingHandlerMapping : Mapped "{[/api/executions/id/{id}],methods=[GET]}" onto public org.springframework.http.ResponseEntity<elastest.loganalyzer.es.client.model.Execution> elastest.loganalyzer.es.client.rest.ExecutionRest.getById(int)
2018-04-29 20:20:03.540  INFO 940 --- [           main] s.w.s.m.m.a.RequestMappingHandlerMapping : Mapped "{[/api/files],methods=[POST]}" onto public org.springframework.http.ResponseEntity<java.lang.String> elastest.loganalyzer.es.client.rest.FileRest.postProject(java.lang.String)
2018-04-29 20:20:03.540  INFO 940 --- [           main] s.w.s.m.m.a.RequestMappingHandlerMapping : Mapped "{[/api/files/file],methods=[POST]}" onto public org.springframework.http.ResponseEntity<java.lang.String> elastest.loganalyzer.es.client.rest.FileRest.postByUpload(java.util.List<org.springframework.web.multipart.MultipartFile>)
2018-04-29 20:20:03.540  INFO 940 --- [           main] s.w.s.m.m.a.RequestMappingHandlerMapping : Mapped "{[/api/files/url],methods=[POST]}" onto public java.util.List<java.lang.String> elastest.loganalyzer.es.client.rest.FileRest.postByUrl(java.lang.String) throws java.lang.Exception
2018-04-29 20:20:03.541  INFO 940 --- [           main] s.w.s.m.m.a.RequestMappingHandlerMapping : Mapped "{[/api/logs/test/{test}],methods=[DELETE]}" onto public org.springframework.http.ResponseEntity<java.lang.String> elastest.loganalyzer.es.client.rest.LogRest.deleteByTestAndProject(int,java.lang.String)
2018-04-29 20:20:03.541  INFO 940 --- [           main] s.w.s.m.m.a.RequestMappingHandlerMapping : Mapped "{[/api/logs/logger/{logger}],methods=[GET]}" onto public org.springframework.http.ResponseEntity<java.util.List<?>> elastest.loganalyzer.es.client.rest.LogRest.getByLogger(java.lang.String,java.lang.String,int,java.lang.String)
2018-04-29 20:20:03.542  INFO 940 --- [           main] s.w.s.m.m.a.RequestMappingHandlerMapping : Mapped "{[/api/logs/test/{test}],methods=[GET]}" onto public org.springframework.http.ResponseEntity<java.util.List<?>> elastest.loganalyzer.es.client.rest.LogRest.getByTest(int,java.lang.String,boolean,boolean)
2018-04-29 20:20:03.543  INFO 940 --- [           main] s.w.s.m.m.a.RequestMappingHandlerMapping : Mapped "{[/error]}" onto public org.springframework.http.ResponseEntity<java.util.Map<java.lang.String, java.lang.Object>> org.springframework.boot.autoconfigure.web.BasicErrorController.error(javax.servlet.http.HttpServletRequest)
2018-04-29 20:20:03.543  INFO 940 --- [           main] s.w.s.m.m.a.RequestMappingHandlerMapping : Mapped "{[/error],produces=[text/html]}" onto public org.springframework.web.servlet.ModelAndView org.springframework.boot.autoconfigure.web.BasicErrorController.errorHtml(javax.servlet.http.HttpServletRequest,javax.servlet.http.HttpServletResponse)
2018-04-29 20:20:03.625  INFO 940 --- [           main] s.w.s.m.m.a.RequestMappingHandlerAdapter : Looking for @ControllerAdvice: org.springframework.web.context.support.GenericWebApplicationContext@6b64429e: startup date [Sun Apr 29 20:20:02 CEST 2018]; root of context hierarchy
2018-04-29 20:20:03.820  INFO 940 --- [           main] e.l.es.client.rest.ProjectRestTest       : Started ProjectRestTest in 1.751 seconds (JVM running for 13.865)
2018-04-29 20:20:03.825  INFO 940 --- [           main] o.s.b.t.m.w.SpringBootMockServletContext : Initializing Spring FrameworkServlet ''
2018-04-29 20:20:03.825  INFO 940 --- [           main] o.s.t.web.servlet.TestDispatcherServlet  : FrameworkServlet '': initialization started
2018-04-29 20:20:03.847  INFO 940 --- [           main] o.s.t.web.servlet.TestDispatcherServlet  : FrameworkServlet '': initialization completed in 22 ms
]]></system-out>
  </testcase>
  <testcase name="getAll" classname="elastest.loganalyzer.es.client.rest.ProjectRestTest" time="0.006">
    <error message="Request processing failed; nested exception is NoNodeAvailableException[None of the configured nodes are available: [{#transport#-1}{localhost}{127.0.0.1:9300}]]" type="org.springframework.web.util.NestedServletException">org.springframework.web.util.NestedServletException: Request processing failed; nested exception is NoNodeAvailableException[None of the configured nodes are available: [{#transport#-1}{localhost}{127.0.0.1:9300}]]
	at org.elasticsearch.client.transport.TransportClientNodesService.ensureNodesAreAvailable(TransportClientNodesService.java:326)
	at org.elasticsearch.client.transport.TransportClientNodesService.execute(TransportClientNodesService.java:223)
	at org.elasticsearch.client.transport.support.TransportProxyClient.execute(TransportProxyClient.java:55)
	at org.elasticsearch.client.transport.TransportClient.doExecute(TransportClient.java:295)
	at org.elasticsearch.client.support.AbstractClient.execute(AbstractClient.java:359)
	at org.elasticsearch.action.count.CountRequestBuilder.execute(CountRequestBuilder.java:158)
	at org.elasticsearch.action.ActionRequestBuilder.execute(ActionRequestBuilder.java:56)
	at org.springframework.data.elasticsearch.core.ElasticsearchTemplate.doCount(ElasticsearchTemplate.java:467)
	at org.springframework.data.elasticsearch.core.ElasticsearchTemplate.count(ElasticsearchTemplate.java:446)
	at org.springframework.data.elasticsearch.repository.support.AbstractElasticsearchRepository.count(AbstractElasticsearchRepository.java:141)
	at org.springframework.data.elasticsearch.repository.support.AbstractElasticsearchRepository.findAll(AbstractElasticsearchRepository.java:105)
	at sun.reflect.NativeMethodAccessorImpl.invoke0(Native Method)
	at sun.reflect.NativeMethodAccessorImpl.invoke(Unknown Source)
	at sun.reflect.DelegatingMethodAccessorImpl.invoke(Unknown Source)
	at java.lang.reflect.Method.invoke(Unknown Source)
	at org.springframework.data.repository.core.support.RepositoryFactorySupport$QueryExecutorMethodInterceptor.executeMethodOn(RepositoryFactorySupport.java:513)
	at org.springframework.data.repository.core.support.RepositoryFactorySupport$QueryExecutorMethodInterceptor.doInvoke(RepositoryFactorySupport.java:498)
	at org.springframework.data.repository.core.support.RepositoryFactorySupport$QueryExecutorMethodInterceptor.invoke(RepositoryFactorySupport.java:475)
	at org.springframework.aop.framework.ReflectiveMethodInvocation.proceed(ReflectiveMethodInvocation.java:179)
	at org.springframework.data.projection.DefaultMethodInvokingMethodInterceptor.invoke(DefaultMethodInvokingMethodInterceptor.java:56)
	at org.springframework.aop.framework.ReflectiveMethodInvocation.proceed(ReflectiveMethodInvocation.java:179)
	at org.springframework.aop.interceptor.ExposeInvocationInterceptor.invoke(ExposeInvocationInterceptor.java:92)
	at org.springframework.aop.framework.ReflectiveMethodInvocation.proceed(ReflectiveMethodInvocation.java:179)
	at org.springframework.data.repository.core.support.SurroundingTransactionDetectorMethodInterceptor.invoke(SurroundingTransactionDetectorMethodInterceptor.java:57)
	at org.springframework.aop.framework.ReflectiveMethodInvocation.proceed(ReflectiveMethodInvocation.java:179)
	at org.springframework.aop.framework.JdkDynamicAopProxy.invoke(JdkDynamicAopProxy.java:213)
	at com.sun.proxy.$Proxy82.findAll(Unknown Source)
	at sun.reflect.NativeMethodAccessorImpl.invoke0(Native Method)
	at sun.reflect.NativeMethodAccessorImpl.invoke(Unknown Source)
	at sun.reflect.DelegatingMethodAccessorImpl.invoke(Unknown Source)
	at java.lang.reflect.Method.invoke(Unknown Source)
	at org.springframework.aop.support.AopUtils.invokeJoinpointUsingReflection(AopUtils.java:333)
	at org.springframework.aop.framework.ReflectiveMethodInvocation.invokeJoinpoint(ReflectiveMethodInvocation.java:190)
	at org.springframework.aop.framework.ReflectiveMethodInvocation.proceed(ReflectiveMethodInvocation.java:157)
	at org.springframework.dao.support.PersistenceExceptionTranslationInterceptor.invoke(PersistenceExceptionTranslationInterceptor.java:136)
	at org.springframework.aop.framework.ReflectiveMethodInvocation.proceed(ReflectiveMethodInvocation.java:179)
	at org.springframework.aop.framework.JdkDynamicAopProxy.invoke(JdkDynamicAopProxy.java:213)
	at com.sun.proxy.$Proxy82.findAll(Unknown Source)
	at elastest.loganalyzer.es.client.service.ProjectService.findAll(ProjectService.java:24)
	at elastest.loganalyzer.es.client.rest.ProjectRest.getAll(ProjectRest.java:34)
	at sun.reflect.NativeMethodAccessorImpl.invoke0(Native Method)
	at sun.reflect.NativeMethodAccessorImpl.invoke(Unknown Source)
	at sun.reflect.DelegatingMethodAccessorImpl.invoke(Unknown Source)
	at java.lang.reflect.Method.invoke(Unknown Source)
	at org.springframework.web.method.support.InvocableHandlerMethod.doInvoke(InvocableHandlerMethod.java:205)
	at org.springframework.web.method.support.InvocableHandlerMethod.invokeForRequest(InvocableHandlerMethod.java:133)
	at org.springframework.web.servlet.mvc.method.annotation.ServletInvocableHandlerMethod.invokeAndHandle(ServletInvocableHandlerMethod.java:97)
	at org.springframework.web.servlet.mvc.method.annotation.RequestMappingHandlerAdapter.invokeHandlerMethod(RequestMappingHandlerAdapter.java:827)
	at org.springframework.web.servlet.mvc.method.annotation.RequestMappingHandlerAdapter.handleInternal(RequestMappingHandlerAdapter.java:738)
	at org.springframework.web.servlet.mvc.method.AbstractHandlerMethodAdapter.handle(AbstractHandlerMethodAdapter.java:85)
	at org.springframework.web.servlet.DispatcherServlet.doDispatch(DispatcherServlet.java:967)
	at org.springframework.web.servlet.DispatcherServlet.doService(DispatcherServlet.java:901)
	at org.springframework.web.servlet.FrameworkServlet.processRequest(FrameworkServlet.java:970)
	at org.springframework.web.servlet.FrameworkServlet.doGet(FrameworkServlet.java:861)
	at javax.servlet.http.HttpServlet.service(HttpServlet.java:635)
	at org.springframework.web.servlet.FrameworkServlet.service(FrameworkServlet.java:846)
	at org.springframework.test.web.servlet.TestDispatcherServlet.service(TestDispatcherServlet.java:65)
	at javax.servlet.http.HttpServlet.service(HttpServlet.java:742)
	at org.springframework.mock.web.MockFilterChain$ServletFilterProxy.doFilter(MockFilterChain.java:160)
	at org.springframework.mock.web.MockFilterChain.doFilter(MockFilterChain.java:127)
	at org.springframework.test.web.servlet.MockMvc.perform(MockMvc.java:155)
	at elastest.loganalyzer.es.client.rest.ProjectRestTest.getAll(ProjectRestTest.java:41)
</error>
    <system-out><![CDATA[2018-04-29 20:20:03.903  INFO 940 --- [           main] o.s.b.t.m.w.SpringBootMockServletContext : Initializing Spring FrameworkServlet ''
2018-04-29 20:20:03.903  INFO 940 --- [           main] o.s.t.web.servlet.TestDispatcherServlet  : FrameworkServlet '': initialization started
2018-04-29 20:20:03.906  INFO 940 --- [           main] o.s.t.web.servlet.TestDispatcherServlet  : FrameworkServlet '': initialization completed in 3 ms
]]></system-out>
  </testcase>
  <testcase name="getByName" classname="elastest.loganalyzer.es.client.rest.ProjectRestTest" time="0.003"/>
</testsuite>